INFO  Configured Java source version (sonar.java.source): 14
INFO  JavaClasspath initialization
INFO  JavaClasspath initialization (done) | time=16ms
INFO  JavaTestClasspath initialization
INFO  JavaTestClasspath initialization (done) | time=1ms
INFO  Java Main Files AST scan
INFO  318 source files to be analyzed
INFO  318/318 source files have been analyzed
INFO  Java Main Files AST scan (done) | time=9125ms
INFO  Java Test Files AST scan
INFO  0 source files to be analyzed
INFO  Java Test Files AST scan (done) | time=1ms
INFO  Java Generated Files AST scan
INFO  0/0 source files have been analyzed
INFO  0 source files to be analyzed
INFO  Java Generated Files AST scan (done) | time=0ms
INFO  0/0 source files have been analyzed
-----Number of fixes------
UnclosedResourcesProcessor: 6
-----End of report------
INFO  Configured Java source version (sonar.java.source): 14
INFO  JavaClasspath initialization
INFO  JavaClasspath initialization (done) | time=0ms
INFO  JavaTestClasspath initialization
INFO  JavaTestClasspath initialization (done) | time=0ms
INFO  Java Main Files AST scan
INFO  318 source files to be analyzed
ERROR Unable to parse source file : 'wdtk-testing/src/main/java/org/wikidata/wdtk/testing/MockStringContentFactory.java'
ERROR Parse error at line 174 column 118: Syntax error on token ")", Block expected after this token
INFO  Java Main Files AST scan (done) | time=6218ms
INFO  318/318 source files have been analyzed
INFO  Java Test Files AST scan
INFO  0 source files to be analyzed
INFO  Java Test Files AST scan (done) | time=1ms
INFO  0/0 source files have been analyzed
INFO  Java Generated Files AST scan
INFO  0 source files to be analyzed
INFO  Java Generated Files AST scan (done) | time=0ms
INFO  0/0 source files have been analyzed
