SLF4J: Failed to load class "org.slf4j.impl.StaticLoggerBinder".
SLF4J: Defaulting to no-operation (NOP) logger implementation
SLF4J: See http://www.slf4j.org/codes.html#StaticLoggerBinder for further details.
spoon.SpoonException: Cannot compare this: [190, 3261] with other: ["459", "4723"]
	at spoon.support.sniper.internal.ElementSourceFragment.compare(ElementSourceFragment.java:359)
	at spoon.support.sniper.internal.ElementSourceFragment.add(ElementSourceFragment.java:273)
	at spoon.support.sniper.internal.ElementSourceFragment.addNextSibling(ElementSourceFragment.java:313)
	at spoon.support.sniper.internal.ElementSourceFragment.add(ElementSourceFragment.java:277)
	at spoon.support.sniper.internal.ElementSourceFragment.addNextSibling(ElementSourceFragment.java:313)
	at spoon.support.sniper.internal.ElementSourceFragment.add(ElementSourceFragment.java:277)
	at spoon.support.sniper.internal.ElementSourceFragment.addNextSibling(ElementSourceFragment.java:313)
	at spoon.support.sniper.internal.ElementSourceFragment.add(ElementSourceFragment.java:277)
	at spoon.support.sniper.internal.ElementSourceFragment.addNextSibling(ElementSourceFragment.java:313)
	at spoon.support.sniper.internal.ElementSourceFragment.add(ElementSourceFragment.java:277)
	at spoon.support.sniper.internal.ElementSourceFragment.addChild(ElementSourceFragment.java:305)
	at spoon.support.sniper.internal.ElementSourceFragment.addChild(ElementSourceFragment.java:241)
	at spoon.support.sniper.internal.ElementSourceFragment.access$000(ElementSourceFragment.java:51)
	at spoon.support.sniper.internal.ElementSourceFragment$1.enter(ElementSourceFragment.java:200)
	at spoon.reflect.visitor.CtScanner.visitCtClass(CtScanner.java:331)
	at spoon.support.reflect.declaration.CtClassImpl.accept(CtClassImpl.java:58)
	at spoon.reflect.visitor.EarlyTerminatingScanner.doScan(EarlyTerminatingScanner.java:145)
	at spoon.reflect.visitor.EarlyTerminatingScanner.scan(EarlyTerminatingScanner.java:121)
	at spoon.reflect.visitor.CtScanner.scan(CtScanner.java:170)
	at spoon.reflect.visitor.EarlyTerminatingScanner.scan(EarlyTerminatingScanner.java:106)
	at spoon.reflect.visitor.EarlyTerminatingScanner.scan(EarlyTerminatingScanner.java:83)
	at spoon.reflect.visitor.EarlyTerminatingScanner.visitCtCompilationUnit(EarlyTerminatingScanner.java:160)
	at spoon.support.reflect.declaration.CtCompilationUnitImpl.accept(CtCompilationUnitImpl.java:407)
	at spoon.reflect.visitor.EarlyTerminatingScanner.doScan(EarlyTerminatingScanner.java:145)
	at spoon.reflect.visitor.EarlyTerminatingScanner.scan(EarlyTerminatingScanner.java:121)
	at spoon.reflect.visitor.CtScanner.scan(CtScanner.java:170)
	at spoon.reflect.visitor.EarlyTerminatingScanner.scan(EarlyTerminatingScanner.java:106)
	at spoon.support.sniper.internal.ElementSourceFragment.createSourceFragmentsFrom(ElementSourceFragment.java:228)
	at spoon.support.reflect.declaration.CtCompilationUnitImpl.getOriginalSourceFragment(CtCompilationUnitImpl.java:359)
	at spoon.support.modelobs.SourceFragmentCreator.onChange(SourceFragmentCreator.java:32)
	at spoon.support.modelobs.ChangeCollector$ChangeListener.onListDeleteAll(ChangeCollector.java:205)
	at spoon.support.util.ModelList.clear(ModelList.java:159)
	at spoon.support.util.ModelList.set(ModelList.java:55)
	at spoon.support.reflect.code.CtBlockImpl.setStatements(CtBlockImpl.java:164)
	at spoon.support.visitor.replace.ReplacementVisitor$CtStatementListStatementsReplaceListener.set(ReplacementVisitor.java:1061)
	at spoon.support.visitor.replace.ReplacementVisitor$CtStatementListStatementsReplaceListener.set(ReplacementVisitor.java:1052)
	at spoon.support.visitor.replace.ReplacementVisitor.replaceInListIfExist(ReplacementVisitor.java:1446)
	at spoon.support.visitor.replace.ReplacementVisitor.visitCtBlock(ReplacementVisitor.java:1559)
	at spoon.support.reflect.code.CtBlockImpl.accept(CtBlockImpl.java:58)
	at spoon.reflect.visitor.CtScanner.scan(CtScanner.java:178)
	at spoon.support.visitor.replace.ReplacementVisitor.replace(ReplacementVisitor.java:1355)
	at spoon.support.reflect.declaration.CtElementImpl.replace(CtElementImpl.java:469)
	at spoon.support.reflect.declaration.CtElementImpl.delete(CtElementImpl.java:224)
	at sorald.processor.UnclosedResourcesProcessor.createCtTryWithResource(UnclosedResourcesProcessor.java:83)
	at sorald.processor.UnclosedResourcesProcessor.repairInternal(UnclosedResourcesProcessor.java:31)
	at sorald.processor.UnclosedResourcesProcessor.repairInternal(UnclosedResourcesProcessor.java:16)
	at sorald.processor.SoraldAbstractProcessor.repair(SoraldAbstractProcessor.java:87)
	at sorald.processor.SoraldAbstractProcessor.process(SoraldAbstractProcessor.java:142)
	at spoon.support.visitor.ProcessingVisitor.scan(ProcessingVisitor.java:72)
	at spoon.reflect.visitor.CtScanner.scan(CtScanner.java:170)
	at spoon.reflect.visitor.CtScanner.visitCtLocalVariable(CtScanner.java:532)
	at spoon.support.reflect.code.CtLocalVariableImpl.accept(CtLocalVariableImpl.java:51)
	at spoon.reflect.visitor.CtScanner.scan(CtScanner.java:178)
	at spoon.support.visitor.ProcessingVisitor.scan(ProcessingVisitor.java:68)
	at spoon.reflect.visitor.CtScanner.scan(CtScanner.java:170)
	at spoon.reflect.visitor.CtScanner.scan(CtScanner.java:143)
	at spoon.reflect.visitor.CtScanner.visitCtBlock(CtScanner.java:300)
	at spoon.support.reflect.code.CtBlockImpl.accept(CtBlockImpl.java:58)
	at spoon.reflect.visitor.CtScanner.scan(CtScanner.java:178)
	at spoon.support.visitor.ProcessingVisitor.scan(ProcessingVisitor.java:68)
	at spoon.reflect.visitor.CtScanner.scan(CtScanner.java:170)
	at spoon.reflect.visitor.CtScanner.visitCtMethod(CtScanner.java:566)
	at spoon.support.reflect.declaration.CtMethodImpl.accept(CtMethodImpl.java:58)
	at spoon.reflect.visitor.CtScanner.scan(CtScanner.java:178)
	at spoon.support.visitor.ProcessingVisitor.scan(ProcessingVisitor.java:68)
	at spoon.reflect.visitor.CtScanner.scan(CtScanner.java:170)
	at spoon.reflect.visitor.CtScanner.scan(CtScanner.java:143)
	at spoon.reflect.visitor.CtScanner.visitCtClass(CtScanner.java:336)
	at spoon.support.reflect.declaration.CtClassImpl.accept(CtClassImpl.java:58)
	at spoon.reflect.visitor.CtScanner.scan(CtScanner.java:178)
	at spoon.support.visitor.ProcessingVisitor.scan(ProcessingVisitor.java:68)
	at spoon.support.QueueProcessingManager.process(QueueProcessingManager.java:118)
	at sorald.Repair.repairModelWithInitializedProcessor(Repair.java:256)
	at sorald.Repair.defaultRepair(Repair.java:167)
	at sorald.Repair.repair(Repair.java:146)
	at sorald.Repair.repair(Repair.java:91)
	at sorald.cli.RepairCommand.call(RepairCommand.java:121)
	at sorald.cli.RepairCommand.call(RepairCommand.java:27)
	at picocli.CommandLine.executeUserObject(CommandLine.java:1933)
	at picocli.CommandLine.access$1200(CommandLine.java:145)
	at picocli.CommandLine$RunLast.executeUserObjectOfLastSubcommandWithSameParent(CommandLine.java:2332)
	at picocli.CommandLine$RunLast.handle(CommandLine.java:2326)
	at picocli.CommandLine$RunLast.handle(CommandLine.java:2291)
	at picocli.CommandLine$AbstractParseResultHandler.execute(CommandLine.java:2159)
	at picocli.CommandLine.execute(CommandLine.java:2058)
	at sorald.Main.main(Main.java:7)
spoon.SpoonException: Cannot compare this: [458, 3261] with other: ["504", "3894"]
	at spoon.support.sniper.internal.ElementSourceFragment.compare(ElementSourceFragment.java:359)
	at spoon.support.sniper.internal.ElementSourceFragment.add(ElementSourceFragment.java:273)
	at spoon.support.sniper.internal.ElementSourceFragment.addNextSibling(ElementSourceFragment.java:313)
	at spoon.support.sniper.internal.ElementSourceFragment.add(ElementSourceFragment.java:277)
	at spoon.support.sniper.internal.ElementSourceFragment.addNextSibling(ElementSourceFragment.java:313)
	at spoon.support.sniper.internal.ElementSourceFragment.add(ElementSourceFragment.java:277)
	at spoon.support.sniper.internal.ElementSourceFragment.addNextSibling(ElementSourceFragment.java:313)
	at spoon.support.sniper.internal.ElementSourceFragment.add(ElementSourceFragment.java:277)
	at spoon.support.sniper.internal.ElementSourceFragment.addNextSibling(ElementSourceFragment.java:313)
	at spoon.support.sniper.internal.ElementSourceFragment.add(ElementSourceFragment.java:277)
	at spoon.support.sniper.internal.ElementSourceFragment.addNextSibling(ElementSourceFragment.java:313)
	at spoon.support.sniper.internal.ElementSourceFragment.add(ElementSourceFragment.java:277)
	at spoon.support.sniper.internal.ElementSourceFragment.addNextSibling(ElementSourceFragment.java:313)
	at spoon.support.sniper.internal.ElementSourceFragment.add(ElementSourceFragment.java:277)
	at spoon.support.sniper.internal.ElementSourceFragment.addNextSibling(ElementSourceFragment.java:313)
	at spoon.support.sniper.internal.ElementSourceFragment.add(ElementSourceFragment.java:277)
	at spoon.support.sniper.internal.ElementSourceFragment.addNextSibling(ElementSourceFragment.java:313)
	at spoon.support.sniper.internal.ElementSourceFragment.add(ElementSourceFragment.java:277)
	at spoon.support.sniper.internal.ElementSourceFragment.addNextSibling(ElementSourceFragment.java:313)
	at spoon.support.sniper.internal.ElementSourceFragment.add(ElementSourceFragment.java:277)
	at spoon.support.sniper.internal.ElementSourceFragment.addNextSibling(ElementSourceFragment.java:313)
	at spoon.support.sniper.internal.ElementSourceFragment.add(ElementSourceFragment.java:277)
	at spoon.support.sniper.internal.ElementSourceFragment.addNextSibling(ElementSourceFragment.java:313)
	at spoon.support.sniper.internal.ElementSourceFragment.add(ElementSourceFragment.java:277)
	at spoon.support.sniper.internal.ElementSourceFragment.addNextSibling(ElementSourceFragment.java:313)
	at spoon.support.sniper.internal.ElementSourceFragment.add(ElementSourceFragment.java:277)
	at spoon.support.sniper.internal.ElementSourceFragment.addChild(ElementSourceFragment.java:305)
	at spoon.support.sniper.internal.ElementSourceFragment.addChild(ElementSourceFragment.java:241)
	at spoon.support.sniper.internal.ElementSourceFragment.access$000(ElementSourceFragment.java:51)
	at spoon.support.sniper.internal.ElementSourceFragment$1.enter(ElementSourceFragment.java:200)
	at spoon.reflect.visitor.CtScanner.visitCtClass(CtScanner.java:331)
	at spoon.support.reflect.declaration.CtClassImpl.accept(CtClassImpl.java:58)
	at spoon.reflect.visitor.EarlyTerminatingScanner.doScan(EarlyTerminatingScanner.java:145)
	at spoon.reflect.visitor.EarlyTerminatingScanner.scan(EarlyTerminatingScanner.java:121)
	at spoon.reflect.visitor.CtScanner.scan(CtScanner.java:170)
	at spoon.reflect.visitor.EarlyTerminatingScanner.scan(EarlyTerminatingScanner.java:106)
	at spoon.reflect.visitor.EarlyTerminatingScanner.scan(EarlyTerminatingScanner.java:83)
	at spoon.reflect.visitor.EarlyTerminatingScanner.visitCtCompilationUnit(EarlyTerminatingScanner.java:160)
	at spoon.support.reflect.declaration.CtCompilationUnitImpl.accept(CtCompilationUnitImpl.java:407)
	at spoon.reflect.visitor.EarlyTerminatingScanner.doScan(EarlyTerminatingScanner.java:145)
	at spoon.reflect.visitor.EarlyTerminatingScanner.scan(EarlyTerminatingScanner.java:121)
	at spoon.reflect.visitor.CtScanner.scan(CtScanner.java:170)
	at spoon.reflect.visitor.EarlyTerminatingScanner.scan(EarlyTerminatingScanner.java:106)
	at spoon.support.sniper.internal.ElementSourceFragment.createSourceFragmentsFrom(ElementSourceFragment.java:228)
	at spoon.support.reflect.declaration.CtCompilationUnitImpl.getOriginalSourceFragment(CtCompilationUnitImpl.java:359)
	at spoon.support.modelobs.SourceFragmentCreator.onChange(SourceFragmentCreator.java:32)
	at spoon.support.modelobs.ChangeCollector$ChangeListener.onListDeleteAll(ChangeCollector.java:205)
	at spoon.support.util.ModelList.clear(ModelList.java:159)
	at spoon.support.util.ModelList.set(ModelList.java:55)
	at spoon.support.reflect.code.CtBlockImpl.setStatements(CtBlockImpl.java:164)
	at spoon.support.visitor.replace.ReplacementVisitor$CtStatementListStatementsReplaceListener.set(ReplacementVisitor.java:1061)
	at spoon.support.visitor.replace.ReplacementVisitor$CtStatementListStatementsReplaceListener.set(ReplacementVisitor.java:1052)
	at spoon.support.visitor.replace.ReplacementVisitor.replaceInListIfExist(ReplacementVisitor.java:1446)
	at spoon.support.visitor.replace.ReplacementVisitor.visitCtBlock(ReplacementVisitor.java:1559)
	at spoon.support.reflect.code.CtBlockImpl.accept(CtBlockImpl.java:58)
	at spoon.reflect.visitor.CtScanner.scan(CtScanner.java:178)
	at spoon.support.visitor.replace.ReplacementVisitor.replace(ReplacementVisitor.java:1355)
	at spoon.support.reflect.declaration.CtElementImpl.replace(CtElementImpl.java:469)
	at spoon.support.reflect.declaration.CtElementImpl.delete(CtElementImpl.java:224)
	at sorald.processor.UnclosedResourcesProcessor.createCtTryWithResource(UnclosedResourcesProcessor.java:83)
	at sorald.processor.UnclosedResourcesProcessor.repairInternal(UnclosedResourcesProcessor.java:31)
	at sorald.processor.UnclosedResourcesProcessor.repairInternal(UnclosedResourcesProcessor.java:16)
	at sorald.processor.SoraldAbstractProcessor.repair(SoraldAbstractProcessor.java:87)
	at sorald.processor.SoraldAbstractProcessor.process(SoraldAbstractProcessor.java:142)
	at spoon.support.visitor.ProcessingVisitor.scan(ProcessingVisitor.java:72)
	at spoon.reflect.visitor.CtScanner.scan(CtScanner.java:170)
	at spoon.reflect.visitor.CtScanner.visitCtLocalVariable(CtScanner.java:532)
	at spoon.support.reflect.code.CtLocalVariableImpl.accept(CtLocalVariableImpl.java:51)
	at spoon.reflect.visitor.CtScanner.scan(CtScanner.java:178)
	at spoon.support.visitor.ProcessingVisitor.scan(ProcessingVisitor.java:68)
	at spoon.reflect.visitor.CtScanner.scan(CtScanner.java:170)
	at spoon.reflect.visitor.CtScanner.scan(CtScanner.java:143)
	at spoon.reflect.visitor.CtScanner.visitCtBlock(CtScanner.java:300)
	at spoon.support.reflect.code.CtBlockImpl.accept(CtBlockImpl.java:58)
	at spoon.reflect.visitor.CtScanner.scan(CtScanner.java:178)
	at spoon.support.visitor.ProcessingVisitor.scan(ProcessingVisitor.java:68)
	at spoon.reflect.visitor.CtScanner.scan(CtScanner.java:170)
	at spoon.reflect.visitor.CtScanner.visitCtMethod(CtScanner.java:566)
	at spoon.support.reflect.declaration.CtMethodImpl.accept(CtMethodImpl.java:58)
	at spoon.reflect.visitor.CtScanner.scan(CtScanner.java:178)
	at spoon.support.visitor.ProcessingVisitor.scan(ProcessingVisitor.java:68)
	at spoon.reflect.visitor.CtScanner.scan(CtScanner.java:170)
	at spoon.reflect.visitor.CtScanner.scan(CtScanner.java:143)
	at spoon.reflect.visitor.CtScanner.visitCtClass(CtScanner.java:336)
	at spoon.support.reflect.declaration.CtClassImpl.accept(CtClassImpl.java:58)
	at spoon.reflect.visitor.CtScanner.scan(CtScanner.java:178)
	at spoon.support.visitor.ProcessingVisitor.scan(ProcessingVisitor.java:68)
	at spoon.support.QueueProcessingManager.process(QueueProcessingManager.java:118)
	at sorald.Repair.repairModelWithInitializedProcessor(Repair.java:256)
	at sorald.Repair.defaultRepair(Repair.java:167)
	at sorald.Repair.repair(Repair.java:146)
	at sorald.Repair.repair(Repair.java:91)
	at sorald.cli.RepairCommand.call(RepairCommand.java:121)
	at sorald.cli.RepairCommand.call(RepairCommand.java:27)
	at picocli.CommandLine.executeUserObject(CommandLine.java:1933)
	at picocli.CommandLine.access$1200(CommandLine.java:145)
	at picocli.CommandLine$RunLast.executeUserObjectOfLastSubcommandWithSameParent(CommandLine.java:2332)
	at picocli.CommandLine$RunLast.handle(CommandLine.java:2326)
	at picocli.CommandLine$RunLast.handle(CommandLine.java:2291)
	at picocli.CommandLine$AbstractParseResultHandler.execute(CommandLine.java:2159)
	at picocli.CommandLine.execute(CommandLine.java:2058)
	at sorald.Main.main(Main.java:7)
spoon.SpoonException: Cannot compare this: [458, 3261] with other: ["504", "3894"]
	at spoon.support.sniper.internal.ElementSourceFragment.compare(ElementSourceFragment.java:359)
	at spoon.support.sniper.internal.ElementSourceFragment.add(ElementSourceFragment.java:273)
	at spoon.support.sniper.internal.ElementSourceFragment.addNextSibling(ElementSourceFragment.java:313)
	at spoon.support.sniper.internal.ElementSourceFragment.add(ElementSourceFragment.java:277)
	at spoon.support.sniper.internal.ElementSourceFragment.addNextSibling(ElementSourceFragment.java:313)
	at spoon.support.sniper.internal.ElementSourceFragment.add(ElementSourceFragment.java:277)
	at spoon.support.sniper.internal.ElementSourceFragment.addNextSibling(ElementSourceFragment.java:313)
	at spoon.support.sniper.internal.ElementSourceFragment.add(ElementSourceFragment.java:277)
	at spoon.support.sniper.internal.ElementSourceFragment.addNextSibling(ElementSourceFragment.java:313)
	at spoon.support.sniper.internal.ElementSourceFragment.add(ElementSourceFragment.java:277)
	at spoon.support.sniper.internal.ElementSourceFragment.addNextSibling(ElementSourceFragment.java:313)
	at spoon.support.sniper.internal.ElementSourceFragment.add(ElementSourceFragment.java:277)
	at spoon.support.sniper.internal.ElementSourceFragment.addNextSibling(ElementSourceFragment.java:313)
	at spoon.support.sniper.internal.ElementSourceFragment.add(ElementSourceFragment.java:277)
	at spoon.support.sniper.internal.ElementSourceFragment.addNextSibling(ElementSourceFragment.java:313)
	at spoon.support.sniper.internal.ElementSourceFragment.add(ElementSourceFragment.java:277)
	at spoon.support.sniper.internal.ElementSourceFragment.addNextSibling(ElementSourceFragment.java:313)
	at spoon.support.sniper.internal.ElementSourceFragment.add(ElementSourceFragment.java:277)
	at spoon.support.sniper.internal.ElementSourceFragment.addNextSibling(ElementSourceFragment.java:313)
	at spoon.support.sniper.internal.ElementSourceFragment.add(ElementSourceFragment.java:277)
	at spoon.support.sniper.internal.ElementSourceFragment.addNextSibling(ElementSourceFragment.java:313)
	at spoon.support.sniper.internal.ElementSourceFragment.add(ElementSourceFragment.java:277)
	at spoon.support.sniper.internal.ElementSourceFragment.addNextSibling(ElementSourceFragment.java:313)
	at spoon.support.sniper.internal.ElementSourceFragment.add(ElementSourceFragment.java:277)
	at spoon.support.sniper.internal.ElementSourceFragment.addNextSibling(ElementSourceFragment.java:313)
	at spoon.support.sniper.internal.ElementSourceFragment.add(ElementSourceFragment.java:277)
	at spoon.support.sniper.internal.ElementSourceFragment.addChild(ElementSourceFragment.java:305)
	at spoon.support.sniper.internal.ElementSourceFragment.addChild(ElementSourceFragment.java:241)
	at spoon.support.sniper.internal.ElementSourceFragment.access$000(ElementSourceFragment.java:51)
	at spoon.support.sniper.internal.ElementSourceFragment$1.enter(ElementSourceFragment.java:200)
	at spoon.reflect.visitor.CtScanner.visitCtClass(CtScanner.java:331)
	at spoon.support.reflect.declaration.CtClassImpl.accept(CtClassImpl.java:58)
	at spoon.reflect.visitor.EarlyTerminatingScanner.doScan(EarlyTerminatingScanner.java:145)
	at spoon.reflect.visitor.EarlyTerminatingScanner.scan(EarlyTerminatingScanner.java:121)
	at spoon.reflect.visitor.CtScanner.scan(CtScanner.java:170)
	at spoon.reflect.visitor.EarlyTerminatingScanner.scan(EarlyTerminatingScanner.java:106)
	at spoon.reflect.visitor.EarlyTerminatingScanner.scan(EarlyTerminatingScanner.java:83)
	at spoon.reflect.visitor.EarlyTerminatingScanner.visitCtCompilationUnit(EarlyTerminatingScanner.java:160)
	at spoon.support.reflect.declaration.CtCompilationUnitImpl.accept(CtCompilationUnitImpl.java:407)
	at spoon.reflect.visitor.EarlyTerminatingScanner.doScan(EarlyTerminatingScanner.java:145)
	at spoon.reflect.visitor.EarlyTerminatingScanner.scan(EarlyTerminatingScanner.java:121)
	at spoon.reflect.visitor.CtScanner.scan(CtScanner.java:170)
	at spoon.reflect.visitor.EarlyTerminatingScanner.scan(EarlyTerminatingScanner.java:106)
	at spoon.support.sniper.internal.ElementSourceFragment.createSourceFragmentsFrom(ElementSourceFragment.java:228)
	at spoon.support.reflect.declaration.CtCompilationUnitImpl.getOriginalSourceFragment(CtCompilationUnitImpl.java:359)
	at spoon.support.sniper.internal.IndentationDetector.detectIndentation(IndentationDetector.java:34)
	at spoon.support.sniper.SniperJavaPrettyPrinter.calculate(SniperJavaPrettyPrinter.java:139)
	at spoon.support.sniper.SniperJavaPrettyPrinter.printTypes(SniperJavaPrettyPrinter.java:118)
	at sorald.Repair.writeModel(Repair.java:306)
	at sorald.Repair.lambda$repair$0(Repair.java:93)
	at java.base/java.util.stream.Streams$StreamBuilderImpl.forEachRemaining(Streams.java:411)
	at java.base/java.util.stream.ReferencePipeline$Head.forEach(ReferencePipeline.java:658)
	at sorald.Repair.repair(Repair.java:93)
	at sorald.cli.RepairCommand.call(RepairCommand.java:121)
	at sorald.cli.RepairCommand.call(RepairCommand.java:27)
	at picocli.CommandLine.executeUserObject(CommandLine.java:1933)
	at picocli.CommandLine.access$1200(CommandLine.java:145)
	at picocli.CommandLine$RunLast.executeUserObjectOfLastSubcommandWithSameParent(CommandLine.java:2332)
	at picocli.CommandLine$RunLast.handle(CommandLine.java:2326)
	at picocli.CommandLine$RunLast.handle(CommandLine.java:2291)
	at picocli.CommandLine$AbstractParseResultHandler.execute(CommandLine.java:2159)
	at picocli.CommandLine.execute(CommandLine.java:2058)
	at sorald.Main.main(Main.java:7)
