SLF4J: Failed to load class "org.slf4j.impl.StaticLoggerBinder".
SLF4J: Defaulting to no-operation (NOP) logger implementation
SLF4J: See http://www.slf4j.org/codes.html#StaticLoggerBinder for further details.
java.lang.NullPointerException
	at sorald.processor.CastArithmeticOperandProcessor.isExpIntAndOrLong(CastArithmeticOperandProcessor.java:140)
	at sorald.processor.CastArithmeticOperandProcessor.canRepairInternal(CastArithmeticOperandProcessor.java:24)
	at sorald.processor.CastArithmeticOperandProcessor.canRepairInternal(CastArithmeticOperandProcessor.java:15)
	at sorald.processor.SoraldAbstractProcessor.canRepair(SoraldAbstractProcessor.java:68)
	at sorald.sonar.GreedyBestFitScanner.enter(GreedyBestFitScanner.java:78)
	at spoon.reflect.visitor.CtScanner.visitCtBinaryOperator(CtScanner.java:287)
	at spoon.support.reflect.code.CtBinaryOperatorImpl.accept(CtBinaryOperatorImpl.java:34)
	at spoon.reflect.visitor.CtScanner.scan(CtScanner.java:178)
	at spoon.reflect.visitor.CtScanner.scan(CtScanner.java:170)
	at spoon.reflect.visitor.CtScanner.scan(CtScanner.java:143)
	at spoon.reflect.visitor.CtScanner.visitCtInvocation(CtScanner.java:505)
	at spoon.support.reflect.code.CtInvocationImpl.accept(CtInvocationImpl.java:46)
	at spoon.reflect.visitor.CtScanner.scan(CtScanner.java:178)
	at spoon.reflect.visitor.CtScanner.scan(CtScanner.java:170)
	at spoon.reflect.visitor.CtScanner.visitCtForEach(CtScanner.java:473)
	at spoon.support.reflect.code.CtForEachImpl.accept(CtForEachImpl.java:30)
	at spoon.reflect.visitor.CtScanner.scan(CtScanner.java:178)
	at spoon.reflect.visitor.CtScanner.scan(CtScanner.java:170)
	at spoon.reflect.visitor.CtScanner.scan(CtScanner.java:143)
	at spoon.reflect.visitor.CtScanner.visitCtBlock(CtScanner.java:300)
	at spoon.support.reflect.code.CtBlockImpl.accept(CtBlockImpl.java:58)
	at spoon.reflect.visitor.CtScanner.scan(CtScanner.java:178)
	at spoon.reflect.visitor.CtScanner.scan(CtScanner.java:170)
	at spoon.reflect.visitor.CtScanner.visitCtMethod(CtScanner.java:566)
	at spoon.support.reflect.declaration.CtMethodImpl.accept(CtMethodImpl.java:58)
	at spoon.reflect.visitor.CtScanner.scan(CtScanner.java:178)
	at spoon.reflect.visitor.CtScanner.scan(CtScanner.java:170)
	at spoon.reflect.visitor.CtScanner.scan(CtScanner.java:143)
	at spoon.reflect.visitor.CtScanner.visitCtClass(CtScanner.java:336)
	at spoon.support.reflect.declaration.CtClassImpl.accept(CtClassImpl.java:58)
	at spoon.reflect.visitor.CtScanner.scan(CtScanner.java:178)
	at spoon.reflect.visitor.CtScanner.scan(CtScanner.java:170)
	at spoon.reflect.visitor.CtScanner.scan(CtScanner.java:143)
	at spoon.reflect.visitor.CtScanner.visitCtPackage(CtScanner.java:656)
	at spoon.support.reflect.declaration.CtPackageImpl.accept(CtPackageImpl.java:89)
	at spoon.reflect.visitor.CtScanner.scan(CtScanner.java:178)
	at spoon.reflect.visitor.CtScanner.scan(CtScanner.java:170)
	at spoon.reflect.visitor.CtScanner.scan(CtScanner.java:143)
	at spoon.reflect.visitor.CtScanner.visitCtPackage(CtScanner.java:655)
	at spoon.support.reflect.declaration.CtPackageImpl.accept(CtPackageImpl.java:89)
	at spoon.reflect.visitor.CtScanner.scan(CtScanner.java:178)
	at spoon.reflect.visitor.CtScanner.scan(CtScanner.java:170)
	at spoon.reflect.visitor.CtScanner.scan(CtScanner.java:143)
	at spoon.reflect.visitor.CtScanner.visitCtPackage(CtScanner.java:655)
	at spoon.support.reflect.declaration.CtPackageImpl.accept(CtPackageImpl.java:89)
	at spoon.reflect.visitor.CtScanner.scan(CtScanner.java:178)
	at spoon.reflect.visitor.CtScanner.scan(CtScanner.java:170)
	at spoon.reflect.visitor.CtScanner.scan(CtScanner.java:143)
	at spoon.reflect.visitor.CtScanner.visitCtPackage(CtScanner.java:655)
	at spoon.support.reflect.declaration.CtPackageImpl.accept(CtPackageImpl.java:89)
	at spoon.reflect.visitor.CtScanner.scan(CtScanner.java:178)
	at spoon.reflect.visitor.CtScanner.scan(CtScanner.java:170)
	at spoon.reflect.visitor.CtScanner.scan(CtScanner.java:143)
	at spoon.reflect.visitor.CtScanner.visitCtPackage(CtScanner.java:655)
	at spoon.support.reflect.declaration.CtPackageImpl.accept(CtPackageImpl.java:89)
	at spoon.reflect.visitor.CtScanner.scan(CtScanner.java:178)
	at spoon.reflect.visitor.CtScanner.scan(CtScanner.java:170)
	at spoon.reflect.visitor.CtScanner.visitCtModule(CtScanner.java:941)
	at spoon.reflect.factory.ModuleFactory$CtUnnamedModule.accept(ModuleFactory.java:96)
	at spoon.reflect.visitor.CtScanner.scan(CtScanner.java:178)
	at sorald.sonar.GreedyBestFitScanner.calculateBestFits(GreedyBestFitScanner.java:52)
	at sorald.Repair.lambda$repairModelWithInitializedProcessor$7(Repair.java:270)
	at java.base/java.util.stream.ReferencePipeline$3$1.accept(ReferencePipeline.java:195)
	at java.base/java.util.HashMap$KeySpliterator.forEachRemaining(HashMap.java:1603)
	at java.base/java.util.stream.AbstractPipeline.copyInto(AbstractPipeline.java:484)
	at java.base/java.util.stream.AbstractPipeline.wrapAndCopyInto(AbstractPipeline.java:474)
	at java.base/java.util.stream.ForEachOps$ForEachOp.evaluateSequential(ForEachOps.java:150)
	at java.base/java.util.stream.ForEachOps$ForEachOp$OfRef.evaluateSequential(ForEachOps.java:173)
	at java.base/java.util.stream.AbstractPipeline.evaluate(AbstractPipeline.java:234)
	at java.base/java.util.stream.ReferencePipeline.forEach(ReferencePipeline.java:497)
	at sorald.Repair.repairModelWithInitializedProcessor(Repair.java:273)
	at sorald.Repair.defaultRepair(Repair.java:176)
	at sorald.Repair.repair(Repair.java:153)
	at sorald.Repair.repair(Repair.java:97)
	at sorald.cli.RepairCommand.call(RepairCommand.java:123)
	at sorald.cli.RepairCommand.call(RepairCommand.java:27)
	at picocli.CommandLine.executeUserObject(CommandLine.java:1933)
	at picocli.CommandLine.access$1200(CommandLine.java:145)
	at picocli.CommandLine$RunLast.executeUserObjectOfLastSubcommandWithSameParent(CommandLine.java:2332)
	at picocli.CommandLine$RunLast.handle(CommandLine.java:2326)
	at picocli.CommandLine$RunLast.handle(CommandLine.java:2291)
	at picocli.CommandLine$AbstractParseResultHandler.execute(CommandLine.java:2159)
	at picocli.CommandLine.execute(CommandLine.java:2058)
	at sorald.Main.main(Main.java:7)
java.lang.NullPointerException
	at sorald.processor.CastArithmeticOperandProcessor.isExpIntAndOrLong(CastArithmeticOperandProcessor.java:140)
	at sorald.processor.CastArithmeticOperandProcessor.canRepairInternal(CastArithmeticOperandProcessor.java:24)
	at sorald.processor.CastArithmeticOperandProcessor.canRepairInternal(CastArithmeticOperandProcessor.java:15)
	at sorald.processor.SoraldAbstractProcessor.canRepair(SoraldAbstractProcessor.java:68)
	at sorald.sonar.GreedyBestFitScanner.enter(GreedyBestFitScanner.java:78)
	at spoon.reflect.visitor.CtScanner.visitCtBinaryOperator(CtScanner.java:287)
	at spoon.support.reflect.code.CtBinaryOperatorImpl.accept(CtBinaryOperatorImpl.java:34)
	at spoon.reflect.visitor.CtScanner.scan(CtScanner.java:178)
	at spoon.reflect.visitor.CtScanner.scan(CtScanner.java:170)
	at spoon.reflect.visitor.CtScanner.visitCtBinaryOperator(CtScanner.java:292)
	at spoon.support.reflect.code.CtBinaryOperatorImpl.accept(CtBinaryOperatorImpl.java:34)
	at spoon.reflect.visitor.CtScanner.scan(CtScanner.java:178)
	at spoon.reflect.visitor.CtScanner.scan(CtScanner.java:170)
	at spoon.reflect.visitor.CtScanner.visitCtFor(CtScanner.java:462)
	at spoon.support.reflect.code.CtForImpl.accept(CtForImpl.java:40)
	at spoon.reflect.visitor.CtScanner.scan(CtScanner.java:178)
	at spoon.reflect.visitor.CtScanner.scan(CtScanner.java:170)
	at spoon.reflect.visitor.CtScanner.scan(CtScanner.java:143)
	at spoon.reflect.visitor.CtScanner.visitCtBlock(CtScanner.java:300)
	at spoon.support.reflect.code.CtBlockImpl.accept(CtBlockImpl.java:58)
	at spoon.reflect.visitor.CtScanner.scan(CtScanner.java:178)
	at spoon.reflect.visitor.CtScanner.scan(CtScanner.java:170)
	at spoon.reflect.visitor.CtScanner.visitCtMethod(CtScanner.java:566)
	at spoon.support.reflect.declaration.CtMethodImpl.accept(CtMethodImpl.java:58)
	at spoon.reflect.visitor.CtScanner.scan(CtScanner.java:178)
	at spoon.reflect.visitor.CtScanner.scan(CtScanner.java:170)
	at spoon.reflect.visitor.CtScanner.scan(CtScanner.java:143)
	at spoon.reflect.visitor.CtScanner.visitCtClass(CtScanner.java:336)
	at spoon.support.reflect.declaration.CtClassImpl.accept(CtClassImpl.java:58)
	at spoon.reflect.visitor.CtScanner.scan(CtScanner.java:178)
	at spoon.reflect.visitor.CtScanner.scan(CtScanner.java:170)
	at spoon.reflect.visitor.CtScanner.scan(CtScanner.java:143)
	at spoon.reflect.visitor.CtScanner.visitCtPackage(CtScanner.java:656)
	at spoon.support.reflect.declaration.CtPackageImpl.accept(CtPackageImpl.java:89)
	at spoon.reflect.visitor.CtScanner.scan(CtScanner.java:178)
	at spoon.reflect.visitor.CtScanner.scan(CtScanner.java:170)
	at spoon.reflect.visitor.CtScanner.scan(CtScanner.java:143)
	at spoon.reflect.visitor.CtScanner.visitCtPackage(CtScanner.java:655)
	at spoon.support.reflect.declaration.CtPackageImpl.accept(CtPackageImpl.java:89)
	at spoon.reflect.visitor.CtScanner.scan(CtScanner.java:178)
	at spoon.reflect.visitor.CtScanner.scan(CtScanner.java:170)
	at spoon.reflect.visitor.CtScanner.scan(CtScanner.java:143)
	at spoon.reflect.visitor.CtScanner.visitCtPackage(CtScanner.java:655)
	at spoon.support.reflect.declaration.CtPackageImpl.accept(CtPackageImpl.java:89)
	at spoon.reflect.visitor.CtScanner.scan(CtScanner.java:178)
	at spoon.reflect.visitor.CtScanner.scan(CtScanner.java:170)
	at spoon.reflect.visitor.CtScanner.scan(CtScanner.java:143)
	at spoon.reflect.visitor.CtScanner.visitCtPackage(CtScanner.java:655)
	at spoon.support.reflect.declaration.CtPackageImpl.accept(CtPackageImpl.java:89)
	at spoon.reflect.visitor.CtScanner.scan(CtScanner.java:178)
	at spoon.reflect.visitor.CtScanner.scan(CtScanner.java:170)
	at spoon.reflect.visitor.CtScanner.scan(CtScanner.java:143)
	at spoon.reflect.visitor.CtScanner.visitCtPackage(CtScanner.java:655)
	at spoon.support.reflect.declaration.CtPackageImpl.accept(CtPackageImpl.java:89)
	at spoon.reflect.visitor.CtScanner.scan(CtScanner.java:178)
	at spoon.reflect.visitor.CtScanner.scan(CtScanner.java:170)
	at spoon.reflect.visitor.CtScanner.visitCtModule(CtScanner.java:941)
	at spoon.reflect.factory.ModuleFactory$CtUnnamedModule.accept(ModuleFactory.java:96)
	at spoon.reflect.visitor.CtScanner.scan(CtScanner.java:178)
	at sorald.sonar.GreedyBestFitScanner.calculateBestFits(GreedyBestFitScanner.java:52)
	at sorald.Repair.lambda$repairModelWithInitializedProcessor$7(Repair.java:270)
	at java.base/java.util.stream.ReferencePipeline$3$1.accept(ReferencePipeline.java:195)
	at java.base/java.util.HashMap$KeySpliterator.forEachRemaining(HashMap.java:1603)
	at java.base/java.util.stream.AbstractPipeline.copyInto(AbstractPipeline.java:484)
	at java.base/java.util.stream.AbstractPipeline.wrapAndCopyInto(AbstractPipeline.java:474)
	at java.base/java.util.stream.ForEachOps$ForEachOp.evaluateSequential(ForEachOps.java:150)
	at java.base/java.util.stream.ForEachOps$ForEachOp$OfRef.evaluateSequential(ForEachOps.java:173)
	at java.base/java.util.stream.AbstractPipeline.evaluate(AbstractPipeline.java:234)
	at java.base/java.util.stream.ReferencePipeline.forEach(ReferencePipeline.java:497)
	at sorald.Repair.repairModelWithInitializedProcessor(Repair.java:273)
	at sorald.Repair.defaultRepair(Repair.java:176)
	at sorald.Repair.repair(Repair.java:153)
	at sorald.Repair.repair(Repair.java:97)
	at sorald.cli.RepairCommand.call(RepairCommand.java:123)
	at sorald.cli.RepairCommand.call(RepairCommand.java:27)
	at picocli.CommandLine.executeUserObject(CommandLine.java:1933)
	at picocli.CommandLine.access$1200(CommandLine.java:145)
	at picocli.CommandLine$RunLast.executeUserObjectOfLastSubcommandWithSameParent(CommandLine.java:2332)
	at picocli.CommandLine$RunLast.handle(CommandLine.java:2326)
	at picocli.CommandLine$RunLast.handle(CommandLine.java:2291)
	at picocli.CommandLine$AbstractParseResultHandler.execute(CommandLine.java:2159)
	at picocli.CommandLine.execute(CommandLine.java:2058)
	at sorald.Main.main(Main.java:7)
java.lang.NullPointerException
	at sorald.processor.CastArithmeticOperandProcessor.isExpIntAndOrLong(CastArithmeticOperandProcessor.java:140)
	at sorald.processor.CastArithmeticOperandProcessor.canRepairInternal(CastArithmeticOperandProcessor.java:24)
	at sorald.processor.CastArithmeticOperandProcessor.canRepairInternal(CastArithmeticOperandProcessor.java:15)
	at sorald.processor.SoraldAbstractProcessor.canRepair(SoraldAbstractProcessor.java:68)
	at sorald.sonar.GreedyBestFitScanner.enter(GreedyBestFitScanner.java:78)
	at spoon.reflect.visitor.CtScanner.visitCtBinaryOperator(CtScanner.java:287)
	at spoon.support.reflect.code.CtBinaryOperatorImpl.accept(CtBinaryOperatorImpl.java:34)
	at spoon.reflect.visitor.CtScanner.scan(CtScanner.java:178)
	at spoon.reflect.visitor.CtScanner.scan(CtScanner.java:170)
	at spoon.reflect.visitor.CtScanner.scan(CtScanner.java:143)
	at spoon.reflect.visitor.CtScanner.visitCtInvocation(CtScanner.java:505)
	at spoon.support.reflect.code.CtInvocationImpl.accept(CtInvocationImpl.java:46)
	at spoon.reflect.visitor.CtScanner.scan(CtScanner.java:178)
	at spoon.reflect.visitor.CtScanner.scan(CtScanner.java:170)
	at spoon.reflect.visitor.CtScanner.visitCtInvocation(CtScanner.java:503)
	at spoon.support.reflect.code.CtInvocationImpl.accept(CtInvocationImpl.java:46)
	at spoon.reflect.visitor.CtScanner.scan(CtScanner.java:178)
	at spoon.reflect.visitor.CtScanner.scan(CtScanner.java:170)
	at spoon.reflect.visitor.CtScanner.visitCtInvocation(CtScanner.java:503)
	at spoon.support.reflect.code.CtInvocationImpl.accept(CtInvocationImpl.java:46)
	at spoon.reflect.visitor.CtScanner.scan(CtScanner.java:178)
	at spoon.reflect.visitor.CtScanner.scan(CtScanner.java:170)
	at spoon.reflect.visitor.CtScanner.scan(CtScanner.java:143)
	at spoon.reflect.visitor.CtScanner.visitCtInvocation(CtScanner.java:505)
	at spoon.support.reflect.code.CtInvocationImpl.accept(CtInvocationImpl.java:46)
	at spoon.reflect.visitor.CtScanner.scan(CtScanner.java:178)
	at spoon.reflect.visitor.CtScanner.scan(CtScanner.java:170)
	at spoon.reflect.visitor.CtScanner.scan(CtScanner.java:143)
	at spoon.reflect.visitor.CtScanner.visitCtBlock(CtScanner.java:300)
	at spoon.support.reflect.code.CtBlockImpl.accept(CtBlockImpl.java:58)
	at spoon.reflect.visitor.CtScanner.scan(CtScanner.java:178)
	at spoon.reflect.visitor.CtScanner.scan(CtScanner.java:170)
	at spoon.reflect.visitor.CtScanner.visitCtFor(CtScanner.java:464)
	at spoon.support.reflect.code.CtForImpl.accept(CtForImpl.java:40)
	at spoon.reflect.visitor.CtScanner.scan(CtScanner.java:178)
	at spoon.reflect.visitor.CtScanner.scan(CtScanner.java:170)
	at spoon.reflect.visitor.CtScanner.scan(CtScanner.java:143)
	at spoon.reflect.visitor.CtScanner.visitCtBlock(CtScanner.java:300)
	at spoon.support.reflect.code.CtBlockImpl.accept(CtBlockImpl.java:58)
	at spoon.reflect.visitor.CtScanner.scan(CtScanner.java:178)
	at spoon.reflect.visitor.CtScanner.scan(CtScanner.java:170)
	at spoon.reflect.visitor.CtScanner.visitCtMethod(CtScanner.java:566)
	at spoon.support.reflect.declaration.CtMethodImpl.accept(CtMethodImpl.java:58)
	at spoon.reflect.visitor.CtScanner.scan(CtScanner.java:178)
	at spoon.reflect.visitor.CtScanner.scan(CtScanner.java:170)
	at spoon.reflect.visitor.CtScanner.scan(CtScanner.java:143)
	at spoon.reflect.visitor.CtScanner.visitCtClass(CtScanner.java:336)
	at spoon.support.reflect.declaration.CtClassImpl.accept(CtClassImpl.java:58)
	at spoon.reflect.visitor.CtScanner.scan(CtScanner.java:178)
	at spoon.reflect.visitor.CtScanner.scan(CtScanner.java:170)
	at spoon.reflect.visitor.CtScanner.scan(CtScanner.java:143)
	at spoon.reflect.visitor.CtScanner.visitCtPackage(CtScanner.java:656)
	at spoon.support.reflect.declaration.CtPackageImpl.accept(CtPackageImpl.java:89)
	at spoon.reflect.visitor.CtScanner.scan(CtScanner.java:178)
	at spoon.reflect.visitor.CtScanner.scan(CtScanner.java:170)
	at spoon.reflect.visitor.CtScanner.scan(CtScanner.java:143)
	at spoon.reflect.visitor.CtScanner.visitCtPackage(CtScanner.java:655)
	at spoon.support.reflect.declaration.CtPackageImpl.accept(CtPackageImpl.java:89)
	at spoon.reflect.visitor.CtScanner.scan(CtScanner.java:178)
	at spoon.reflect.visitor.CtScanner.scan(CtScanner.java:170)
	at spoon.reflect.visitor.CtScanner.scan(CtScanner.java:143)
	at spoon.reflect.visitor.CtScanner.visitCtPackage(CtScanner.java:655)
	at spoon.support.reflect.declaration.CtPackageImpl.accept(CtPackageImpl.java:89)
	at spoon.reflect.visitor.CtScanner.scan(CtScanner.java:178)
	at spoon.reflect.visitor.CtScanner.scan(CtScanner.java:170)
	at spoon.reflect.visitor.CtScanner.scan(CtScanner.java:143)
	at spoon.reflect.visitor.CtScanner.visitCtPackage(CtScanner.java:655)
	at spoon.support.reflect.declaration.CtPackageImpl.accept(CtPackageImpl.java:89)
	at spoon.reflect.visitor.CtScanner.scan(CtScanner.java:178)
	at spoon.reflect.visitor.CtScanner.scan(CtScanner.java:170)
	at spoon.reflect.visitor.CtScanner.scan(CtScanner.java:143)
	at spoon.reflect.visitor.CtScanner.visitCtPackage(CtScanner.java:655)
	at spoon.support.reflect.declaration.CtPackageImpl.accept(CtPackageImpl.java:89)
	at spoon.reflect.visitor.CtScanner.scan(CtScanner.java:178)
	at spoon.reflect.visitor.CtScanner.scan(CtScanner.java:170)
	at spoon.reflect.visitor.CtScanner.visitCtModule(CtScanner.java:941)
	at spoon.reflect.factory.ModuleFactory$CtUnnamedModule.accept(ModuleFactory.java:96)
	at spoon.reflect.visitor.CtScanner.scan(CtScanner.java:178)
	at sorald.sonar.GreedyBestFitScanner.calculateBestFits(GreedyBestFitScanner.java:52)
	at sorald.Repair.lambda$repairModelWithInitializedProcessor$7(Repair.java:270)
	at java.base/java.util.stream.ReferencePipeline$3$1.accept(ReferencePipeline.java:195)
	at java.base/java.util.HashMap$KeySpliterator.forEachRemaining(HashMap.java:1603)
	at java.base/java.util.stream.AbstractPipeline.copyInto(AbstractPipeline.java:484)
	at java.base/java.util.stream.AbstractPipeline.wrapAndCopyInto(AbstractPipeline.java:474)
	at java.base/java.util.stream.ForEachOps$ForEachOp.evaluateSequential(ForEachOps.java:150)
	at java.base/java.util.stream.ForEachOps$ForEachOp$OfRef.evaluateSequential(ForEachOps.java:173)
	at java.base/java.util.stream.AbstractPipeline.evaluate(AbstractPipeline.java:234)
	at java.base/java.util.stream.ReferencePipeline.forEach(ReferencePipeline.java:497)
	at sorald.Repair.repairModelWithInitializedProcessor(Repair.java:273)
	at sorald.Repair.defaultRepair(Repair.java:176)
	at sorald.Repair.repair(Repair.java:153)
	at sorald.Repair.repair(Repair.java:97)
	at sorald.cli.RepairCommand.call(RepairCommand.java:123)
	at sorald.cli.RepairCommand.call(RepairCommand.java:27)
	at picocli.CommandLine.executeUserObject(CommandLine.java:1933)
	at picocli.CommandLine.access$1200(CommandLine.java:145)
	at picocli.CommandLine$RunLast.executeUserObjectOfLastSubcommandWithSameParent(CommandLine.java:2332)
	at picocli.CommandLine$RunLast.handle(CommandLine.java:2326)
	at picocli.CommandLine$RunLast.handle(CommandLine.java:2291)
	at picocli.CommandLine$AbstractParseResultHandler.execute(CommandLine.java:2159)
	at picocli.CommandLine.execute(CommandLine.java:2058)
	at sorald.Main.main(Main.java:7)
