INFO  JavaClasspath initialization
INFO  JavaClasspath initialization (done) | time=26ms
INFO  JavaTestClasspath initialization
INFO  JavaTestClasspath initialization (done) | time=0ms
INFO  Java Main Files AST scan
INFO  1558 source files to be analyzed
INFO  816/1558 files analyzed, current file: src/main/java/org/opentripplanner/graph_builder/services/DefaultStreetEdgeFactory.java
INFO  1558/1558 source files have been analyzed
INFO  Java Main Files AST scan (done) | time=13873ms
INFO  Java Test Files AST scan
INFO  0 source files to be analyzed
INFO  Java Test Files AST scan (done) | time=3ms
INFO  0/0 source files have been analyzed
INFO  Java Generated Files AST scan
INFO  0 source files to be analyzed
INFO  Java Generated Files AST scan (done) | time=1ms
INFO  0/0 source files have been analyzed
-----Number of fixes------
InterruptedExceptionProcessor: 13
-----End of report------
INFO  JavaClasspath initialization
INFO  JavaClasspath initialization (done) | time=0ms
INFO  JavaTestClasspath initialization
INFO  JavaTestClasspath initialization (done) | time=0ms
INFO  Java Main Files AST scan
INFO  1558 source files to be analyzed
INFO  Java Main Files AST scan (done) | time=8429ms
INFO  1558/1558 source files have been analyzed
INFO  Java Test Files AST scan
INFO  0 source files to be analyzed
INFO  Java Test Files AST scan (done) | time=0ms
INFO  0/0 source files have been analyzed
INFO  Java Generated Files AST scan
INFO  0 source files to be analyzed
INFO  Java Generated Files AST scan (done) | time=0ms
INFO  0/0 source files have been analyzed
