WARN  Invalid character encountered in file fromString at line 546 for encoding UTF-16. Please fix file content or configure the encoding to be used using property 'sonar.sourceEncoding'.
INFO  JavaClasspath initialization
INFO  JavaClasspath initialization (done) | time=17ms
INFO  JavaTestClasspath initialization
INFO  JavaTestClasspath initialization (done) | time=0ms
INFO  Java Main Files AST scan
INFO  259 source files to be analyzed
INFO  259/259 source files have been analyzed
INFO  Java Main Files AST scan (done) | time=3989ms
INFO  Java Test Files AST scan
INFO  0 source files to be analyzed
INFO  Java Test Files AST scan (done) | time=1ms
INFO  Java Generated Files AST scan
INFO  0 source files to be analyzed
INFO  0/0 source files have been analyzed
INFO  Java Generated Files AST scan (done) | time=4ms
INFO  0/0 source files have been analyzed
-----Number of fixes------
CastArithmeticOperandProcessor: 3
-----End of report------
WARN  Invalid character encountered in file fromString at line 546 for encoding UTF-16. Please fix file content or configure the encoding to be used using property 'sonar.sourceEncoding'.
INFO  JavaClasspath initialization
INFO  JavaClasspath initialization (done) | time=1ms
INFO  JavaTestClasspath initialization
INFO  JavaTestClasspath initialization (done) | time=0ms
INFO  Java Main Files AST scan
INFO  259 source files to be analyzed
INFO  259/259 source files have been analyzed
INFO  Java Main Files AST scan (done) | time=2302ms
INFO  Java Test Files AST scan
INFO  0 source files to be analyzed
INFO  Java Test Files AST scan (done) | time=0ms
INFO  Java Generated Files AST scan
INFO  0 source files to be analyzed
INFO  Java Generated Files AST scan (done) | time=6ms
INFO  0/0 source files have been analyzed
INFO  0/0 source files have been analyzed
