INFO  JavaClasspath initialization
INFO  JavaClasspath initialization (done) | time=26ms
INFO  JavaTestClasspath initialization
INFO  JavaTestClasspath initialization (done) | time=1ms
INFO  Java Main Files AST scan
INFO  549 source files to be analyzed
INFO  156/549 files analyzed, current file: core/src/main/java/com/taobao/arthas/core/command/monitor200/MBeanCommand.java
INFO  537/549 files analyzed, current file: common/src/main/java/com/taobao/arthas/common/concurrent/ConcurrentWeakKeyHashMap.java
INFO  549/549 source files have been analyzed
INFO  Java Main Files AST scan (done) | time=21872ms
INFO  Java Test Files AST scan
INFO  0 source files to be analyzed
INFO  Java Test Files AST scan (done) | time=0ms
INFO  0/0 source files have been analyzed
INFO  Java Generated Files AST scan
INFO  0 source files to be analyzed
INFO  Java Generated Files AST scan (done) | time=0ms
INFO  0/0 source files have been analyzed
-----Number of fixes------
UnclosedResourcesProcessor: 12
-----End of report------
INFO  JavaClasspath initialization
INFO  JavaClasspath initialization (done) | time=0ms
INFO  JavaTestClasspath initialization
INFO  JavaTestClasspath initialization (done) | time=1ms
INFO  Java Main Files AST scan
INFO  549 source files to be analyzed
INFO  362/549 files analyzed, current file: core/src/main/java/com/taobao/arthas/core/util/JsonUtils.java
INFO  Java Main Files AST scan (done) | time=15985ms
INFO  549/549 source files have been analyzed
INFO  Java Test Files AST scan
INFO  0 source files to be analyzed
INFO  Java Test Files AST scan (done) | time=1ms
INFO  Java Generated Files AST scan
INFO  0/0 source files have been analyzed
INFO  0 source files to be analyzed
INFO  Java Generated Files AST scan (done) | time=0ms
INFO  0/0 source files have been analyzed
