SLF4J: Failed to load class "org.slf4j.impl.StaticLoggerBinder".
SLF4J: Defaulting to no-operation (NOP) logger implementation
SLF4J: See http://www.slf4j.org/codes.html#StaticLoggerBinder for further details.
spoon.SpoonException: Not allowed javaletter or keyword in identifier found. See JLS for correct identifier. Identifier: package-info
	at spoon.support.reflect.reference.CtReferenceImpl.checkIdentiferForJLSCorrectness(CtReferenceImpl.java:108)
	at spoon.support.reflect.reference.CtReferenceImpl.setSimpleName(CtReferenceImpl.java:52)
	at spoon.support.compiler.jdt.ReferenceBuilder.getTypeReference(ReferenceBuilder.java:937)
	at spoon.support.compiler.jdt.ReferenceBuilder.getTypeReference(ReferenceBuilder.java:745)
	at spoon.support.compiler.jdt.ReferenceBuilder.getVariableReference(ReferenceBuilder.java:1070)
	at spoon.support.compiler.jdt.JDTTreeBuilderHelper.createFieldAccessNoClasspath(JDTTreeBuilderHelper.java:404)
	at spoon.support.compiler.jdt.JDTTreeBuilder.visit(JDTTreeBuilder.java:1484)
	at org.eclipse.jdt.internal.compiler.ast.QualifiedNameReference.traverse(QualifiedNameReference.java:1170)
	at org.eclipse.jdt.internal.compiler.ast.MemberValuePair.traverse(MemberValuePair.java:260)
	at org.eclipse.jdt.internal.compiler.ast.NormalAnnotation.traverse(NormalAnnotation.java:76)
	at org.eclipse.jdt.internal.compiler.ast.CompilationUnitDeclaration.traverse(CompilationUnitDeclaration.java:805)
	at org.eclipse.jdt.internal.compiler.ast.CompilationUnitDeclaration.traverse(CompilationUnitDeclaration.java:783)
	at spoon.support.compiler.jdt.JDTBasedSpoonCompiler.traverseUnitDeclaration(JDTBasedSpoonCompiler.java:480)
	at spoon.support.compiler.jdt.JDTBasedSpoonCompiler.lambda$buildModel$0(JDTBasedSpoonCompiler.java:437)
	at spoon.support.compiler.jdt.JDTBasedSpoonCompiler.forEachCompilationUnit(JDTBasedSpoonCompiler.java:464)
	at spoon.support.compiler.jdt.JDTBasedSpoonCompiler.buildModel(JDTBasedSpoonCompiler.java:435)
	at spoon.support.compiler.jdt.JDTBasedSpoonCompiler.buildUnitsAndModel(JDTBasedSpoonCompiler.java:372)
	at spoon.support.compiler.jdt.JDTBasedSpoonCompiler.buildSources(JDTBasedSpoonCompiler.java:335)
	at spoon.support.compiler.jdt.JDTBasedSpoonCompiler.build(JDTBasedSpoonCompiler.java:116)
	at spoon.support.compiler.jdt.JDTBasedSpoonCompiler.build(JDTBasedSpoonCompiler.java:99)
	at spoon.Launcher.buildModel(Launcher.java:766)
	at sorald.Repair.initLauncher(Repair.java:367)
	at sorald.Repair.defaultRepair(Repair.java:163)
	at sorald.Repair.repair(Repair.java:146)
	at sorald.Repair.repair(Repair.java:91)
	at sorald.cli.RepairCommand.call(RepairCommand.java:121)
	at sorald.cli.RepairCommand.call(RepairCommand.java:27)
	at picocli.CommandLine.executeUserObject(CommandLine.java:1933)
	at picocli.CommandLine.access$1200(CommandLine.java:145)
	at picocli.CommandLine$RunLast.executeUserObjectOfLastSubcommandWithSameParent(CommandLine.java:2332)
	at picocli.CommandLine$RunLast.handle(CommandLine.java:2326)
	at picocli.CommandLine$RunLast.handle(CommandLine.java:2291)
	at picocli.CommandLine$AbstractParseResultHandler.execute(CommandLine.java:2159)
	at picocli.CommandLine.execute(CommandLine.java:2058)
	at sorald.Main.main(Main.java:7)
