INFO  JavaClasspath initialization
INFO  JavaClasspath initialization (done) | time=26ms
INFO  JavaTestClasspath initialization
INFO  JavaTestClasspath initialization (done) | time=1ms
INFO  Java Main Files AST scan
INFO  531 source files to be analyzed
INFO  116/531 files analyzed, current file: protostuff-parser/target/generated-sources/antlr3/io/protostuff/parser/ProtoParser.java
INFO  200/531 files analyzed, current file: protostuff-runtime/src/test/java/io/protostuff/runtime/AbstractRuntimeCollectionSchemaTest.java
INFO  206/531 files analyzed, current file: protostuff-runtime/src/test/java/io/protostuff/runtime/AbstractRuntimeObjectSchemaTest.java
INFO  206/531 files analyzed, current file: protostuff-runtime/src/test/java/io/protostuff/runtime/AbstractRuntimeObjectSchemaTest.java
INFO  229/531 files analyzed, current file: protostuff-runtime/src/test/java/io/protostuff/runtime/FilterFieldsByGroupTest.java
INFO  434/531 files analyzed, current file: protostuff-runtime-md/target/extra-sources/io/protostuff/runtime/IdStrategy.java
INFO  461/531 files analyzed, current file: protostuff-runtime-md/target/extra-test-sources/io/protostuff/runtime/AbstractRuntimeCollectionSchemaTest.java
ERROR Unable to parse source file : 'protostuff-runtime-md/target/extra-test-sources/io/protostuff/runtime/CollectionTest.java'
ERROR Parse error at line 531 column 4: Syntax error, insert "Identifier (" to complete MethodHeaderName
INFO  531/531 source files have been analyzed
INFO  Java Main Files AST scan (done) | time=78112ms
INFO  Java Test Files AST scan
INFO  0 source files to be analyzed
INFO  Java Test Files AST scan (done) | time=0ms
INFO  Java Generated Files AST scan
INFO  0 source files to be analyzed
INFO  0/0 source files have been analyzed
INFO  Java Generated Files AST scan (done) | time=0ms
INFO  0/0 source files have been analyzed
-----Number of fixes------
UnclosedResourcesProcessor: 4
-----End of report------
INFO  JavaClasspath initialization
INFO  JavaClasspath initialization (done) | time=0ms
INFO  JavaTestClasspath initialization
INFO  JavaTestClasspath initialization (done) | time=0ms
INFO  Java Main Files AST scan
INFO  531 source files to be analyzed
INFO  186/531 files analyzed, current file: protostuff-api/src/main/java/io/protostuff/WriteSink.java
INFO  200/531 files analyzed, current file: protostuff-runtime/src/test/java/io/protostuff/runtime/AbstractRuntimeCollectionSchemaTest.java
INFO  206/531 files analyzed, current file: protostuff-runtime/src/test/java/io/protostuff/runtime/AbstractRuntimeObjectSchemaTest.java
INFO  206/531 files analyzed, current file: protostuff-runtime/src/test/java/io/protostuff/runtime/AbstractRuntimeObjectSchemaTest.java
INFO  322/531 files analyzed, current file: protostuff-benchmarks/target/generated-sources/proto/io/protostuff/benchmarks/GeneratedInt10.java
INFO  461/531 files analyzed, current file: protostuff-runtime-md/target/extra-test-sources/io/protostuff/runtime/AbstractRuntimeCollectionSchemaTest.java
INFO  490/531 files analyzed, current file: protostuff-runtime-md/target/extra-test-sources/io/protostuff/runtime/NullArrayElementTest.java
ERROR Unable to parse source file : 'protostuff-runtime-md/target/extra-test-sources/io/protostuff/runtime/CollectionTest.java'
ERROR Parse error at line 531 column 4: Syntax error, insert "Identifier (" to complete MethodHeaderName
INFO  Java Main Files AST scan (done) | time=71462ms
INFO  Java Test Files AST scan
INFO  531/531 source files have been analyzed
INFO  0 source files to be analyzed
INFO  Java Test Files AST scan (done) | time=1ms
INFO  Java Generated Files AST scan
INFO  0/0 source files have been analyzed
INFO  0 source files to be analyzed
INFO  Java Generated Files AST scan (done) | time=0ms
INFO  0/0 source files have been analyzed
