INFO  Configured Java source version (sonar.java.source): 14
INFO  JavaClasspath initialization
INFO  JavaClasspath initialization (done) | time=17ms
INFO  JavaTestClasspath initialization
INFO  JavaTestClasspath initialization (done) | time=0ms
INFO  Java Main Files AST scan
INFO  129 source files to be analyzed
INFO  129/129 source files have been analyzed
INFO  Java Main Files AST scan (done) | time=1825ms
INFO  Java Test Files AST scan
INFO  0 source files to be analyzed
INFO  Java Test Files AST scan (done) | time=1ms
INFO  Java Generated Files AST scan
INFO  0 source files to be analyzed
INFO  0/0 source files have been analyzed
INFO  0/0 source files have been analyzed
INFO  Java Generated Files AST scan (done) | time=7ms
-----Number of fixes------
InterruptedExceptionProcessor: 3
-----End of report------
INFO  Configured Java source version (sonar.java.source): 14
INFO  JavaClasspath initialization
INFO  JavaClasspath initialization (done) | time=0ms
INFO  JavaTestClasspath initialization
INFO  JavaTestClasspath initialization (done) | time=1ms
INFO  Java Main Files AST scan
INFO  129 source files to be analyzed
ERROR Unable to parse source file : 'goodsKill-spring-boot-provider/goodsKill-service/src/test/java/org/seckill/service/util/ZookeeperLockUtilTest.java'
ERROR Parse error at line 20 column 1: Syntax error on token "Slf4j", interface expected after this token
INFO  Java Main Files AST scan (done) | time=777ms
INFO  129/129 source files have been analyzed
INFO  Java Test Files AST scan
INFO  0 source files to be analyzed
INFO  Java Test Files AST scan (done) | time=0ms
INFO  0/0 source files have been analyzed
INFO  Java Generated Files AST scan
INFO  0 source files to be analyzed
INFO  Java Generated Files AST scan (done) | time=0ms
INFO  0/0 source files have been analyzed
