SLF4J: Failed to load class "org.slf4j.impl.StaticLoggerBinder".
SLF4J: Defaulting to no-operation (NOP) logger implementation
SLF4J: See http://www.slf4j.org/codes.html#StaticLoggerBinder for further details.
java.lang.StringIndexOutOfBoundsException: begin 895, end 27888, length 4217
	at java.base/java.lang.String.checkBoundsBeginEnd(String.java:3319)
	at java.base/java.lang.String.substring(String.java:1874)
	at spoon.support.sniper.internal.ElementSourceFragment.getSourceCode(ElementSourceFragment.java:133)
	at spoon.support.sniper.internal.ElementSourceFragment.getSourceCode(ElementSourceFragment.java:122)
	at spoon.support.sniper.internal.CollectionSourceFragment.getSourceCode(CollectionSourceFragment.java:32)
	at spoon.support.sniper.SniperJavaPrettyPrinter$2.printSourceFragment(SniperJavaPrettyPrinter.java:295)
	at spoon.support.sniper.internal.AbstractSourceFragmentPrinter.print(AbstractSourceFragmentPrinter.java:64)
	at spoon.support.sniper.internal.SourceFragmentContextNormal.print(SourceFragmentContextNormal.java:38)
	at spoon.support.sniper.SniperJavaPrettyPrinter.executePrintEventInContext(SniperJavaPrettyPrinter.java:334)
	at spoon.support.sniper.SniperJavaPrettyPrinter.scan(SniperJavaPrettyPrinter.java:269)
	at spoon.support.sniper.SniperJavaPrettyPrinter.scan(SniperJavaPrettyPrinter.java:57)
	at spoon.reflect.visitor.DefaultJavaPrettyPrinter.visitCtCompilationUnit(DefaultJavaPrettyPrinter.java:1095)
	at spoon.support.reflect.declaration.CtCompilationUnitImpl.accept(CtCompilationUnitImpl.java:407)
	at spoon.reflect.visitor.DefaultJavaPrettyPrinter.scan(DefaultJavaPrettyPrinter.java:381)
	at spoon.support.sniper.SniperJavaPrettyPrinter.lambda$superScanInContext$6(SniperJavaPrettyPrinter.java:384)
	at spoon.support.sniper.SniperJavaPrettyPrinter.runInContext(SniperJavaPrettyPrinter.java:395)
	at spoon.support.sniper.SniperJavaPrettyPrinter.superScanInContext(SniperJavaPrettyPrinter.java:384)
	at spoon.support.sniper.SniperJavaPrettyPrinter.access$300(SniperJavaPrettyPrinter.java:58)
	at spoon.support.sniper.SniperJavaPrettyPrinter$2.printSourceFragment(SniperJavaPrettyPrinter.java:309)
	at spoon.support.sniper.internal.AbstractSourceFragmentPrinter.print(AbstractSourceFragmentPrinter.java:64)
	at spoon.support.sniper.internal.SourceFragmentContextList.print(SourceFragmentContextList.java:19)
	at spoon.support.sniper.SniperJavaPrettyPrinter.executePrintEventInContext(SniperJavaPrettyPrinter.java:334)
	at spoon.support.sniper.SniperJavaPrettyPrinter.scan(SniperJavaPrettyPrinter.java:269)
	at spoon.support.sniper.SniperJavaPrettyPrinter.scan(SniperJavaPrettyPrinter.java:57)
	at spoon.reflect.visitor.DefaultJavaPrettyPrinter.calculate(DefaultJavaPrettyPrinter.java:2064)
	at spoon.support.sniper.SniperJavaPrettyPrinter.lambda$calculate$4(SniperJavaPrettyPrinter.java:148)
	at spoon.support.sniper.SniperJavaPrettyPrinter.runInContext(SniperJavaPrettyPrinter.java:395)
	at spoon.support.sniper.SniperJavaPrettyPrinter.calculate(SniperJavaPrettyPrinter.java:143)
	at spoon.support.sniper.SniperJavaPrettyPrinter.printTypes(SniperJavaPrettyPrinter.java:118)
	at sorald.Repair.writeModel(Repair.java:306)
	at sorald.Repair.lambda$repair$0(Repair.java:93)
	at java.base/java.util.stream.Streams$StreamBuilderImpl.forEachRemaining(Streams.java:411)
	at java.base/java.util.stream.ReferencePipeline$Head.forEach(ReferencePipeline.java:658)
	at sorald.Repair.repair(Repair.java:93)
	at sorald.cli.RepairCommand.call(RepairCommand.java:121)
	at sorald.cli.RepairCommand.call(RepairCommand.java:27)
	at picocli.CommandLine.executeUserObject(CommandLine.java:1933)
	at picocli.CommandLine.access$1200(CommandLine.java:145)
	at picocli.CommandLine$RunLast.executeUserObjectOfLastSubcommandWithSameParent(CommandLine.java:2332)
	at picocli.CommandLine$RunLast.handle(CommandLine.java:2326)
	at picocli.CommandLine$RunLast.handle(CommandLine.java:2291)
	at picocli.CommandLine$AbstractParseResultHandler.execute(CommandLine.java:2159)
	at picocli.CommandLine.execute(CommandLine.java:2058)
	at sorald.Main.main(Main.java:7)
