INFO  Configured Java source version (sonar.java.source): 14
INFO  JavaClasspath initialization
INFO  JavaClasspath initialization (done) | time=17ms
INFO  JavaTestClasspath initialization
INFO  JavaTestClasspath initialization (done) | time=0ms
INFO  Java Main Files AST scan
INFO  686 source files to be analyzed
INFO  82/686 files analyzed, current file: jolie/src/main/java/jolie/process/SolicitResponseProcess.java
INFO  235/686 files analyzed, current file: extensions/http/src/main/java/jolie/net/http/HttpParser.java
INFO  419/686 files analyzed, current file: lib/xsom/src/main/java/com/sun/xml/xsom/impl/parser/state/wildcardBody.java
INFO  678/686 files analyzed, current file: libjolie/src/main/java/jolie/lang/parse/ast/types/TypeInlineDefinition.java
INFO  686/686 source files have been analyzed
INFO  Java Main Files AST scan (done) | time=40165ms
INFO  Java Test Files AST scan
INFO  0 source files to be analyzed
INFO  Java Test Files AST scan (done) | time=1ms
INFO  Java Generated Files AST scan
INFO  0 source files to be analyzed
INFO  Java Generated Files AST scan (done) | time=0ms
INFO  0/0 source files have been analyzed
INFO  0/0 source files have been analyzed
-----Number of fixes------
UnclosedResourcesProcessor: 1
-----End of report------
INFO  Configured Java source version (sonar.java.source): 14
INFO  JavaClasspath initialization
INFO  JavaClasspath initialization (done) | time=0ms
INFO  JavaTestClasspath initialization
INFO  JavaTestClasspath initialization (done) | time=0ms
INFO  Java Main Files AST scan
INFO  686 source files to be analyzed
INFO  153/686 files analyzed, current file: javaServices/coreJavaServices/src/main/java/joliex/meta/MetaJolie.java
INFO  333/686 files analyzed, current file: tools/jolie2java/src/test/java/joliex/java/impl/JavaDocumentCreatorTest.java
INFO  617/686 files analyzed, current file: jolie/src/main/java/jolie/process/NotificationProcess.java
INFO  Java Main Files AST scan (done) | time=33547ms
INFO  Java Test Files AST scan
INFO  686/686 source files have been analyzed
INFO  0 source files to be analyzed
INFO  Java Test Files AST scan (done) | time=1ms
INFO  Java Generated Files AST scan
INFO  0/0 source files have been analyzed
INFO  0 source files to be analyzed
INFO  Java Generated Files AST scan (done) | time=1ms
INFO  0/0 source files have been analyzed
