INFO  JavaClasspath initialization
INFO  JavaClasspath initialization (done) | time=26ms
INFO  JavaTestClasspath initialization
INFO  JavaTestClasspath initialization (done) | time=0ms
INFO  Java Main Files AST scan
INFO  1159 source files to be analyzed
INFO  386/1159 files analyzed, current file: modules/core/src/test/java/org/locationtech/jts/algorithm/RectangleLineIntersectorTest.java
INFO  989/1159 files analyzed, current file: modules/core/src/main/java/org/locationtech/jts/io/WKTReader.java
INFO  1159/1159 source files have been analyzed
INFO  Java Main Files AST scan (done) | time=24540ms
INFO  Java Test Files AST scan
INFO  0 source files to be analyzed
INFO  Java Test Files AST scan (done) | time=3ms
INFO  0/0 source files have been analyzed
INFO  Java Generated Files AST scan
INFO  0 source files to be analyzed
INFO  Java Generated Files AST scan (done) | time=1ms
INFO  0/0 source files have been analyzed
-----Number of fixes------
UnclosedResourcesProcessor: 11
-----End of report------
INFO  JavaClasspath initialization
INFO  JavaClasspath initialization (done) | time=0ms
INFO  JavaTestClasspath initialization
INFO  JavaTestClasspath initialization (done) | time=0ms
INFO  Java Main Files AST scan
INFO  1159 source files to be analyzed
INFO  697/1159 files analyzed, current file: modules/core/src/main/java/org/locationtech/jts/algorithm/RobustDeterminant.java
INFO  Java Main Files AST scan (done) | time=18680ms
INFO  Java Test Files AST scan
INFO  1159/1159 source files have been analyzed
INFO  0 source files to be analyzed
INFO  Java Test Files AST scan (done) | time=0ms
INFO  Java Generated Files AST scan
INFO  0 source files to be analyzed
INFO  0/0 source files have been analyzed
INFO  Java Generated Files AST scan (done) | time=1ms
INFO  0/0 source files have been analyzed
