SLF4J: Failed to load class "org.slf4j.impl.StaticLoggerBinder".
SLF4J: Defaulting to no-operation (NOP) logger implementation
SLF4J: See http://www.slf4j.org/codes.html#StaticLoggerBinder for further details.
java.lang.IndexOutOfBoundsException: Index: -1
	at java.base/java.util.Collections$EmptyList.get(Collections.java:4483)
	at sorald.processor.CastArithmeticOperandProcessor.getExpectedType(CastArithmeticOperandProcessor.java:84)
	at sorald.processor.CastArithmeticOperandProcessor.canRepairInternal(CastArithmeticOperandProcessor.java:27)
	at sorald.processor.CastArithmeticOperandProcessor.canRepairInternal(CastArithmeticOperandProcessor.java:15)
	at sorald.processor.SoraldAbstractProcessor.canRepair(SoraldAbstractProcessor.java:68)
	at sorald.sonar.GreedyBestFitScanner.enter(GreedyBestFitScanner.java:78)
	at spoon.reflect.visitor.CtScanner.visitCtBinaryOperator(CtScanner.java:287)
	at spoon.support.reflect.code.CtBinaryOperatorImpl.accept(CtBinaryOperatorImpl.java:34)
	at spoon.reflect.visitor.CtScanner.scan(CtScanner.java:178)
	at spoon.reflect.visitor.CtScanner.scan(CtScanner.java:170)
	at spoon.reflect.visitor.CtScanner.visitCtArrayRead(CtScanner.java:239)
	at spoon.support.reflect.code.CtArrayReadImpl.accept(CtArrayReadImpl.java:19)
	at spoon.reflect.visitor.CtScanner.scan(CtScanner.java:178)
	at spoon.reflect.visitor.CtScanner.scan(CtScanner.java:170)
	at spoon.reflect.visitor.CtScanner.visitCtInvocation(CtScanner.java:503)
	at spoon.support.reflect.code.CtInvocationImpl.accept(CtInvocationImpl.java:46)
	at spoon.reflect.visitor.CtScanner.scan(CtScanner.java:178)
	at spoon.reflect.visitor.CtScanner.scan(CtScanner.java:170)
	at spoon.reflect.visitor.CtScanner.visitCtAssignment(CtScanner.java:281)
	at spoon.support.reflect.code.CtAssignmentImpl.accept(CtAssignmentImpl.java:45)
	at spoon.reflect.visitor.CtScanner.scan(CtScanner.java:178)
	at spoon.reflect.visitor.CtScanner.scan(CtScanner.java:170)
	at spoon.reflect.visitor.CtScanner.scan(CtScanner.java:143)
	at spoon.reflect.visitor.CtScanner.visitCtBlock(CtScanner.java:300)
	at spoon.support.reflect.code.CtBlockImpl.accept(CtBlockImpl.java:58)
	at spoon.reflect.visitor.CtScanner.scan(CtScanner.java:178)
	at spoon.reflect.visitor.CtScanner.scan(CtScanner.java:170)
	at spoon.reflect.visitor.CtScanner.visitCtFor(CtScanner.java:464)
	at spoon.support.reflect.code.CtForImpl.accept(CtForImpl.java:40)
	at spoon.reflect.visitor.CtScanner.scan(CtScanner.java:178)
	at spoon.reflect.visitor.CtScanner.scan(CtScanner.java:170)
	at spoon.reflect.visitor.CtScanner.scan(CtScanner.java:143)
	at spoon.reflect.visitor.CtScanner.visitCtBlock(CtScanner.java:300)
	at spoon.support.reflect.code.CtBlockImpl.accept(CtBlockImpl.java:58)
	at spoon.reflect.visitor.CtScanner.scan(CtScanner.java:178)
	at spoon.reflect.visitor.CtScanner.scan(CtScanner.java:170)
	at spoon.reflect.visitor.CtScanner.visitCtMethod(CtScanner.java:566)
	at spoon.support.reflect.declaration.CtMethodImpl.accept(CtMethodImpl.java:58)
	at spoon.reflect.visitor.CtScanner.scan(CtScanner.java:178)
	at spoon.reflect.visitor.CtScanner.scan(CtScanner.java:170)
	at spoon.reflect.visitor.CtScanner.scan(CtScanner.java:143)
	at spoon.reflect.visitor.CtScanner.visitCtClass(CtScanner.java:336)
	at spoon.support.reflect.declaration.CtClassImpl.accept(CtClassImpl.java:58)
	at spoon.reflect.visitor.CtScanner.scan(CtScanner.java:178)
	at spoon.reflect.visitor.CtScanner.scan(CtScanner.java:170)
	at spoon.reflect.visitor.CtScanner.scan(CtScanner.java:143)
	at spoon.reflect.visitor.CtScanner.visitCtPackage(CtScanner.java:656)
	at spoon.support.reflect.declaration.CtPackageImpl.accept(CtPackageImpl.java:89)
	at spoon.reflect.visitor.CtScanner.scan(CtScanner.java:178)
	at spoon.reflect.visitor.CtScanner.scan(CtScanner.java:170)
	at spoon.reflect.visitor.CtScanner.scan(CtScanner.java:143)
	at spoon.reflect.visitor.CtScanner.visitCtPackage(CtScanner.java:655)
	at spoon.support.reflect.declaration.CtPackageImpl.accept(CtPackageImpl.java:89)
	at spoon.reflect.visitor.CtScanner.scan(CtScanner.java:178)
	at spoon.reflect.visitor.CtScanner.scan(CtScanner.java:170)
	at spoon.reflect.visitor.CtScanner.scan(CtScanner.java:143)
	at spoon.reflect.visitor.CtScanner.visitCtPackage(CtScanner.java:655)
	at spoon.support.reflect.declaration.CtPackageImpl.accept(CtPackageImpl.java:89)
	at spoon.reflect.visitor.CtScanner.scan(CtScanner.java:178)
	at spoon.reflect.visitor.CtScanner.scan(CtScanner.java:170)
	at spoon.reflect.visitor.CtScanner.scan(CtScanner.java:143)
	at spoon.reflect.visitor.CtScanner.visitCtPackage(CtScanner.java:655)
	at spoon.support.reflect.declaration.CtPackageImpl.accept(CtPackageImpl.java:89)
	at spoon.reflect.visitor.CtScanner.scan(CtScanner.java:178)
	at spoon.reflect.visitor.CtScanner.scan(CtScanner.java:170)
	at spoon.reflect.visitor.CtScanner.scan(CtScanner.java:143)
	at spoon.reflect.visitor.CtScanner.visitCtPackage(CtScanner.java:655)
	at spoon.support.reflect.declaration.CtPackageImpl.accept(CtPackageImpl.java:89)
	at spoon.reflect.visitor.CtScanner.scan(CtScanner.java:178)
	at spoon.reflect.visitor.CtScanner.scan(CtScanner.java:170)
	at spoon.reflect.visitor.CtScanner.visitCtModule(CtScanner.java:941)
	at spoon.reflect.factory.ModuleFactory$CtUnnamedModule.accept(ModuleFactory.java:96)
	at spoon.reflect.visitor.CtScanner.scan(CtScanner.java:178)
	at sorald.sonar.GreedyBestFitScanner.calculateBestFits(GreedyBestFitScanner.java:52)
	at sorald.Repair.lambda$repairModelWithInitializedProcessor$7(Repair.java:270)
	at java.base/java.util.stream.ReferencePipeline$3$1.accept(ReferencePipeline.java:195)
	at java.base/java.util.HashMap$KeySpliterator.forEachRemaining(HashMap.java:1603)
	at java.base/java.util.stream.AbstractPipeline.copyInto(AbstractPipeline.java:484)
	at java.base/java.util.stream.AbstractPipeline.wrapAndCopyInto(AbstractPipeline.java:474)
	at java.base/java.util.stream.ForEachOps$ForEachOp.evaluateSequential(ForEachOps.java:150)
	at java.base/java.util.stream.ForEachOps$ForEachOp$OfRef.evaluateSequential(ForEachOps.java:173)
	at java.base/java.util.stream.AbstractPipeline.evaluate(AbstractPipeline.java:234)
	at java.base/java.util.stream.ReferencePipeline.forEach(ReferencePipeline.java:497)
	at sorald.Repair.repairModelWithInitializedProcessor(Repair.java:273)
	at sorald.Repair.defaultRepair(Repair.java:176)
	at sorald.Repair.repair(Repair.java:153)
	at sorald.Repair.repair(Repair.java:97)
	at sorald.cli.RepairCommand.call(RepairCommand.java:123)
	at sorald.cli.RepairCommand.call(RepairCommand.java:27)
	at picocli.CommandLine.executeUserObject(CommandLine.java:1933)
	at picocli.CommandLine.access$1200(CommandLine.java:145)
	at picocli.CommandLine$RunLast.executeUserObjectOfLastSubcommandWithSameParent(CommandLine.java:2332)
	at picocli.CommandLine$RunLast.handle(CommandLine.java:2326)
	at picocli.CommandLine$RunLast.handle(CommandLine.java:2291)
	at picocli.CommandLine$AbstractParseResultHandler.execute(CommandLine.java:2159)
	at picocli.CommandLine.execute(CommandLine.java:2058)
	at sorald.Main.main(Main.java:7)
java.lang.IndexOutOfBoundsException: Index -1 out of bounds for length 1
	at java.base/jdk.internal.util.Preconditions.outOfBounds(Preconditions.java:64)
	at java.base/jdk.internal.util.Preconditions.outOfBoundsCheckIndex(Preconditions.java:70)
	at java.base/jdk.internal.util.Preconditions.checkIndex(Preconditions.java:248)
	at java.base/java.util.Objects.checkIndex(Objects.java:372)
	at java.base/java.util.ArrayList.get(ArrayList.java:459)
	at java.base/java.util.Collections$UnmodifiableList.get(Collections.java:1310)
	at sorald.processor.CastArithmeticOperandProcessor.getExpectedType(CastArithmeticOperandProcessor.java:84)
	at sorald.processor.CastArithmeticOperandProcessor.canRepairInternal(CastArithmeticOperandProcessor.java:27)
	at sorald.processor.CastArithmeticOperandProcessor.canRepairInternal(CastArithmeticOperandProcessor.java:15)
	at sorald.processor.SoraldAbstractProcessor.canRepair(SoraldAbstractProcessor.java:68)
	at sorald.sonar.GreedyBestFitScanner.enter(GreedyBestFitScanner.java:78)
	at spoon.reflect.visitor.CtScanner.visitCtBinaryOperator(CtScanner.java:287)
	at spoon.support.reflect.code.CtBinaryOperatorImpl.accept(CtBinaryOperatorImpl.java:34)
	at spoon.reflect.visitor.CtScanner.scan(CtScanner.java:178)
	at spoon.reflect.visitor.CtScanner.scan(CtScanner.java:170)
	at spoon.reflect.visitor.CtScanner.visitCtArrayRead(CtScanner.java:239)
	at spoon.support.reflect.code.CtArrayReadImpl.accept(CtArrayReadImpl.java:19)
	at spoon.reflect.visitor.CtScanner.scan(CtScanner.java:178)
	at spoon.reflect.visitor.CtScanner.scan(CtScanner.java:170)
	at spoon.reflect.visitor.CtScanner.visitCtInvocation(CtScanner.java:503)
	at spoon.support.reflect.code.CtInvocationImpl.accept(CtInvocationImpl.java:46)
	at spoon.reflect.visitor.CtScanner.scan(CtScanner.java:178)
	at spoon.reflect.visitor.CtScanner.scan(CtScanner.java:170)
	at spoon.reflect.visitor.CtScanner.visitCtIf(CtScanner.java:482)
	at spoon.support.reflect.code.CtIfImpl.accept(CtIfImpl.java:36)
	at spoon.reflect.visitor.CtScanner.scan(CtScanner.java:178)
	at spoon.reflect.visitor.CtScanner.scan(CtScanner.java:170)
	at spoon.reflect.visitor.CtScanner.scan(CtScanner.java:143)
	at spoon.reflect.visitor.CtScanner.visitCtBlock(CtScanner.java:300)
	at spoon.support.reflect.code.CtBlockImpl.accept(CtBlockImpl.java:58)
	at spoon.reflect.visitor.CtScanner.scan(CtScanner.java:178)
	at spoon.reflect.visitor.CtScanner.scan(CtScanner.java:170)
	at spoon.reflect.visitor.CtScanner.visitCtFor(CtScanner.java:464)
	at spoon.support.reflect.code.CtForImpl.accept(CtForImpl.java:40)
	at spoon.reflect.visitor.CtScanner.scan(CtScanner.java:178)
	at spoon.reflect.visitor.CtScanner.scan(CtScanner.java:170)
	at spoon.reflect.visitor.CtScanner.scan(CtScanner.java:143)
	at spoon.reflect.visitor.CtScanner.visitCtBlock(CtScanner.java:300)
	at spoon.support.reflect.code.CtBlockImpl.accept(CtBlockImpl.java:58)
	at spoon.reflect.visitor.CtScanner.scan(CtScanner.java:178)
	at spoon.reflect.visitor.CtScanner.scan(CtScanner.java:170)
	at spoon.reflect.visitor.CtScanner.visitCtMethod(CtScanner.java:566)
	at spoon.support.reflect.declaration.CtMethodImpl.accept(CtMethodImpl.java:58)
	at spoon.reflect.visitor.CtScanner.scan(CtScanner.java:178)
	at spoon.reflect.visitor.CtScanner.scan(CtScanner.java:170)
	at spoon.reflect.visitor.CtScanner.scan(CtScanner.java:143)
	at spoon.reflect.visitor.CtScanner.visitCtClass(CtScanner.java:336)
	at spoon.support.reflect.declaration.CtClassImpl.accept(CtClassImpl.java:58)
	at spoon.reflect.visitor.CtScanner.scan(CtScanner.java:178)
	at spoon.reflect.visitor.CtScanner.scan(CtScanner.java:170)
	at spoon.reflect.visitor.CtScanner.scan(CtScanner.java:143)
	at spoon.reflect.visitor.CtScanner.visitCtPackage(CtScanner.java:656)
	at spoon.support.reflect.declaration.CtPackageImpl.accept(CtPackageImpl.java:89)
	at spoon.reflect.visitor.CtScanner.scan(CtScanner.java:178)
	at spoon.reflect.visitor.CtScanner.scan(CtScanner.java:170)
	at spoon.reflect.visitor.CtScanner.scan(CtScanner.java:143)
	at spoon.reflect.visitor.CtScanner.visitCtPackage(CtScanner.java:655)
	at spoon.support.reflect.declaration.CtPackageImpl.accept(CtPackageImpl.java:89)
	at spoon.reflect.visitor.CtScanner.scan(CtScanner.java:178)
	at spoon.reflect.visitor.CtScanner.scan(CtScanner.java:170)
	at spoon.reflect.visitor.CtScanner.scan(CtScanner.java:143)
	at spoon.reflect.visitor.CtScanner.visitCtPackage(CtScanner.java:655)
	at spoon.support.reflect.declaration.CtPackageImpl.accept(CtPackageImpl.java:89)
	at spoon.reflect.visitor.CtScanner.scan(CtScanner.java:178)
	at spoon.reflect.visitor.CtScanner.scan(CtScanner.java:170)
	at spoon.reflect.visitor.CtScanner.scan(CtScanner.java:143)
	at spoon.reflect.visitor.CtScanner.visitCtPackage(CtScanner.java:655)
	at spoon.support.reflect.declaration.CtPackageImpl.accept(CtPackageImpl.java:89)
	at spoon.reflect.visitor.CtScanner.scan(CtScanner.java:178)
	at spoon.reflect.visitor.CtScanner.scan(CtScanner.java:170)
	at spoon.reflect.visitor.CtScanner.scan(CtScanner.java:143)
	at spoon.reflect.visitor.CtScanner.visitCtPackage(CtScanner.java:655)
	at spoon.support.reflect.declaration.CtPackageImpl.accept(CtPackageImpl.java:89)
	at spoon.reflect.visitor.CtScanner.scan(CtScanner.java:178)
	at spoon.reflect.visitor.CtScanner.scan(CtScanner.java:170)
	at spoon.reflect.visitor.CtScanner.visitCtModule(CtScanner.java:941)
	at spoon.reflect.factory.ModuleFactory$CtUnnamedModule.accept(ModuleFactory.java:96)
	at spoon.reflect.visitor.CtScanner.scan(CtScanner.java:178)
	at sorald.sonar.GreedyBestFitScanner.calculateBestFits(GreedyBestFitScanner.java:52)
	at sorald.Repair.lambda$repairModelWithInitializedProcessor$7(Repair.java:270)
	at java.base/java.util.stream.ReferencePipeline$3$1.accept(ReferencePipeline.java:195)
	at java.base/java.util.HashMap$KeySpliterator.forEachRemaining(HashMap.java:1603)
	at java.base/java.util.stream.AbstractPipeline.copyInto(AbstractPipeline.java:484)
	at java.base/java.util.stream.AbstractPipeline.wrapAndCopyInto(AbstractPipeline.java:474)
	at java.base/java.util.stream.ForEachOps$ForEachOp.evaluateSequential(ForEachOps.java:150)
	at java.base/java.util.stream.ForEachOps$ForEachOp$OfRef.evaluateSequential(ForEachOps.java:173)
	at java.base/java.util.stream.AbstractPipeline.evaluate(AbstractPipeline.java:234)
	at java.base/java.util.stream.ReferencePipeline.forEach(ReferencePipeline.java:497)
	at sorald.Repair.repairModelWithInitializedProcessor(Repair.java:273)
	at sorald.Repair.defaultRepair(Repair.java:176)
	at sorald.Repair.repair(Repair.java:153)
	at sorald.Repair.repair(Repair.java:97)
	at sorald.cli.RepairCommand.call(RepairCommand.java:123)
	at sorald.cli.RepairCommand.call(RepairCommand.java:27)
	at picocli.CommandLine.executeUserObject(CommandLine.java:1933)
	at picocli.CommandLine.access$1200(CommandLine.java:145)
	at picocli.CommandLine$RunLast.executeUserObjectOfLastSubcommandWithSameParent(CommandLine.java:2332)
	at picocli.CommandLine$RunLast.handle(CommandLine.java:2326)
	at picocli.CommandLine$RunLast.handle(CommandLine.java:2291)
	at picocli.CommandLine$AbstractParseResultHandler.execute(CommandLine.java:2159)
	at picocli.CommandLine.execute(CommandLine.java:2058)
	at sorald.Main.main(Main.java:7)
java.lang.IndexOutOfBoundsException: Index -1 out of bounds for length 1
	at java.base/jdk.internal.util.Preconditions.outOfBounds(Preconditions.java:64)
	at java.base/jdk.internal.util.Preconditions.outOfBoundsCheckIndex(Preconditions.java:70)
	at java.base/jdk.internal.util.Preconditions.checkIndex(Preconditions.java:248)
	at java.base/java.util.Objects.checkIndex(Objects.java:372)
	at java.base/java.util.ArrayList.get(ArrayList.java:459)
	at java.base/java.util.Collections$UnmodifiableList.get(Collections.java:1310)
	at sorald.processor.CastArithmeticOperandProcessor.getExpectedType(CastArithmeticOperandProcessor.java:84)
	at sorald.processor.CastArithmeticOperandProcessor.canRepairInternal(CastArithmeticOperandProcessor.java:27)
	at sorald.processor.CastArithmeticOperandProcessor.canRepairInternal(CastArithmeticOperandProcessor.java:15)
	at sorald.processor.SoraldAbstractProcessor.canRepair(SoraldAbstractProcessor.java:68)
	at sorald.sonar.GreedyBestFitScanner.enter(GreedyBestFitScanner.java:78)
	at spoon.reflect.visitor.CtScanner.visitCtBinaryOperator(CtScanner.java:287)
	at spoon.support.reflect.code.CtBinaryOperatorImpl.accept(CtBinaryOperatorImpl.java:34)
	at spoon.reflect.visitor.CtScanner.scan(CtScanner.java:178)
	at spoon.reflect.visitor.CtScanner.scan(CtScanner.java:170)
	at spoon.reflect.visitor.CtScanner.visitCtArrayRead(CtScanner.java:239)
	at spoon.support.reflect.code.CtArrayReadImpl.accept(CtArrayReadImpl.java:19)
	at spoon.reflect.visitor.CtScanner.scan(CtScanner.java:178)
	at spoon.reflect.visitor.CtScanner.scan(CtScanner.java:170)
	at spoon.reflect.visitor.CtScanner.visitCtInvocation(CtScanner.java:503)
	at spoon.support.reflect.code.CtInvocationImpl.accept(CtInvocationImpl.java:46)
	at spoon.reflect.visitor.CtScanner.scan(CtScanner.java:178)
	at spoon.reflect.visitor.CtScanner.scan(CtScanner.java:170)
	at spoon.reflect.visitor.CtScanner.visitCtUnaryOperator(CtScanner.java:812)
	at spoon.support.reflect.code.CtUnaryOperatorImpl.accept(CtUnaryOperatorImpl.java:36)
	at spoon.reflect.visitor.CtScanner.scan(CtScanner.java:178)
	at spoon.reflect.visitor.CtScanner.scan(CtScanner.java:170)
	at spoon.reflect.visitor.CtScanner.visitCtIf(CtScanner.java:482)
	at spoon.support.reflect.code.CtIfImpl.accept(CtIfImpl.java:36)
	at spoon.reflect.visitor.CtScanner.scan(CtScanner.java:178)
	at spoon.reflect.visitor.CtScanner.scan(CtScanner.java:170)
	at spoon.reflect.visitor.CtScanner.scan(CtScanner.java:143)
	at spoon.reflect.visitor.CtScanner.visitCtBlock(CtScanner.java:300)
	at spoon.support.reflect.code.CtBlockImpl.accept(CtBlockImpl.java:58)
	at spoon.reflect.visitor.CtScanner.scan(CtScanner.java:178)
	at spoon.reflect.visitor.CtScanner.scan(CtScanner.java:170)
	at spoon.reflect.visitor.CtScanner.visitCtWhile(CtScanner.java:841)
	at spoon.support.reflect.code.CtWhileImpl.accept(CtWhileImpl.java:25)
	at spoon.reflect.visitor.CtScanner.scan(CtScanner.java:178)
	at spoon.reflect.visitor.CtScanner.scan(CtScanner.java:170)
	at spoon.reflect.visitor.CtScanner.scan(CtScanner.java:143)
	at spoon.reflect.visitor.CtScanner.visitCtBlock(CtScanner.java:300)
	at spoon.support.reflect.code.CtBlockImpl.accept(CtBlockImpl.java:58)
	at spoon.reflect.visitor.CtScanner.scan(CtScanner.java:178)
	at spoon.reflect.visitor.CtScanner.scan(CtScanner.java:170)
	at spoon.reflect.visitor.CtScanner.visitCtMethod(CtScanner.java:566)
	at spoon.support.reflect.declaration.CtMethodImpl.accept(CtMethodImpl.java:58)
	at spoon.reflect.visitor.CtScanner.scan(CtScanner.java:178)
	at spoon.reflect.visitor.CtScanner.scan(CtScanner.java:170)
	at spoon.reflect.visitor.CtScanner.scan(CtScanner.java:143)
	at spoon.reflect.visitor.CtScanner.visitCtClass(CtScanner.java:336)
	at spoon.support.reflect.declaration.CtClassImpl.accept(CtClassImpl.java:58)
	at spoon.reflect.visitor.CtScanner.scan(CtScanner.java:178)
	at spoon.reflect.visitor.CtScanner.scan(CtScanner.java:170)
	at spoon.reflect.visitor.CtScanner.scan(CtScanner.java:143)
	at spoon.reflect.visitor.CtScanner.visitCtPackage(CtScanner.java:656)
	at spoon.support.reflect.declaration.CtPackageImpl.accept(CtPackageImpl.java:89)
	at spoon.reflect.visitor.CtScanner.scan(CtScanner.java:178)
	at spoon.reflect.visitor.CtScanner.scan(CtScanner.java:170)
	at spoon.reflect.visitor.CtScanner.scan(CtScanner.java:143)
	at spoon.reflect.visitor.CtScanner.visitCtPackage(CtScanner.java:655)
	at spoon.support.reflect.declaration.CtPackageImpl.accept(CtPackageImpl.java:89)
	at spoon.reflect.visitor.CtScanner.scan(CtScanner.java:178)
	at spoon.reflect.visitor.CtScanner.scan(CtScanner.java:170)
	at spoon.reflect.visitor.CtScanner.scan(CtScanner.java:143)
	at spoon.reflect.visitor.CtScanner.visitCtPackage(CtScanner.java:655)
	at spoon.support.reflect.declaration.CtPackageImpl.accept(CtPackageImpl.java:89)
	at spoon.reflect.visitor.CtScanner.scan(CtScanner.java:178)
	at spoon.reflect.visitor.CtScanner.scan(CtScanner.java:170)
	at spoon.reflect.visitor.CtScanner.scan(CtScanner.java:143)
	at spoon.reflect.visitor.CtScanner.visitCtPackage(CtScanner.java:655)
	at spoon.support.reflect.declaration.CtPackageImpl.accept(CtPackageImpl.java:89)
	at spoon.reflect.visitor.CtScanner.scan(CtScanner.java:178)
	at spoon.reflect.visitor.CtScanner.scan(CtScanner.java:170)
	at spoon.reflect.visitor.CtScanner.scan(CtScanner.java:143)
	at spoon.reflect.visitor.CtScanner.visitCtPackage(CtScanner.java:655)
	at spoon.support.reflect.declaration.CtPackageImpl.accept(CtPackageImpl.java:89)
	at spoon.reflect.visitor.CtScanner.scan(CtScanner.java:178)
	at spoon.reflect.visitor.CtScanner.scan(CtScanner.java:170)
	at spoon.reflect.visitor.CtScanner.scan(CtScanner.java:143)
	at spoon.reflect.visitor.CtScanner.visitCtPackage(CtScanner.java:655)
	at spoon.support.reflect.declaration.CtPackageImpl.accept(CtPackageImpl.java:89)
	at spoon.reflect.visitor.CtScanner.scan(CtScanner.java:178)
	at spoon.reflect.visitor.CtScanner.scan(CtScanner.java:170)
	at spoon.reflect.visitor.CtScanner.visitCtModule(CtScanner.java:941)
	at spoon.reflect.factory.ModuleFactory$CtUnnamedModule.accept(ModuleFactory.java:96)
	at spoon.reflect.visitor.CtScanner.scan(CtScanner.java:178)
	at sorald.sonar.GreedyBestFitScanner.calculateBestFits(GreedyBestFitScanner.java:52)
	at sorald.Repair.lambda$repairModelWithInitializedProcessor$7(Repair.java:270)
	at java.base/java.util.stream.ReferencePipeline$3$1.accept(ReferencePipeline.java:195)
	at java.base/java.util.HashMap$KeySpliterator.forEachRemaining(HashMap.java:1603)
	at java.base/java.util.stream.AbstractPipeline.copyInto(AbstractPipeline.java:484)
	at java.base/java.util.stream.AbstractPipeline.wrapAndCopyInto(AbstractPipeline.java:474)
	at java.base/java.util.stream.ForEachOps$ForEachOp.evaluateSequential(ForEachOps.java:150)
	at java.base/java.util.stream.ForEachOps$ForEachOp$OfRef.evaluateSequential(ForEachOps.java:173)
	at java.base/java.util.stream.AbstractPipeline.evaluate(AbstractPipeline.java:234)
	at java.base/java.util.stream.ReferencePipeline.forEach(ReferencePipeline.java:497)
	at sorald.Repair.repairModelWithInitializedProcessor(Repair.java:273)
	at sorald.Repair.defaultRepair(Repair.java:176)
	at sorald.Repair.repair(Repair.java:153)
	at sorald.Repair.repair(Repair.java:97)
	at sorald.cli.RepairCommand.call(RepairCommand.java:123)
	at sorald.cli.RepairCommand.call(RepairCommand.java:27)
	at picocli.CommandLine.executeUserObject(CommandLine.java:1933)
	at picocli.CommandLine.access$1200(CommandLine.java:145)
	at picocli.CommandLine$RunLast.executeUserObjectOfLastSubcommandWithSameParent(CommandLine.java:2332)
	at picocli.CommandLine$RunLast.handle(CommandLine.java:2326)
	at picocli.CommandLine$RunLast.handle(CommandLine.java:2291)
	at picocli.CommandLine$AbstractParseResultHandler.execute(CommandLine.java:2159)
	at picocli.CommandLine.execute(CommandLine.java:2058)
	at sorald.Main.main(Main.java:7)
java.lang.IndexOutOfBoundsException: Index: -1
	at java.base/java.util.Collections$EmptyList.get(Collections.java:4483)
	at sorald.processor.CastArithmeticOperandProcessor.getExpectedType(CastArithmeticOperandProcessor.java:84)
	at sorald.processor.CastArithmeticOperandProcessor.canRepairInternal(CastArithmeticOperandProcessor.java:27)
	at sorald.processor.CastArithmeticOperandProcessor.canRepairInternal(CastArithmeticOperandProcessor.java:15)
	at sorald.processor.SoraldAbstractProcessor.canRepair(SoraldAbstractProcessor.java:68)
	at sorald.sonar.GreedyBestFitScanner.enter(GreedyBestFitScanner.java:78)
	at spoon.reflect.visitor.CtScanner.visitCtBinaryOperator(CtScanner.java:287)
	at spoon.support.reflect.code.CtBinaryOperatorImpl.accept(CtBinaryOperatorImpl.java:34)
	at spoon.reflect.visitor.CtScanner.scan(CtScanner.java:178)
	at spoon.reflect.visitor.CtScanner.scan(CtScanner.java:170)
	at spoon.reflect.visitor.CtScanner.visitCtArrayRead(CtScanner.java:239)
	at spoon.support.reflect.code.CtArrayReadImpl.accept(CtArrayReadImpl.java:19)
	at spoon.reflect.visitor.CtScanner.scan(CtScanner.java:178)
	at spoon.reflect.visitor.CtScanner.scan(CtScanner.java:170)
	at spoon.reflect.visitor.CtScanner.visitCtInvocation(CtScanner.java:503)
	at spoon.support.reflect.code.CtInvocationImpl.accept(CtInvocationImpl.java:46)
	at spoon.reflect.visitor.CtScanner.scan(CtScanner.java:178)
	at spoon.reflect.visitor.CtScanner.scan(CtScanner.java:170)
	at spoon.reflect.visitor.CtScanner.scan(CtScanner.java:143)
	at spoon.reflect.visitor.CtScanner.visitCtInvocation(CtScanner.java:505)
	at spoon.support.reflect.code.CtInvocationImpl.accept(CtInvocationImpl.java:46)
	at spoon.reflect.visitor.CtScanner.scan(CtScanner.java:178)
	at spoon.reflect.visitor.CtScanner.scan(CtScanner.java:170)
	at spoon.reflect.visitor.CtScanner.scan(CtScanner.java:143)
	at spoon.reflect.visitor.CtScanner.visitCtBlock(CtScanner.java:300)
	at spoon.support.reflect.code.CtBlockImpl.accept(CtBlockImpl.java:58)
	at spoon.reflect.visitor.CtScanner.scan(CtScanner.java:178)
	at spoon.reflect.visitor.CtScanner.scan(CtScanner.java:170)
	at spoon.reflect.visitor.CtScanner.visitCtMethod(CtScanner.java:566)
	at spoon.support.reflect.declaration.CtMethodImpl.accept(CtMethodImpl.java:58)
	at spoon.reflect.visitor.CtScanner.scan(CtScanner.java:178)
	at spoon.reflect.visitor.CtScanner.scan(CtScanner.java:170)
	at spoon.reflect.visitor.CtScanner.scan(CtScanner.java:143)
	at spoon.reflect.visitor.CtScanner.visitCtClass(CtScanner.java:336)
	at spoon.support.reflect.declaration.CtClassImpl.accept(CtClassImpl.java:58)
	at spoon.reflect.visitor.CtScanner.scan(CtScanner.java:178)
	at spoon.reflect.visitor.CtScanner.scan(CtScanner.java:170)
	at spoon.reflect.visitor.CtScanner.scan(CtScanner.java:143)
	at spoon.reflect.visitor.CtScanner.visitCtPackage(CtScanner.java:656)
	at spoon.support.reflect.declaration.CtPackageImpl.accept(CtPackageImpl.java:89)
	at spoon.reflect.visitor.CtScanner.scan(CtScanner.java:178)
	at spoon.reflect.visitor.CtScanner.scan(CtScanner.java:170)
	at spoon.reflect.visitor.CtScanner.scan(CtScanner.java:143)
	at spoon.reflect.visitor.CtScanner.visitCtPackage(CtScanner.java:655)
	at spoon.support.reflect.declaration.CtPackageImpl.accept(CtPackageImpl.java:89)
	at spoon.reflect.visitor.CtScanner.scan(CtScanner.java:178)
	at spoon.reflect.visitor.CtScanner.scan(CtScanner.java:170)
	at spoon.reflect.visitor.CtScanner.scan(CtScanner.java:143)
	at spoon.reflect.visitor.CtScanner.visitCtPackage(CtScanner.java:655)
	at spoon.support.reflect.declaration.CtPackageImpl.accept(CtPackageImpl.java:89)
	at spoon.reflect.visitor.CtScanner.scan(CtScanner.java:178)
	at spoon.reflect.visitor.CtScanner.scan(CtScanner.java:170)
	at spoon.reflect.visitor.CtScanner.scan(CtScanner.java:143)
	at spoon.reflect.visitor.CtScanner.visitCtPackage(CtScanner.java:655)
	at spoon.support.reflect.declaration.CtPackageImpl.accept(CtPackageImpl.java:89)
	at spoon.reflect.visitor.CtScanner.scan(CtScanner.java:178)
	at spoon.reflect.visitor.CtScanner.scan(CtScanner.java:170)
	at spoon.reflect.visitor.CtScanner.scan(CtScanner.java:143)
	at spoon.reflect.visitor.CtScanner.visitCtPackage(CtScanner.java:655)
	at spoon.support.reflect.declaration.CtPackageImpl.accept(CtPackageImpl.java:89)
	at spoon.reflect.visitor.CtScanner.scan(CtScanner.java:178)
	at spoon.reflect.visitor.CtScanner.scan(CtScanner.java:170)
	at spoon.reflect.visitor.CtScanner.scan(CtScanner.java:143)
	at spoon.reflect.visitor.CtScanner.visitCtPackage(CtScanner.java:655)
	at spoon.support.reflect.declaration.CtPackageImpl.accept(CtPackageImpl.java:89)
	at spoon.reflect.visitor.CtScanner.scan(CtScanner.java:178)
	at spoon.reflect.visitor.CtScanner.scan(CtScanner.java:170)
	at spoon.reflect.visitor.CtScanner.visitCtModule(CtScanner.java:941)
	at spoon.reflect.factory.ModuleFactory$CtUnnamedModule.accept(ModuleFactory.java:96)
	at spoon.reflect.visitor.CtScanner.scan(CtScanner.java:178)
	at sorald.sonar.GreedyBestFitScanner.calculateBestFits(GreedyBestFitScanner.java:52)
	at sorald.Repair.lambda$repairModelWithInitializedProcessor$7(Repair.java:270)
	at java.base/java.util.stream.ReferencePipeline$3$1.accept(ReferencePipeline.java:195)
	at java.base/java.util.HashMap$KeySpliterator.forEachRemaining(HashMap.java:1603)
	at java.base/java.util.stream.AbstractPipeline.copyInto(AbstractPipeline.java:484)
	at java.base/java.util.stream.AbstractPipeline.wrapAndCopyInto(AbstractPipeline.java:474)
	at java.base/java.util.stream.ForEachOps$ForEachOp.evaluateSequential(ForEachOps.java:150)
	at java.base/java.util.stream.ForEachOps$ForEachOp$OfRef.evaluateSequential(ForEachOps.java:173)
	at java.base/java.util.stream.AbstractPipeline.evaluate(AbstractPipeline.java:234)
	at java.base/java.util.stream.ReferencePipeline.forEach(ReferencePipeline.java:497)
	at sorald.Repair.repairModelWithInitializedProcessor(Repair.java:273)
	at sorald.Repair.defaultRepair(Repair.java:176)
	at sorald.Repair.repair(Repair.java:153)
	at sorald.Repair.repair(Repair.java:97)
	at sorald.cli.RepairCommand.call(RepairCommand.java:123)
	at sorald.cli.RepairCommand.call(RepairCommand.java:27)
	at picocli.CommandLine.executeUserObject(CommandLine.java:1933)
	at picocli.CommandLine.access$1200(CommandLine.java:145)
	at picocli.CommandLine$RunLast.executeUserObjectOfLastSubcommandWithSameParent(CommandLine.java:2332)
	at picocli.CommandLine$RunLast.handle(CommandLine.java:2326)
	at picocli.CommandLine$RunLast.handle(CommandLine.java:2291)
	at picocli.CommandLine$AbstractParseResultHandler.execute(CommandLine.java:2159)
	at picocli.CommandLine.execute(CommandLine.java:2058)
	at sorald.Main.main(Main.java:7)
java.lang.IndexOutOfBoundsException: Index -1 out of bounds for length 1
	at java.base/jdk.internal.util.Preconditions.outOfBounds(Preconditions.java:64)
	at java.base/jdk.internal.util.Preconditions.outOfBoundsCheckIndex(Preconditions.java:70)
	at java.base/jdk.internal.util.Preconditions.checkIndex(Preconditions.java:248)
	at java.base/java.util.Objects.checkIndex(Objects.java:372)
	at java.base/java.util.ArrayList.get(ArrayList.java:459)
	at java.base/java.util.Collections$UnmodifiableList.get(Collections.java:1310)
	at sorald.processor.CastArithmeticOperandProcessor.getExpectedType(CastArithmeticOperandProcessor.java:84)
	at sorald.processor.CastArithmeticOperandProcessor.canRepairInternal(CastArithmeticOperandProcessor.java:27)
	at sorald.processor.CastArithmeticOperandProcessor.canRepairInternal(CastArithmeticOperandProcessor.java:15)
	at sorald.processor.SoraldAbstractProcessor.canRepair(SoraldAbstractProcessor.java:68)
	at sorald.sonar.GreedyBestFitScanner.enter(GreedyBestFitScanner.java:78)
	at spoon.reflect.visitor.CtScanner.visitCtBinaryOperator(CtScanner.java:287)
	at spoon.support.reflect.code.CtBinaryOperatorImpl.accept(CtBinaryOperatorImpl.java:34)
	at spoon.reflect.visitor.CtScanner.scan(CtScanner.java:178)
	at spoon.reflect.visitor.CtScanner.scan(CtScanner.java:170)
	at spoon.reflect.visitor.CtScanner.visitCtArrayRead(CtScanner.java:239)
	at spoon.support.reflect.code.CtArrayReadImpl.accept(CtArrayReadImpl.java:19)
	at spoon.reflect.visitor.CtScanner.scan(CtScanner.java:178)
	at spoon.reflect.visitor.CtScanner.scan(CtScanner.java:170)
	at spoon.reflect.visitor.CtScanner.visitCtInvocation(CtScanner.java:503)
	at spoon.support.reflect.code.CtInvocationImpl.accept(CtInvocationImpl.java:46)
	at spoon.reflect.visitor.CtScanner.scan(CtScanner.java:178)
	at spoon.reflect.visitor.CtScanner.scan(CtScanner.java:170)
	at spoon.reflect.visitor.CtScanner.visitCtIf(CtScanner.java:482)
	at spoon.support.reflect.code.CtIfImpl.accept(CtIfImpl.java:36)
	at spoon.reflect.visitor.CtScanner.scan(CtScanner.java:178)
	at spoon.reflect.visitor.CtScanner.scan(CtScanner.java:170)
	at spoon.reflect.visitor.CtScanner.scan(CtScanner.java:143)
	at spoon.reflect.visitor.CtScanner.visitCtBlock(CtScanner.java:300)
	at spoon.support.reflect.code.CtBlockImpl.accept(CtBlockImpl.java:58)
	at spoon.reflect.visitor.CtScanner.scan(CtScanner.java:178)
	at spoon.reflect.visitor.CtScanner.scan(CtScanner.java:170)
	at spoon.reflect.visitor.CtScanner.visitCtIf(CtScanner.java:483)
	at spoon.support.reflect.code.CtIfImpl.accept(CtIfImpl.java:36)
	at spoon.reflect.visitor.CtScanner.scan(CtScanner.java:178)
	at spoon.reflect.visitor.CtScanner.scan(CtScanner.java:170)
	at spoon.reflect.visitor.CtScanner.scan(CtScanner.java:143)
	at spoon.reflect.visitor.CtScanner.visitCtBlock(CtScanner.java:300)
	at spoon.support.reflect.code.CtBlockImpl.accept(CtBlockImpl.java:58)
	at spoon.reflect.visitor.CtScanner.scan(CtScanner.java:178)
	at spoon.reflect.visitor.CtScanner.scan(CtScanner.java:170)
	at spoon.reflect.visitor.CtScanner.visitCtMethod(CtScanner.java:566)
	at spoon.support.reflect.declaration.CtMethodImpl.accept(CtMethodImpl.java:58)
	at spoon.reflect.visitor.CtScanner.scan(CtScanner.java:178)
	at spoon.reflect.visitor.CtScanner.scan(CtScanner.java:170)
	at spoon.reflect.visitor.CtScanner.scan(CtScanner.java:143)
	at spoon.reflect.visitor.CtScanner.visitCtClass(CtScanner.java:336)
	at spoon.support.reflect.declaration.CtClassImpl.accept(CtClassImpl.java:58)
	at spoon.reflect.visitor.CtScanner.scan(CtScanner.java:178)
	at spoon.reflect.visitor.CtScanner.scan(CtScanner.java:170)
	at spoon.reflect.visitor.CtScanner.scan(CtScanner.java:143)
	at spoon.reflect.visitor.CtScanner.visitCtPackage(CtScanner.java:656)
	at spoon.support.reflect.declaration.CtPackageImpl.accept(CtPackageImpl.java:89)
	at spoon.reflect.visitor.CtScanner.scan(CtScanner.java:178)
	at spoon.reflect.visitor.CtScanner.scan(CtScanner.java:170)
	at spoon.reflect.visitor.CtScanner.scan(CtScanner.java:143)
	at spoon.reflect.visitor.CtScanner.visitCtPackage(CtScanner.java:655)
	at spoon.support.reflect.declaration.CtPackageImpl.accept(CtPackageImpl.java:89)
	at spoon.reflect.visitor.CtScanner.scan(CtScanner.java:178)
	at spoon.reflect.visitor.CtScanner.scan(CtScanner.java:170)
	at spoon.reflect.visitor.CtScanner.scan(CtScanner.java:143)
	at spoon.reflect.visitor.CtScanner.visitCtPackage(CtScanner.java:655)
	at spoon.support.reflect.declaration.CtPackageImpl.accept(CtPackageImpl.java:89)
	at spoon.reflect.visitor.CtScanner.scan(CtScanner.java:178)
	at spoon.reflect.visitor.CtScanner.scan(CtScanner.java:170)
	at spoon.reflect.visitor.CtScanner.scan(CtScanner.java:143)
	at spoon.reflect.visitor.CtScanner.visitCtPackage(CtScanner.java:655)
	at spoon.support.reflect.declaration.CtPackageImpl.accept(CtPackageImpl.java:89)
	at spoon.reflect.visitor.CtScanner.scan(CtScanner.java:178)
	at spoon.reflect.visitor.CtScanner.scan(CtScanner.java:170)
	at spoon.reflect.visitor.CtScanner.scan(CtScanner.java:143)
	at spoon.reflect.visitor.CtScanner.visitCtPackage(CtScanner.java:655)
	at spoon.support.reflect.declaration.CtPackageImpl.accept(CtPackageImpl.java:89)
	at spoon.reflect.visitor.CtScanner.scan(CtScanner.java:178)
	at spoon.reflect.visitor.CtScanner.scan(CtScanner.java:170)
	at spoon.reflect.visitor.CtScanner.scan(CtScanner.java:143)
	at spoon.reflect.visitor.CtScanner.visitCtPackage(CtScanner.java:655)
	at spoon.support.reflect.declaration.CtPackageImpl.accept(CtPackageImpl.java:89)
	at spoon.reflect.visitor.CtScanner.scan(CtScanner.java:178)
	at spoon.reflect.visitor.CtScanner.scan(CtScanner.java:170)
	at spoon.reflect.visitor.CtScanner.visitCtModule(CtScanner.java:941)
	at spoon.reflect.factory.ModuleFactory$CtUnnamedModule.accept(ModuleFactory.java:96)
	at spoon.reflect.visitor.CtScanner.scan(CtScanner.java:178)
	at sorald.sonar.GreedyBestFitScanner.calculateBestFits(GreedyBestFitScanner.java:52)
	at sorald.Repair.lambda$repairModelWithInitializedProcessor$7(Repair.java:270)
	at java.base/java.util.stream.ReferencePipeline$3$1.accept(ReferencePipeline.java:195)
	at java.base/java.util.HashMap$KeySpliterator.forEachRemaining(HashMap.java:1603)
	at java.base/java.util.stream.AbstractPipeline.copyInto(AbstractPipeline.java:484)
	at java.base/java.util.stream.AbstractPipeline.wrapAndCopyInto(AbstractPipeline.java:474)
	at java.base/java.util.stream.ForEachOps$ForEachOp.evaluateSequential(ForEachOps.java:150)
	at java.base/java.util.stream.ForEachOps$ForEachOp$OfRef.evaluateSequential(ForEachOps.java:173)
	at java.base/java.util.stream.AbstractPipeline.evaluate(AbstractPipeline.java:234)
	at java.base/java.util.stream.ReferencePipeline.forEach(ReferencePipeline.java:497)
	at sorald.Repair.repairModelWithInitializedProcessor(Repair.java:273)
	at sorald.Repair.defaultRepair(Repair.java:176)
	at sorald.Repair.repair(Repair.java:153)
	at sorald.Repair.repair(Repair.java:97)
	at sorald.cli.RepairCommand.call(RepairCommand.java:123)
	at sorald.cli.RepairCommand.call(RepairCommand.java:27)
	at picocli.CommandLine.executeUserObject(CommandLine.java:1933)
	at picocli.CommandLine.access$1200(CommandLine.java:145)
	at picocli.CommandLine$RunLast.executeUserObjectOfLastSubcommandWithSameParent(CommandLine.java:2332)
	at picocli.CommandLine$RunLast.handle(CommandLine.java:2326)
	at picocli.CommandLine$RunLast.handle(CommandLine.java:2291)
	at picocli.CommandLine$AbstractParseResultHandler.execute(CommandLine.java:2159)
	at picocli.CommandLine.execute(CommandLine.java:2058)
	at sorald.Main.main(Main.java:7)
java.lang.IndexOutOfBoundsException: Index -1 out of bounds for length 1
	at java.base/jdk.internal.util.Preconditions.outOfBounds(Preconditions.java:64)
	at java.base/jdk.internal.util.Preconditions.outOfBoundsCheckIndex(Preconditions.java:70)
	at java.base/jdk.internal.util.Preconditions.checkIndex(Preconditions.java:248)
	at java.base/java.util.Objects.checkIndex(Objects.java:372)
	at java.base/java.util.ArrayList.get(ArrayList.java:459)
	at java.base/java.util.Collections$UnmodifiableList.get(Collections.java:1310)
	at sorald.processor.CastArithmeticOperandProcessor.getExpectedType(CastArithmeticOperandProcessor.java:84)
	at sorald.processor.CastArithmeticOperandProcessor.canRepairInternal(CastArithmeticOperandProcessor.java:27)
	at sorald.processor.CastArithmeticOperandProcessor.canRepairInternal(CastArithmeticOperandProcessor.java:15)
	at sorald.processor.SoraldAbstractProcessor.canRepair(SoraldAbstractProcessor.java:68)
	at sorald.sonar.GreedyBestFitScanner.enter(GreedyBestFitScanner.java:78)
	at spoon.reflect.visitor.CtScanner.visitCtBinaryOperator(CtScanner.java:287)
	at spoon.support.reflect.code.CtBinaryOperatorImpl.accept(CtBinaryOperatorImpl.java:34)
	at spoon.reflect.visitor.CtScanner.scan(CtScanner.java:178)
	at spoon.reflect.visitor.CtScanner.scan(CtScanner.java:170)
	at spoon.reflect.visitor.CtScanner.visitCtArrayRead(CtScanner.java:239)
	at spoon.support.reflect.code.CtArrayReadImpl.accept(CtArrayReadImpl.java:19)
	at spoon.reflect.visitor.CtScanner.scan(CtScanner.java:178)
	at spoon.reflect.visitor.CtScanner.scan(CtScanner.java:170)
	at spoon.reflect.visitor.CtScanner.visitCtInvocation(CtScanner.java:503)
	at spoon.support.reflect.code.CtInvocationImpl.accept(CtInvocationImpl.java:46)
	at spoon.reflect.visitor.CtScanner.scan(CtScanner.java:178)
	at spoon.reflect.visitor.CtScanner.scan(CtScanner.java:170)
	at spoon.reflect.visitor.CtScanner.visitCtIf(CtScanner.java:482)
	at spoon.support.reflect.code.CtIfImpl.accept(CtIfImpl.java:36)
	at spoon.reflect.visitor.CtScanner.scan(CtScanner.java:178)
	at spoon.reflect.visitor.CtScanner.scan(CtScanner.java:170)
	at spoon.reflect.visitor.CtScanner.scan(CtScanner.java:143)
	at spoon.reflect.visitor.CtScanner.visitCtBlock(CtScanner.java:300)
	at spoon.support.reflect.code.CtBlockImpl.accept(CtBlockImpl.java:58)
	at spoon.reflect.visitor.CtScanner.scan(CtScanner.java:178)
	at spoon.reflect.visitor.CtScanner.scan(CtScanner.java:170)
	at spoon.reflect.visitor.CtScanner.visitCtFor(CtScanner.java:464)
	at spoon.support.reflect.code.CtForImpl.accept(CtForImpl.java:40)
	at spoon.reflect.visitor.CtScanner.scan(CtScanner.java:178)
	at spoon.reflect.visitor.CtScanner.scan(CtScanner.java:170)
	at spoon.reflect.visitor.CtScanner.scan(CtScanner.java:143)
	at spoon.reflect.visitor.CtScanner.visitCtBlock(CtScanner.java:300)
	at spoon.support.reflect.code.CtBlockImpl.accept(CtBlockImpl.java:58)
	at spoon.reflect.visitor.CtScanner.scan(CtScanner.java:178)
	at spoon.reflect.visitor.CtScanner.scan(CtScanner.java:170)
	at spoon.reflect.visitor.CtScanner.visitCtMethod(CtScanner.java:566)
	at spoon.support.reflect.declaration.CtMethodImpl.accept(CtMethodImpl.java:58)
	at spoon.reflect.visitor.CtScanner.scan(CtScanner.java:178)
	at spoon.reflect.visitor.CtScanner.scan(CtScanner.java:170)
	at spoon.reflect.visitor.CtScanner.scan(CtScanner.java:143)
	at spoon.reflect.visitor.CtScanner.visitCtClass(CtScanner.java:336)
	at spoon.support.reflect.declaration.CtClassImpl.accept(CtClassImpl.java:58)
	at spoon.reflect.visitor.CtScanner.scan(CtScanner.java:178)
	at spoon.reflect.visitor.CtScanner.scan(CtScanner.java:170)
	at spoon.reflect.visitor.CtScanner.scan(CtScanner.java:143)
	at spoon.reflect.visitor.CtScanner.visitCtPackage(CtScanner.java:656)
	at spoon.support.reflect.declaration.CtPackageImpl.accept(CtPackageImpl.java:89)
	at spoon.reflect.visitor.CtScanner.scan(CtScanner.java:178)
	at spoon.reflect.visitor.CtScanner.scan(CtScanner.java:170)
	at spoon.reflect.visitor.CtScanner.scan(CtScanner.java:143)
	at spoon.reflect.visitor.CtScanner.visitCtPackage(CtScanner.java:655)
	at spoon.support.reflect.declaration.CtPackageImpl.accept(CtPackageImpl.java:89)
	at spoon.reflect.visitor.CtScanner.scan(CtScanner.java:178)
	at spoon.reflect.visitor.CtScanner.scan(CtScanner.java:170)
	at spoon.reflect.visitor.CtScanner.scan(CtScanner.java:143)
	at spoon.reflect.visitor.CtScanner.visitCtPackage(CtScanner.java:655)
	at spoon.support.reflect.declaration.CtPackageImpl.accept(CtPackageImpl.java:89)
	at spoon.reflect.visitor.CtScanner.scan(CtScanner.java:178)
	at spoon.reflect.visitor.CtScanner.scan(CtScanner.java:170)
	at spoon.reflect.visitor.CtScanner.scan(CtScanner.java:143)
	at spoon.reflect.visitor.CtScanner.visitCtPackage(CtScanner.java:655)
	at spoon.support.reflect.declaration.CtPackageImpl.accept(CtPackageImpl.java:89)
	at spoon.reflect.visitor.CtScanner.scan(CtScanner.java:178)
	at spoon.reflect.visitor.CtScanner.scan(CtScanner.java:170)
	at spoon.reflect.visitor.CtScanner.scan(CtScanner.java:143)
	at spoon.reflect.visitor.CtScanner.visitCtPackage(CtScanner.java:655)
	at spoon.support.reflect.declaration.CtPackageImpl.accept(CtPackageImpl.java:89)
	at spoon.reflect.visitor.CtScanner.scan(CtScanner.java:178)
	at spoon.reflect.visitor.CtScanner.scan(CtScanner.java:170)
	at spoon.reflect.visitor.CtScanner.scan(CtScanner.java:143)
	at spoon.reflect.visitor.CtScanner.visitCtPackage(CtScanner.java:655)
	at spoon.support.reflect.declaration.CtPackageImpl.accept(CtPackageImpl.java:89)
	at spoon.reflect.visitor.CtScanner.scan(CtScanner.java:178)
	at spoon.reflect.visitor.CtScanner.scan(CtScanner.java:170)
	at spoon.reflect.visitor.CtScanner.visitCtModule(CtScanner.java:941)
	at spoon.reflect.factory.ModuleFactory$CtUnnamedModule.accept(ModuleFactory.java:96)
	at spoon.reflect.visitor.CtScanner.scan(CtScanner.java:178)
	at sorald.sonar.GreedyBestFitScanner.calculateBestFits(GreedyBestFitScanner.java:52)
	at sorald.Repair.lambda$repairModelWithInitializedProcessor$7(Repair.java:270)
	at java.base/java.util.stream.ReferencePipeline$3$1.accept(ReferencePipeline.java:195)
	at java.base/java.util.HashMap$KeySpliterator.forEachRemaining(HashMap.java:1603)
	at java.base/java.util.stream.AbstractPipeline.copyInto(AbstractPipeline.java:484)
	at java.base/java.util.stream.AbstractPipeline.wrapAndCopyInto(AbstractPipeline.java:474)
	at java.base/java.util.stream.ForEachOps$ForEachOp.evaluateSequential(ForEachOps.java:150)
	at java.base/java.util.stream.ForEachOps$ForEachOp$OfRef.evaluateSequential(ForEachOps.java:173)
	at java.base/java.util.stream.AbstractPipeline.evaluate(AbstractPipeline.java:234)
	at java.base/java.util.stream.ReferencePipeline.forEach(ReferencePipeline.java:497)
	at sorald.Repair.repairModelWithInitializedProcessor(Repair.java:273)
	at sorald.Repair.defaultRepair(Repair.java:176)
	at sorald.Repair.repair(Repair.java:153)
	at sorald.Repair.repair(Repair.java:97)
	at sorald.cli.RepairCommand.call(RepairCommand.java:123)
	at sorald.cli.RepairCommand.call(RepairCommand.java:27)
	at picocli.CommandLine.executeUserObject(CommandLine.java:1933)
	at picocli.CommandLine.access$1200(CommandLine.java:145)
	at picocli.CommandLine$RunLast.executeUserObjectOfLastSubcommandWithSameParent(CommandLine.java:2332)
	at picocli.CommandLine$RunLast.handle(CommandLine.java:2326)
	at picocli.CommandLine$RunLast.handle(CommandLine.java:2291)
	at picocli.CommandLine$AbstractParseResultHandler.execute(CommandLine.java:2159)
	at picocli.CommandLine.execute(CommandLine.java:2058)
	at sorald.Main.main(Main.java:7)
java.lang.IndexOutOfBoundsException: Index -1 out of bounds for length 1
	at java.base/jdk.internal.util.Preconditions.outOfBounds(Preconditions.java:64)
	at java.base/jdk.internal.util.Preconditions.outOfBoundsCheckIndex(Preconditions.java:70)
	at java.base/jdk.internal.util.Preconditions.checkIndex(Preconditions.java:248)
	at java.base/java.util.Objects.checkIndex(Objects.java:372)
	at java.base/java.util.ArrayList.get(ArrayList.java:459)
	at java.base/java.util.Collections$UnmodifiableList.get(Collections.java:1310)
	at sorald.processor.CastArithmeticOperandProcessor.getExpectedType(CastArithmeticOperandProcessor.java:84)
	at sorald.processor.CastArithmeticOperandProcessor.canRepairInternal(CastArithmeticOperandProcessor.java:27)
	at sorald.processor.CastArithmeticOperandProcessor.canRepairInternal(CastArithmeticOperandProcessor.java:15)
	at sorald.processor.SoraldAbstractProcessor.canRepair(SoraldAbstractProcessor.java:68)
	at sorald.sonar.GreedyBestFitScanner.enter(GreedyBestFitScanner.java:78)
	at spoon.reflect.visitor.CtScanner.visitCtBinaryOperator(CtScanner.java:287)
	at spoon.support.reflect.code.CtBinaryOperatorImpl.accept(CtBinaryOperatorImpl.java:34)
	at spoon.reflect.visitor.CtScanner.scan(CtScanner.java:178)
	at spoon.reflect.visitor.CtScanner.scan(CtScanner.java:170)
	at spoon.reflect.visitor.CtScanner.visitCtArrayRead(CtScanner.java:239)
	at spoon.support.reflect.code.CtArrayReadImpl.accept(CtArrayReadImpl.java:19)
	at spoon.reflect.visitor.CtScanner.scan(CtScanner.java:178)
	at spoon.reflect.visitor.CtScanner.scan(CtScanner.java:170)
	at spoon.reflect.visitor.CtScanner.visitCtInvocation(CtScanner.java:503)
	at spoon.support.reflect.code.CtInvocationImpl.accept(CtInvocationImpl.java:46)
	at spoon.reflect.visitor.CtScanner.scan(CtScanner.java:178)
	at spoon.reflect.visitor.CtScanner.scan(CtScanner.java:170)
	at spoon.reflect.visitor.CtScanner.visitCtUnaryOperator(CtScanner.java:812)
	at spoon.support.reflect.code.CtUnaryOperatorImpl.accept(CtUnaryOperatorImpl.java:36)
	at spoon.reflect.visitor.CtScanner.scan(CtScanner.java:178)
	at spoon.reflect.visitor.CtScanner.scan(CtScanner.java:170)
	at spoon.reflect.visitor.CtScanner.visitCtBinaryOperator(CtScanner.java:292)
	at spoon.support.reflect.code.CtBinaryOperatorImpl.accept(CtBinaryOperatorImpl.java:34)
	at spoon.reflect.visitor.CtScanner.scan(CtScanner.java:178)
	at spoon.reflect.visitor.CtScanner.scan(CtScanner.java:170)
	at spoon.reflect.visitor.CtScanner.visitCtIf(CtScanner.java:482)
	at spoon.support.reflect.code.CtIfImpl.accept(CtIfImpl.java:36)
	at spoon.reflect.visitor.CtScanner.scan(CtScanner.java:178)
	at spoon.reflect.visitor.CtScanner.scan(CtScanner.java:170)
	at spoon.reflect.visitor.CtScanner.scan(CtScanner.java:143)
	at spoon.reflect.visitor.CtScanner.visitCtBlock(CtScanner.java:300)
	at spoon.support.reflect.code.CtBlockImpl.accept(CtBlockImpl.java:58)
	at spoon.reflect.visitor.CtScanner.scan(CtScanner.java:178)
	at spoon.reflect.visitor.CtScanner.scan(CtScanner.java:170)
	at spoon.reflect.visitor.CtScanner.visitCtIf(CtScanner.java:483)
	at spoon.support.reflect.code.CtIfImpl.accept(CtIfImpl.java:36)
	at spoon.reflect.visitor.CtScanner.scan(CtScanner.java:178)
	at spoon.reflect.visitor.CtScanner.scan(CtScanner.java:170)
	at spoon.reflect.visitor.CtScanner.scan(CtScanner.java:143)
	at spoon.reflect.visitor.CtScanner.visitCtBlock(CtScanner.java:300)
	at spoon.support.reflect.code.CtBlockImpl.accept(CtBlockImpl.java:58)
	at spoon.reflect.visitor.CtScanner.scan(CtScanner.java:178)
	at spoon.reflect.visitor.CtScanner.scan(CtScanner.java:170)
	at spoon.reflect.visitor.CtScanner.visitCtMethod(CtScanner.java:566)
	at spoon.support.reflect.declaration.CtMethodImpl.accept(CtMethodImpl.java:58)
	at spoon.reflect.visitor.CtScanner.scan(CtScanner.java:178)
	at spoon.reflect.visitor.CtScanner.scan(CtScanner.java:170)
	at spoon.reflect.visitor.CtScanner.scan(CtScanner.java:143)
	at spoon.reflect.visitor.CtScanner.visitCtClass(CtScanner.java:336)
	at spoon.support.reflect.declaration.CtClassImpl.accept(CtClassImpl.java:58)
	at spoon.reflect.visitor.CtScanner.scan(CtScanner.java:178)
	at spoon.reflect.visitor.CtScanner.scan(CtScanner.java:170)
	at spoon.reflect.visitor.CtScanner.scan(CtScanner.java:143)
	at spoon.reflect.visitor.CtScanner.visitCtClass(CtScanner.java:336)
	at spoon.support.reflect.declaration.CtClassImpl.accept(CtClassImpl.java:58)
	at spoon.reflect.visitor.CtScanner.scan(CtScanner.java:178)
	at spoon.reflect.visitor.CtScanner.scan(CtScanner.java:170)
	at spoon.reflect.visitor.CtScanner.scan(CtScanner.java:143)
	at spoon.reflect.visitor.CtScanner.visitCtPackage(CtScanner.java:656)
	at spoon.support.reflect.declaration.CtPackageImpl.accept(CtPackageImpl.java:89)
	at spoon.reflect.visitor.CtScanner.scan(CtScanner.java:178)
	at spoon.reflect.visitor.CtScanner.scan(CtScanner.java:170)
	at spoon.reflect.visitor.CtScanner.scan(CtScanner.java:143)
	at spoon.reflect.visitor.CtScanner.visitCtPackage(CtScanner.java:655)
	at spoon.support.reflect.declaration.CtPackageImpl.accept(CtPackageImpl.java:89)
	at spoon.reflect.visitor.CtScanner.scan(CtScanner.java:178)
	at spoon.reflect.visitor.CtScanner.scan(CtScanner.java:170)
	at spoon.reflect.visitor.CtScanner.scan(CtScanner.java:143)
	at spoon.reflect.visitor.CtScanner.visitCtPackage(CtScanner.java:655)
	at spoon.support.reflect.declaration.CtPackageImpl.accept(CtPackageImpl.java:89)
	at spoon.reflect.visitor.CtScanner.scan(CtScanner.java:178)
	at spoon.reflect.visitor.CtScanner.scan(CtScanner.java:170)
	at spoon.reflect.visitor.CtScanner.scan(CtScanner.java:143)
	at spoon.reflect.visitor.CtScanner.visitCtPackage(CtScanner.java:655)
	at spoon.support.reflect.declaration.CtPackageImpl.accept(CtPackageImpl.java:89)
	at spoon.reflect.visitor.CtScanner.scan(CtScanner.java:178)
	at spoon.reflect.visitor.CtScanner.scan(CtScanner.java:170)
	at spoon.reflect.visitor.CtScanner.scan(CtScanner.java:143)
	at spoon.reflect.visitor.CtScanner.visitCtPackage(CtScanner.java:655)
	at spoon.support.reflect.declaration.CtPackageImpl.accept(CtPackageImpl.java:89)
	at spoon.reflect.visitor.CtScanner.scan(CtScanner.java:178)
	at spoon.reflect.visitor.CtScanner.scan(CtScanner.java:170)
	at spoon.reflect.visitor.CtScanner.scan(CtScanner.java:143)
	at spoon.reflect.visitor.CtScanner.visitCtPackage(CtScanner.java:655)
	at spoon.support.reflect.declaration.CtPackageImpl.accept(CtPackageImpl.java:89)
	at spoon.reflect.visitor.CtScanner.scan(CtScanner.java:178)
	at spoon.reflect.visitor.CtScanner.scan(CtScanner.java:170)
	at spoon.reflect.visitor.CtScanner.visitCtModule(CtScanner.java:941)
	at spoon.reflect.factory.ModuleFactory$CtUnnamedModule.accept(ModuleFactory.java:96)
	at spoon.reflect.visitor.CtScanner.scan(CtScanner.java:178)
	at sorald.sonar.GreedyBestFitScanner.calculateBestFits(GreedyBestFitScanner.java:52)
	at sorald.Repair.lambda$repairModelWithInitializedProcessor$7(Repair.java:270)
	at java.base/java.util.stream.ReferencePipeline$3$1.accept(ReferencePipeline.java:195)
	at java.base/java.util.HashMap$KeySpliterator.forEachRemaining(HashMap.java:1603)
	at java.base/java.util.stream.AbstractPipeline.copyInto(AbstractPipeline.java:484)
	at java.base/java.util.stream.AbstractPipeline.wrapAndCopyInto(AbstractPipeline.java:474)
	at java.base/java.util.stream.ForEachOps$ForEachOp.evaluateSequential(ForEachOps.java:150)
	at java.base/java.util.stream.ForEachOps$ForEachOp$OfRef.evaluateSequential(ForEachOps.java:173)
	at java.base/java.util.stream.AbstractPipeline.evaluate(AbstractPipeline.java:234)
	at java.base/java.util.stream.ReferencePipeline.forEach(ReferencePipeline.java:497)
	at sorald.Repair.repairModelWithInitializedProcessor(Repair.java:273)
	at sorald.Repair.defaultRepair(Repair.java:176)
	at sorald.Repair.repair(Repair.java:153)
	at sorald.Repair.repair(Repair.java:97)
	at sorald.cli.RepairCommand.call(RepairCommand.java:123)
	at sorald.cli.RepairCommand.call(RepairCommand.java:27)
	at picocli.CommandLine.executeUserObject(CommandLine.java:1933)
	at picocli.CommandLine.access$1200(CommandLine.java:145)
	at picocli.CommandLine$RunLast.executeUserObjectOfLastSubcommandWithSameParent(CommandLine.java:2332)
	at picocli.CommandLine$RunLast.handle(CommandLine.java:2326)
	at picocli.CommandLine$RunLast.handle(CommandLine.java:2291)
	at picocli.CommandLine$AbstractParseResultHandler.execute(CommandLine.java:2159)
	at picocli.CommandLine.execute(CommandLine.java:2058)
	at sorald.Main.main(Main.java:7)
java.lang.IndexOutOfBoundsException: Index -1 out of bounds for length 1
	at java.base/jdk.internal.util.Preconditions.outOfBounds(Preconditions.java:64)
	at java.base/jdk.internal.util.Preconditions.outOfBoundsCheckIndex(Preconditions.java:70)
	at java.base/jdk.internal.util.Preconditions.checkIndex(Preconditions.java:248)
	at java.base/java.util.Objects.checkIndex(Objects.java:372)
	at java.base/java.util.ArrayList.get(ArrayList.java:459)
	at java.base/java.util.Collections$UnmodifiableList.get(Collections.java:1310)
	at sorald.processor.CastArithmeticOperandProcessor.getExpectedType(CastArithmeticOperandProcessor.java:84)
	at sorald.processor.CastArithmeticOperandProcessor.canRepairInternal(CastArithmeticOperandProcessor.java:27)
	at sorald.processor.CastArithmeticOperandProcessor.canRepairInternal(CastArithmeticOperandProcessor.java:15)
	at sorald.processor.SoraldAbstractProcessor.canRepair(SoraldAbstractProcessor.java:68)
	at sorald.sonar.GreedyBestFitScanner.enter(GreedyBestFitScanner.java:78)
	at spoon.reflect.visitor.CtScanner.visitCtBinaryOperator(CtScanner.java:287)
	at spoon.support.reflect.code.CtBinaryOperatorImpl.accept(CtBinaryOperatorImpl.java:34)
	at spoon.reflect.visitor.CtScanner.scan(CtScanner.java:178)
	at spoon.reflect.visitor.CtScanner.scan(CtScanner.java:170)
	at spoon.reflect.visitor.CtScanner.visitCtArrayRead(CtScanner.java:239)
	at spoon.support.reflect.code.CtArrayReadImpl.accept(CtArrayReadImpl.java:19)
	at spoon.reflect.visitor.CtScanner.scan(CtScanner.java:178)
	at spoon.reflect.visitor.CtScanner.scan(CtScanner.java:170)
	at spoon.reflect.visitor.CtScanner.visitCtInvocation(CtScanner.java:503)
	at spoon.support.reflect.code.CtInvocationImpl.accept(CtInvocationImpl.java:46)
	at spoon.reflect.visitor.CtScanner.scan(CtScanner.java:178)
	at spoon.reflect.visitor.CtScanner.scan(CtScanner.java:170)
	at spoon.reflect.visitor.CtScanner.visitCtUnaryOperator(CtScanner.java:812)
	at spoon.support.reflect.code.CtUnaryOperatorImpl.accept(CtUnaryOperatorImpl.java:36)
	at spoon.reflect.visitor.CtScanner.scan(CtScanner.java:178)
	at spoon.reflect.visitor.CtScanner.scan(CtScanner.java:170)
	at spoon.reflect.visitor.CtScanner.visitCtBinaryOperator(CtScanner.java:292)
	at spoon.support.reflect.code.CtBinaryOperatorImpl.accept(CtBinaryOperatorImpl.java:34)
	at spoon.reflect.visitor.CtScanner.scan(CtScanner.java:178)
	at spoon.reflect.visitor.CtScanner.scan(CtScanner.java:170)
	at spoon.reflect.visitor.CtScanner.visitCtIf(CtScanner.java:482)
	at spoon.support.reflect.code.CtIfImpl.accept(CtIfImpl.java:36)
	at spoon.reflect.visitor.CtScanner.scan(CtScanner.java:178)
	at spoon.reflect.visitor.CtScanner.scan(CtScanner.java:170)
	at spoon.reflect.visitor.CtScanner.scan(CtScanner.java:143)
	at spoon.reflect.visitor.CtScanner.visitCtBlock(CtScanner.java:300)
	at spoon.support.reflect.code.CtBlockImpl.accept(CtBlockImpl.java:58)
	at spoon.reflect.visitor.CtScanner.scan(CtScanner.java:178)
	at spoon.reflect.visitor.CtScanner.scan(CtScanner.java:170)
	at spoon.reflect.visitor.CtScanner.visitCtIf(CtScanner.java:483)
	at spoon.support.reflect.code.CtIfImpl.accept(CtIfImpl.java:36)
	at spoon.reflect.visitor.CtScanner.scan(CtScanner.java:178)
	at spoon.reflect.visitor.CtScanner.scan(CtScanner.java:170)
	at spoon.reflect.visitor.CtScanner.scan(CtScanner.java:143)
	at spoon.reflect.visitor.CtScanner.visitCtBlock(CtScanner.java:300)
	at spoon.support.reflect.code.CtBlockImpl.accept(CtBlockImpl.java:58)
	at spoon.reflect.visitor.CtScanner.scan(CtScanner.java:178)
	at spoon.reflect.visitor.CtScanner.scan(CtScanner.java:170)
	at spoon.reflect.visitor.CtScanner.visitCtMethod(CtScanner.java:566)
	at spoon.support.reflect.declaration.CtMethodImpl.accept(CtMethodImpl.java:58)
	at spoon.reflect.visitor.CtScanner.scan(CtScanner.java:178)
	at spoon.reflect.visitor.CtScanner.scan(CtScanner.java:170)
	at spoon.reflect.visitor.CtScanner.scan(CtScanner.java:143)
	at spoon.reflect.visitor.CtScanner.visitCtClass(CtScanner.java:336)
	at spoon.support.reflect.declaration.CtClassImpl.accept(CtClassImpl.java:58)
	at spoon.reflect.visitor.CtScanner.scan(CtScanner.java:178)
	at spoon.reflect.visitor.CtScanner.scan(CtScanner.java:170)
	at spoon.reflect.visitor.CtScanner.scan(CtScanner.java:143)
	at spoon.reflect.visitor.CtScanner.visitCtClass(CtScanner.java:336)
	at spoon.support.reflect.declaration.CtClassImpl.accept(CtClassImpl.java:58)
	at spoon.reflect.visitor.CtScanner.scan(CtScanner.java:178)
	at spoon.reflect.visitor.CtScanner.scan(CtScanner.java:170)
	at spoon.reflect.visitor.CtScanner.scan(CtScanner.java:143)
	at spoon.reflect.visitor.CtScanner.visitCtPackage(CtScanner.java:656)
	at spoon.support.reflect.declaration.CtPackageImpl.accept(CtPackageImpl.java:89)
	at spoon.reflect.visitor.CtScanner.scan(CtScanner.java:178)
	at spoon.reflect.visitor.CtScanner.scan(CtScanner.java:170)
	at spoon.reflect.visitor.CtScanner.scan(CtScanner.java:143)
	at spoon.reflect.visitor.CtScanner.visitCtPackage(CtScanner.java:655)
	at spoon.support.reflect.declaration.CtPackageImpl.accept(CtPackageImpl.java:89)
	at spoon.reflect.visitor.CtScanner.scan(CtScanner.java:178)
	at spoon.reflect.visitor.CtScanner.scan(CtScanner.java:170)
	at spoon.reflect.visitor.CtScanner.scan(CtScanner.java:143)
	at spoon.reflect.visitor.CtScanner.visitCtPackage(CtScanner.java:655)
	at spoon.support.reflect.declaration.CtPackageImpl.accept(CtPackageImpl.java:89)
	at spoon.reflect.visitor.CtScanner.scan(CtScanner.java:178)
	at spoon.reflect.visitor.CtScanner.scan(CtScanner.java:170)
	at spoon.reflect.visitor.CtScanner.scan(CtScanner.java:143)
	at spoon.reflect.visitor.CtScanner.visitCtPackage(CtScanner.java:655)
	at spoon.support.reflect.declaration.CtPackageImpl.accept(CtPackageImpl.java:89)
	at spoon.reflect.visitor.CtScanner.scan(CtScanner.java:178)
	at spoon.reflect.visitor.CtScanner.scan(CtScanner.java:170)
	at spoon.reflect.visitor.CtScanner.scan(CtScanner.java:143)
	at spoon.reflect.visitor.CtScanner.visitCtPackage(CtScanner.java:655)
	at spoon.support.reflect.declaration.CtPackageImpl.accept(CtPackageImpl.java:89)
	at spoon.reflect.visitor.CtScanner.scan(CtScanner.java:178)
	at spoon.reflect.visitor.CtScanner.scan(CtScanner.java:170)
	at spoon.reflect.visitor.CtScanner.scan(CtScanner.java:143)
	at spoon.reflect.visitor.CtScanner.visitCtPackage(CtScanner.java:655)
	at spoon.support.reflect.declaration.CtPackageImpl.accept(CtPackageImpl.java:89)
	at spoon.reflect.visitor.CtScanner.scan(CtScanner.java:178)
	at spoon.reflect.visitor.CtScanner.scan(CtScanner.java:170)
	at spoon.reflect.visitor.CtScanner.visitCtModule(CtScanner.java:941)
	at spoon.reflect.factory.ModuleFactory$CtUnnamedModule.accept(ModuleFactory.java:96)
	at spoon.reflect.visitor.CtScanner.scan(CtScanner.java:178)
	at sorald.sonar.GreedyBestFitScanner.calculateBestFits(GreedyBestFitScanner.java:52)
	at sorald.Repair.lambda$repairModelWithInitializedProcessor$7(Repair.java:270)
	at java.base/java.util.stream.ReferencePipeline$3$1.accept(ReferencePipeline.java:195)
	at java.base/java.util.HashMap$KeySpliterator.forEachRemaining(HashMap.java:1603)
	at java.base/java.util.stream.AbstractPipeline.copyInto(AbstractPipeline.java:484)
	at java.base/java.util.stream.AbstractPipeline.wrapAndCopyInto(AbstractPipeline.java:474)
	at java.base/java.util.stream.ForEachOps$ForEachOp.evaluateSequential(ForEachOps.java:150)
	at java.base/java.util.stream.ForEachOps$ForEachOp$OfRef.evaluateSequential(ForEachOps.java:173)
	at java.base/java.util.stream.AbstractPipeline.evaluate(AbstractPipeline.java:234)
	at java.base/java.util.stream.ReferencePipeline.forEach(ReferencePipeline.java:497)
	at sorald.Repair.repairModelWithInitializedProcessor(Repair.java:273)
	at sorald.Repair.defaultRepair(Repair.java:176)
	at sorald.Repair.repair(Repair.java:153)
	at sorald.Repair.repair(Repair.java:97)
	at sorald.cli.RepairCommand.call(RepairCommand.java:123)
	at sorald.cli.RepairCommand.call(RepairCommand.java:27)
	at picocli.CommandLine.executeUserObject(CommandLine.java:1933)
	at picocli.CommandLine.access$1200(CommandLine.java:145)
	at picocli.CommandLine$RunLast.executeUserObjectOfLastSubcommandWithSameParent(CommandLine.java:2332)
	at picocli.CommandLine$RunLast.handle(CommandLine.java:2326)
	at picocli.CommandLine$RunLast.handle(CommandLine.java:2291)
	at picocli.CommandLine$AbstractParseResultHandler.execute(CommandLine.java:2159)
	at picocli.CommandLine.execute(CommandLine.java:2058)
	at sorald.Main.main(Main.java:7)
java.lang.IndexOutOfBoundsException: Index: -1
	at java.base/java.util.Collections$EmptyList.get(Collections.java:4483)
	at sorald.processor.CastArithmeticOperandProcessor.getExpectedType(CastArithmeticOperandProcessor.java:84)
	at sorald.processor.CastArithmeticOperandProcessor.canRepairInternal(CastArithmeticOperandProcessor.java:27)
	at sorald.processor.CastArithmeticOperandProcessor.canRepairInternal(CastArithmeticOperandProcessor.java:15)
	at sorald.processor.SoraldAbstractProcessor.canRepair(SoraldAbstractProcessor.java:68)
	at sorald.sonar.GreedyBestFitScanner.enter(GreedyBestFitScanner.java:78)
	at spoon.reflect.visitor.CtScanner.visitCtBinaryOperator(CtScanner.java:287)
	at spoon.support.reflect.code.CtBinaryOperatorImpl.accept(CtBinaryOperatorImpl.java:34)
	at spoon.reflect.visitor.CtScanner.scan(CtScanner.java:178)
	at spoon.reflect.visitor.CtScanner.scan(CtScanner.java:170)
	at spoon.reflect.visitor.CtScanner.visitCtAssignment(CtScanner.java:281)
	at spoon.support.reflect.code.CtAssignmentImpl.accept(CtAssignmentImpl.java:45)
	at spoon.reflect.visitor.CtScanner.scan(CtScanner.java:178)
	at spoon.reflect.visitor.CtScanner.scan(CtScanner.java:170)
	at spoon.reflect.visitor.CtScanner.scan(CtScanner.java:143)
	at spoon.reflect.visitor.CtScanner.visitCtBlock(CtScanner.java:300)
	at spoon.support.reflect.code.CtBlockImpl.accept(CtBlockImpl.java:58)
	at spoon.reflect.visitor.CtScanner.scan(CtScanner.java:178)
	at spoon.reflect.visitor.CtScanner.scan(CtScanner.java:170)
	at spoon.reflect.visitor.CtScanner.visitCtIf(CtScanner.java:483)
	at spoon.support.reflect.code.CtIfImpl.accept(CtIfImpl.java:36)
	at spoon.reflect.visitor.CtScanner.scan(CtScanner.java:178)
	at spoon.reflect.visitor.CtScanner.scan(CtScanner.java:170)
	at spoon.reflect.visitor.CtScanner.scan(CtScanner.java:143)
	at spoon.reflect.visitor.CtScanner.visitCtBlock(CtScanner.java:300)
	at spoon.support.reflect.code.CtBlockImpl.accept(CtBlockImpl.java:58)
	at spoon.reflect.visitor.CtScanner.scan(CtScanner.java:178)
	at spoon.reflect.visitor.CtScanner.scan(CtScanner.java:170)
	at spoon.reflect.visitor.CtScanner.visitCtMethod(CtScanner.java:566)
	at spoon.support.reflect.declaration.CtMethodImpl.accept(CtMethodImpl.java:58)
	at spoon.reflect.visitor.CtScanner.scan(CtScanner.java:178)
	at spoon.reflect.visitor.CtScanner.scan(CtScanner.java:170)
	at spoon.reflect.visitor.CtScanner.scan(CtScanner.java:143)
	at spoon.reflect.visitor.CtScanner.visitCtClass(CtScanner.java:336)
	at spoon.support.reflect.declaration.CtClassImpl.accept(CtClassImpl.java:58)
	at spoon.reflect.visitor.CtScanner.scan(CtScanner.java:178)
	at spoon.reflect.visitor.CtScanner.scan(CtScanner.java:170)
	at spoon.reflect.visitor.CtScanner.visitCtNewClass(CtScanner.java:611)
	at spoon.support.reflect.code.CtNewClassImpl.accept(CtNewClassImpl.java:25)
	at spoon.reflect.visitor.CtScanner.scan(CtScanner.java:178)
	at spoon.reflect.visitor.CtScanner.scan(CtScanner.java:170)
	at spoon.reflect.visitor.CtScanner.scan(CtScanner.java:143)
	at spoon.reflect.visitor.CtScanner.visitCtInvocation(CtScanner.java:505)
	at spoon.support.reflect.code.CtInvocationImpl.accept(CtInvocationImpl.java:46)
	at spoon.reflect.visitor.CtScanner.scan(CtScanner.java:178)
	at spoon.reflect.visitor.CtScanner.scan(CtScanner.java:170)
	at spoon.reflect.visitor.CtScanner.visitCtLocalVariable(CtScanner.java:532)
	at spoon.support.reflect.code.CtLocalVariableImpl.accept(CtLocalVariableImpl.java:51)
	at spoon.reflect.visitor.CtScanner.scan(CtScanner.java:178)
	at spoon.reflect.visitor.CtScanner.scan(CtScanner.java:170)
	at spoon.reflect.visitor.CtScanner.scan(CtScanner.java:143)
	at spoon.reflect.visitor.CtScanner.visitCtBlock(CtScanner.java:300)
	at spoon.support.reflect.code.CtBlockImpl.accept(CtBlockImpl.java:58)
	at spoon.reflect.visitor.CtScanner.scan(CtScanner.java:178)
	at spoon.reflect.visitor.CtScanner.scan(CtScanner.java:170)
	at spoon.reflect.visitor.CtScanner.visitCtMethod(CtScanner.java:566)
	at spoon.support.reflect.declaration.CtMethodImpl.accept(CtMethodImpl.java:58)
	at spoon.reflect.visitor.CtScanner.scan(CtScanner.java:178)
	at spoon.reflect.visitor.CtScanner.scan(CtScanner.java:170)
	at spoon.reflect.visitor.CtScanner.scan(CtScanner.java:143)
	at spoon.reflect.visitor.CtScanner.visitCtClass(CtScanner.java:336)
	at spoon.support.reflect.declaration.CtClassImpl.accept(CtClassImpl.java:58)
	at spoon.reflect.visitor.CtScanner.scan(CtScanner.java:178)
	at spoon.reflect.visitor.CtScanner.scan(CtScanner.java:170)
	at spoon.reflect.visitor.CtScanner.scan(CtScanner.java:143)
	at spoon.reflect.visitor.CtScanner.visitCtPackage(CtScanner.java:656)
	at spoon.support.reflect.declaration.CtPackageImpl.accept(CtPackageImpl.java:89)
	at spoon.reflect.visitor.CtScanner.scan(CtScanner.java:178)
	at spoon.reflect.visitor.CtScanner.scan(CtScanner.java:170)
	at spoon.reflect.visitor.CtScanner.scan(CtScanner.java:143)
	at spoon.reflect.visitor.CtScanner.visitCtPackage(CtScanner.java:655)
	at spoon.support.reflect.declaration.CtPackageImpl.accept(CtPackageImpl.java:89)
	at spoon.reflect.visitor.CtScanner.scan(CtScanner.java:178)
	at spoon.reflect.visitor.CtScanner.scan(CtScanner.java:170)
	at spoon.reflect.visitor.CtScanner.scan(CtScanner.java:143)
	at spoon.reflect.visitor.CtScanner.visitCtPackage(CtScanner.java:655)
	at spoon.support.reflect.declaration.CtPackageImpl.accept(CtPackageImpl.java:89)
	at spoon.reflect.visitor.CtScanner.scan(CtScanner.java:178)
	at spoon.reflect.visitor.CtScanner.scan(CtScanner.java:170)
	at spoon.reflect.visitor.CtScanner.scan(CtScanner.java:143)
	at spoon.reflect.visitor.CtScanner.visitCtPackage(CtScanner.java:655)
	at spoon.support.reflect.declaration.CtPackageImpl.accept(CtPackageImpl.java:89)
	at spoon.reflect.visitor.CtScanner.scan(CtScanner.java:178)
	at spoon.reflect.visitor.CtScanner.scan(CtScanner.java:170)
	at spoon.reflect.visitor.CtScanner.scan(CtScanner.java:143)
	at spoon.reflect.visitor.CtScanner.visitCtPackage(CtScanner.java:655)
	at spoon.support.reflect.declaration.CtPackageImpl.accept(CtPackageImpl.java:89)
	at spoon.reflect.visitor.CtScanner.scan(CtScanner.java:178)
	at spoon.reflect.visitor.CtScanner.scan(CtScanner.java:170)
	at spoon.reflect.visitor.CtScanner.visitCtModule(CtScanner.java:941)
	at spoon.reflect.factory.ModuleFactory$CtUnnamedModule.accept(ModuleFactory.java:96)
	at spoon.reflect.visitor.CtScanner.scan(CtScanner.java:178)
	at sorald.sonar.GreedyBestFitScanner.calculateBestFits(GreedyBestFitScanner.java:52)
	at sorald.Repair.lambda$repairModelWithInitializedProcessor$7(Repair.java:270)
	at java.base/java.util.stream.ReferencePipeline$3$1.accept(ReferencePipeline.java:195)
	at java.base/java.util.HashMap$KeySpliterator.forEachRemaining(HashMap.java:1603)
	at java.base/java.util.stream.AbstractPipeline.copyInto(AbstractPipeline.java:484)
	at java.base/java.util.stream.AbstractPipeline.wrapAndCopyInto(AbstractPipeline.java:474)
	at java.base/java.util.stream.ForEachOps$ForEachOp.evaluateSequential(ForEachOps.java:150)
	at java.base/java.util.stream.ForEachOps$ForEachOp$OfRef.evaluateSequential(ForEachOps.java:173)
	at java.base/java.util.stream.AbstractPipeline.evaluate(AbstractPipeline.java:234)
	at java.base/java.util.stream.ReferencePipeline.forEach(ReferencePipeline.java:497)
	at sorald.Repair.repairModelWithInitializedProcessor(Repair.java:273)
	at sorald.Repair.defaultRepair(Repair.java:176)
	at sorald.Repair.repair(Repair.java:153)
	at sorald.Repair.repair(Repair.java:97)
	at sorald.cli.RepairCommand.call(RepairCommand.java:123)
	at sorald.cli.RepairCommand.call(RepairCommand.java:27)
	at picocli.CommandLine.executeUserObject(CommandLine.java:1933)
	at picocli.CommandLine.access$1200(CommandLine.java:145)
	at picocli.CommandLine$RunLast.executeUserObjectOfLastSubcommandWithSameParent(CommandLine.java:2332)
	at picocli.CommandLine$RunLast.handle(CommandLine.java:2326)
	at picocli.CommandLine$RunLast.handle(CommandLine.java:2291)
	at picocli.CommandLine$AbstractParseResultHandler.execute(CommandLine.java:2159)
	at picocli.CommandLine.execute(CommandLine.java:2058)
	at sorald.Main.main(Main.java:7)
java.lang.IndexOutOfBoundsException: Index: -1
	at java.base/java.util.Collections$EmptyList.get(Collections.java:4483)
	at sorald.processor.CastArithmeticOperandProcessor.getExpectedType(CastArithmeticOperandProcessor.java:84)
	at sorald.processor.CastArithmeticOperandProcessor.canRepairInternal(CastArithmeticOperandProcessor.java:27)
	at sorald.processor.CastArithmeticOperandProcessor.canRepairInternal(CastArithmeticOperandProcessor.java:15)
	at sorald.processor.SoraldAbstractProcessor.canRepair(SoraldAbstractProcessor.java:68)
	at sorald.sonar.GreedyBestFitScanner.enter(GreedyBestFitScanner.java:78)
	at spoon.reflect.visitor.CtScanner.visitCtBinaryOperator(CtScanner.java:287)
	at spoon.support.reflect.code.CtBinaryOperatorImpl.accept(CtBinaryOperatorImpl.java:34)
	at spoon.reflect.visitor.CtScanner.scan(CtScanner.java:178)
	at spoon.reflect.visitor.CtScanner.scan(CtScanner.java:170)
	at spoon.reflect.visitor.CtScanner.visitCtBinaryOperator(CtScanner.java:292)
	at spoon.support.reflect.code.CtBinaryOperatorImpl.accept(CtBinaryOperatorImpl.java:34)
	at spoon.reflect.visitor.CtScanner.scan(CtScanner.java:178)
	at spoon.reflect.visitor.CtScanner.scan(CtScanner.java:170)
	at spoon.reflect.visitor.CtScanner.visitCtIf(CtScanner.java:482)
	at spoon.support.reflect.code.CtIfImpl.accept(CtIfImpl.java:36)
	at spoon.reflect.visitor.CtScanner.scan(CtScanner.java:178)
	at spoon.reflect.visitor.CtScanner.scan(CtScanner.java:170)
	at spoon.reflect.visitor.CtScanner.scan(CtScanner.java:143)
	at spoon.reflect.visitor.CtScanner.visitCtBlock(CtScanner.java:300)
	at spoon.support.reflect.code.CtBlockImpl.accept(CtBlockImpl.java:58)
	at spoon.reflect.visitor.CtScanner.scan(CtScanner.java:178)
	at spoon.reflect.visitor.CtScanner.scan(CtScanner.java:170)
	at spoon.reflect.visitor.CtScanner.visitCtMethod(CtScanner.java:566)
	at spoon.support.reflect.declaration.CtMethodImpl.accept(CtMethodImpl.java:58)
	at spoon.reflect.visitor.CtScanner.scan(CtScanner.java:178)
	at spoon.reflect.visitor.CtScanner.scan(CtScanner.java:170)
	at spoon.reflect.visitor.CtScanner.scan(CtScanner.java:143)
	at spoon.reflect.visitor.CtScanner.visitCtClass(CtScanner.java:336)
	at spoon.support.reflect.declaration.CtClassImpl.accept(CtClassImpl.java:58)
	at spoon.reflect.visitor.CtScanner.scan(CtScanner.java:178)
	at spoon.reflect.visitor.CtScanner.scan(CtScanner.java:170)
	at spoon.reflect.visitor.CtScanner.visitCtNewClass(CtScanner.java:611)
	at spoon.support.reflect.code.CtNewClassImpl.accept(CtNewClassImpl.java:25)
	at spoon.reflect.visitor.CtScanner.scan(CtScanner.java:178)
	at spoon.reflect.visitor.CtScanner.scan(CtScanner.java:170)
	at spoon.reflect.visitor.CtScanner.scan(CtScanner.java:143)
	at spoon.reflect.visitor.CtScanner.visitCtInvocation(CtScanner.java:505)
	at spoon.support.reflect.code.CtInvocationImpl.accept(CtInvocationImpl.java:46)
	at spoon.reflect.visitor.CtScanner.scan(CtScanner.java:178)
	at spoon.reflect.visitor.CtScanner.scan(CtScanner.java:170)
	at spoon.reflect.visitor.CtScanner.visitCtLocalVariable(CtScanner.java:532)
	at spoon.support.reflect.code.CtLocalVariableImpl.accept(CtLocalVariableImpl.java:51)
	at spoon.reflect.visitor.CtScanner.scan(CtScanner.java:178)
	at spoon.reflect.visitor.CtScanner.scan(CtScanner.java:170)
	at spoon.reflect.visitor.CtScanner.scan(CtScanner.java:143)
	at spoon.reflect.visitor.CtScanner.visitCtBlock(CtScanner.java:300)
	at spoon.support.reflect.code.CtBlockImpl.accept(CtBlockImpl.java:58)
	at spoon.reflect.visitor.CtScanner.scan(CtScanner.java:178)
	at spoon.reflect.visitor.CtScanner.scan(CtScanner.java:170)
	at spoon.reflect.visitor.CtScanner.visitCtMethod(CtScanner.java:566)
	at spoon.support.reflect.declaration.CtMethodImpl.accept(CtMethodImpl.java:58)
	at spoon.reflect.visitor.CtScanner.scan(CtScanner.java:178)
	at spoon.reflect.visitor.CtScanner.scan(CtScanner.java:170)
	at spoon.reflect.visitor.CtScanner.scan(CtScanner.java:143)
	at spoon.reflect.visitor.CtScanner.visitCtClass(CtScanner.java:336)
	at spoon.support.reflect.declaration.CtClassImpl.accept(CtClassImpl.java:58)
	at spoon.reflect.visitor.CtScanner.scan(CtScanner.java:178)
	at spoon.reflect.visitor.CtScanner.scan(CtScanner.java:170)
	at spoon.reflect.visitor.CtScanner.scan(CtScanner.java:143)
	at spoon.reflect.visitor.CtScanner.visitCtPackage(CtScanner.java:656)
	at spoon.support.reflect.declaration.CtPackageImpl.accept(CtPackageImpl.java:89)
	at spoon.reflect.visitor.CtScanner.scan(CtScanner.java:178)
	at spoon.reflect.visitor.CtScanner.scan(CtScanner.java:170)
	at spoon.reflect.visitor.CtScanner.scan(CtScanner.java:143)
	at spoon.reflect.visitor.CtScanner.visitCtPackage(CtScanner.java:655)
	at spoon.support.reflect.declaration.CtPackageImpl.accept(CtPackageImpl.java:89)
	at spoon.reflect.visitor.CtScanner.scan(CtScanner.java:178)
	at spoon.reflect.visitor.CtScanner.scan(CtScanner.java:170)
	at spoon.reflect.visitor.CtScanner.scan(CtScanner.java:143)
	at spoon.reflect.visitor.CtScanner.visitCtPackage(CtScanner.java:655)
	at spoon.support.reflect.declaration.CtPackageImpl.accept(CtPackageImpl.java:89)
	at spoon.reflect.visitor.CtScanner.scan(CtScanner.java:178)
	at spoon.reflect.visitor.CtScanner.scan(CtScanner.java:170)
	at spoon.reflect.visitor.CtScanner.scan(CtScanner.java:143)
	at spoon.reflect.visitor.CtScanner.visitCtPackage(CtScanner.java:655)
	at spoon.support.reflect.declaration.CtPackageImpl.accept(CtPackageImpl.java:89)
	at spoon.reflect.visitor.CtScanner.scan(CtScanner.java:178)
	at spoon.reflect.visitor.CtScanner.scan(CtScanner.java:170)
	at spoon.reflect.visitor.CtScanner.scan(CtScanner.java:143)
	at spoon.reflect.visitor.CtScanner.visitCtPackage(CtScanner.java:655)
	at spoon.support.reflect.declaration.CtPackageImpl.accept(CtPackageImpl.java:89)
	at spoon.reflect.visitor.CtScanner.scan(CtScanner.java:178)
	at spoon.reflect.visitor.CtScanner.scan(CtScanner.java:170)
	at spoon.reflect.visitor.CtScanner.visitCtModule(CtScanner.java:941)
	at spoon.reflect.factory.ModuleFactory$CtUnnamedModule.accept(ModuleFactory.java:96)
	at spoon.reflect.visitor.CtScanner.scan(CtScanner.java:178)
	at sorald.sonar.GreedyBestFitScanner.calculateBestFits(GreedyBestFitScanner.java:52)
	at sorald.Repair.lambda$repairModelWithInitializedProcessor$7(Repair.java:270)
	at java.base/java.util.stream.ReferencePipeline$3$1.accept(ReferencePipeline.java:195)
	at java.base/java.util.HashMap$KeySpliterator.forEachRemaining(HashMap.java:1603)
	at java.base/java.util.stream.AbstractPipeline.copyInto(AbstractPipeline.java:484)
	at java.base/java.util.stream.AbstractPipeline.wrapAndCopyInto(AbstractPipeline.java:474)
	at java.base/java.util.stream.ForEachOps$ForEachOp.evaluateSequential(ForEachOps.java:150)
	at java.base/java.util.stream.ForEachOps$ForEachOp$OfRef.evaluateSequential(ForEachOps.java:173)
	at java.base/java.util.stream.AbstractPipeline.evaluate(AbstractPipeline.java:234)
	at java.base/java.util.stream.ReferencePipeline.forEach(ReferencePipeline.java:497)
	at sorald.Repair.repairModelWithInitializedProcessor(Repair.java:273)
	at sorald.Repair.defaultRepair(Repair.java:176)
	at sorald.Repair.repair(Repair.java:153)
	at sorald.Repair.repair(Repair.java:97)
	at sorald.cli.RepairCommand.call(RepairCommand.java:123)
	at sorald.cli.RepairCommand.call(RepairCommand.java:27)
	at picocli.CommandLine.executeUserObject(CommandLine.java:1933)
	at picocli.CommandLine.access$1200(CommandLine.java:145)
	at picocli.CommandLine$RunLast.executeUserObjectOfLastSubcommandWithSameParent(CommandLine.java:2332)
	at picocli.CommandLine$RunLast.handle(CommandLine.java:2326)
	at picocli.CommandLine$RunLast.handle(CommandLine.java:2291)
	at picocli.CommandLine$AbstractParseResultHandler.execute(CommandLine.java:2159)
	at picocli.CommandLine.execute(CommandLine.java:2058)
	at sorald.Main.main(Main.java:7)
java.lang.IndexOutOfBoundsException: Index 4 out of bounds for length 2
	at java.base/jdk.internal.util.Preconditions.outOfBounds(Preconditions.java:64)
	at java.base/jdk.internal.util.Preconditions.outOfBoundsCheckIndex(Preconditions.java:70)
	at java.base/jdk.internal.util.Preconditions.checkIndex(Preconditions.java:248)
	at java.base/java.util.Objects.checkIndex(Objects.java:372)
	at java.base/java.util.ArrayList.get(ArrayList.java:459)
	at java.base/java.util.Collections$UnmodifiableList.get(Collections.java:1310)
	at sorald.processor.CastArithmeticOperandProcessor.getExpectedType(CastArithmeticOperandProcessor.java:84)
	at sorald.processor.CastArithmeticOperandProcessor.canRepairInternal(CastArithmeticOperandProcessor.java:27)
	at sorald.processor.CastArithmeticOperandProcessor.canRepairInternal(CastArithmeticOperandProcessor.java:15)
	at sorald.processor.SoraldAbstractProcessor.canRepair(SoraldAbstractProcessor.java:68)
	at sorald.sonar.GreedyBestFitScanner.enter(GreedyBestFitScanner.java:78)
	at spoon.reflect.visitor.CtScanner.visitCtBinaryOperator(CtScanner.java:287)
	at spoon.support.reflect.code.CtBinaryOperatorImpl.accept(CtBinaryOperatorImpl.java:34)
	at spoon.reflect.visitor.CtScanner.scan(CtScanner.java:178)
	at spoon.reflect.visitor.CtScanner.scan(CtScanner.java:170)
	at spoon.reflect.visitor.CtScanner.visitCtBinaryOperator(CtScanner.java:291)
	at spoon.support.reflect.code.CtBinaryOperatorImpl.accept(CtBinaryOperatorImpl.java:34)
	at spoon.reflect.visitor.CtScanner.scan(CtScanner.java:178)
	at spoon.reflect.visitor.CtScanner.scan(CtScanner.java:170)
	at spoon.reflect.visitor.CtScanner.scan(CtScanner.java:143)
	at spoon.reflect.visitor.CtScanner.visitCtInvocation(CtScanner.java:505)
	at spoon.support.reflect.code.CtInvocationImpl.accept(CtInvocationImpl.java:46)
	at spoon.reflect.visitor.CtScanner.scan(CtScanner.java:178)
	at spoon.reflect.visitor.CtScanner.scan(CtScanner.java:170)
	at spoon.reflect.visitor.CtScanner.visitCtReturn(CtScanner.java:685)
	at spoon.support.reflect.code.CtReturnImpl.accept(CtReturnImpl.java:27)
	at spoon.reflect.visitor.CtScanner.scan(CtScanner.java:178)
	at spoon.reflect.visitor.CtScanner.scan(CtScanner.java:170)
	at spoon.reflect.visitor.CtScanner.scan(CtScanner.java:143)
	at spoon.reflect.visitor.CtScanner.visitCtBlock(CtScanner.java:300)
	at spoon.support.reflect.code.CtBlockImpl.accept(CtBlockImpl.java:58)
	at spoon.reflect.visitor.CtScanner.scan(CtScanner.java:178)
	at spoon.reflect.visitor.CtScanner.scan(CtScanner.java:170)
	at spoon.reflect.visitor.CtScanner.visitCtMethod(CtScanner.java:566)
	at spoon.support.reflect.declaration.CtMethodImpl.accept(CtMethodImpl.java:58)
	at spoon.reflect.visitor.CtScanner.scan(CtScanner.java:178)
	at spoon.reflect.visitor.CtScanner.scan(CtScanner.java:170)
	at spoon.reflect.visitor.CtScanner.scan(CtScanner.java:143)
	at spoon.reflect.visitor.CtScanner.visitCtClass(CtScanner.java:336)
	at spoon.support.reflect.declaration.CtClassImpl.accept(CtClassImpl.java:58)
	at spoon.reflect.visitor.CtScanner.scan(CtScanner.java:178)
	at spoon.reflect.visitor.CtScanner.scan(CtScanner.java:170)
	at spoon.reflect.visitor.CtScanner.scan(CtScanner.java:143)
	at spoon.reflect.visitor.CtScanner.visitCtPackage(CtScanner.java:656)
	at spoon.support.reflect.declaration.CtPackageImpl.accept(CtPackageImpl.java:89)
	at spoon.reflect.visitor.CtScanner.scan(CtScanner.java:178)
	at spoon.reflect.visitor.CtScanner.scan(CtScanner.java:170)
	at spoon.reflect.visitor.CtScanner.scan(CtScanner.java:143)
	at spoon.reflect.visitor.CtScanner.visitCtPackage(CtScanner.java:655)
	at spoon.support.reflect.declaration.CtPackageImpl.accept(CtPackageImpl.java:89)
	at spoon.reflect.visitor.CtScanner.scan(CtScanner.java:178)
	at spoon.reflect.visitor.CtScanner.scan(CtScanner.java:170)
	at spoon.reflect.visitor.CtScanner.scan(CtScanner.java:143)
	at spoon.reflect.visitor.CtScanner.visitCtPackage(CtScanner.java:655)
	at spoon.support.reflect.declaration.CtPackageImpl.accept(CtPackageImpl.java:89)
	at spoon.reflect.visitor.CtScanner.scan(CtScanner.java:178)
	at spoon.reflect.visitor.CtScanner.scan(CtScanner.java:170)
	at spoon.reflect.visitor.CtScanner.scan(CtScanner.java:143)
	at spoon.reflect.visitor.CtScanner.visitCtPackage(CtScanner.java:655)
	at spoon.support.reflect.declaration.CtPackageImpl.accept(CtPackageImpl.java:89)
	at spoon.reflect.visitor.CtScanner.scan(CtScanner.java:178)
	at spoon.reflect.visitor.CtScanner.scan(CtScanner.java:170)
	at spoon.reflect.visitor.CtScanner.scan(CtScanner.java:143)
	at spoon.reflect.visitor.CtScanner.visitCtPackage(CtScanner.java:655)
	at spoon.support.reflect.declaration.CtPackageImpl.accept(CtPackageImpl.java:89)
	at spoon.reflect.visitor.CtScanner.scan(CtScanner.java:178)
	at spoon.reflect.visitor.CtScanner.scan(CtScanner.java:170)
	at spoon.reflect.visitor.CtScanner.scan(CtScanner.java:143)
	at spoon.reflect.visitor.CtScanner.visitCtPackage(CtScanner.java:655)
	at spoon.support.reflect.declaration.CtPackageImpl.accept(CtPackageImpl.java:89)
	at spoon.reflect.visitor.CtScanner.scan(CtScanner.java:178)
	at spoon.reflect.visitor.CtScanner.scan(CtScanner.java:170)
	at spoon.reflect.visitor.CtScanner.visitCtModule(CtScanner.java:941)
	at spoon.reflect.factory.ModuleFactory$CtUnnamedModule.accept(ModuleFactory.java:96)
	at spoon.reflect.visitor.CtScanner.scan(CtScanner.java:178)
	at sorald.sonar.GreedyBestFitScanner.calculateBestFits(GreedyBestFitScanner.java:52)
	at sorald.Repair.lambda$repairModelWithInitializedProcessor$7(Repair.java:270)
	at java.base/java.util.stream.ReferencePipeline$3$1.accept(ReferencePipeline.java:195)
	at java.base/java.util.HashMap$KeySpliterator.forEachRemaining(HashMap.java:1603)
	at java.base/java.util.stream.AbstractPipeline.copyInto(AbstractPipeline.java:484)
	at java.base/java.util.stream.AbstractPipeline.wrapAndCopyInto(AbstractPipeline.java:474)
	at java.base/java.util.stream.ForEachOps$ForEachOp.evaluateSequential(ForEachOps.java:150)
	at java.base/java.util.stream.ForEachOps$ForEachOp$OfRef.evaluateSequential(ForEachOps.java:173)
	at java.base/java.util.stream.AbstractPipeline.evaluate(AbstractPipeline.java:234)
	at java.base/java.util.stream.ReferencePipeline.forEach(ReferencePipeline.java:497)
	at sorald.Repair.repairModelWithInitializedProcessor(Repair.java:273)
	at sorald.Repair.defaultRepair(Repair.java:176)
	at sorald.Repair.repair(Repair.java:153)
	at sorald.Repair.repair(Repair.java:97)
	at sorald.cli.RepairCommand.call(RepairCommand.java:123)
	at sorald.cli.RepairCommand.call(RepairCommand.java:27)
	at picocli.CommandLine.executeUserObject(CommandLine.java:1933)
	at picocli.CommandLine.access$1200(CommandLine.java:145)
	at picocli.CommandLine$RunLast.executeUserObjectOfLastSubcommandWithSameParent(CommandLine.java:2332)
	at picocli.CommandLine$RunLast.handle(CommandLine.java:2326)
	at picocli.CommandLine$RunLast.handle(CommandLine.java:2291)
	at picocli.CommandLine$AbstractParseResultHandler.execute(CommandLine.java:2159)
	at picocli.CommandLine.execute(CommandLine.java:2058)
	at sorald.Main.main(Main.java:7)
