SLF4J: Failed to load class "org.slf4j.impl.StaticLoggerBinder".
SLF4J: Defaulting to no-operation (NOP) logger implementation
SLF4J: See http://www.slf4j.org/codes.html#StaticLoggerBinder for further details.
java.lang.NullPointerException
	at spoon.support.compiler.jdt.ReferenceBuilder.tryRecoverTypeArguments(ReferenceBuilder.java:608)
	at spoon.support.compiler.jdt.ReferenceBuilder.insertGenericTypesInNoClasspathFromJDTInSpoon(ReferenceBuilder.java:575)
	at spoon.support.compiler.jdt.ReferenceBuilder.getTypeReference(ReferenceBuilder.java:517)
	at spoon.support.compiler.jdt.ReferenceBuilder.buildTypeReference(ReferenceBuilder.java:136)
	at spoon.support.compiler.jdt.ReferenceBuilder.buildTypeReference(ReferenceBuilder.java:130)
	at spoon.support.compiler.jdt.JDTTreeBuilder.createParameterizedType(JDTTreeBuilder.java:1436)
	at spoon.support.compiler.jdt.JDTTreeBuilder.visit(JDTTreeBuilder.java:1424)
	at org.eclipse.jdt.internal.compiler.ast.ParameterizedSingleTypeReference.traverse(ParameterizedSingleTypeReference.java:405)
	at org.eclipse.jdt.internal.compiler.ast.AllocationExpression.traverse(AllocationExpression.java:715)
	at org.eclipse.jdt.internal.compiler.ast.ReturnStatement.traverse(ReturnStatement.java:387)
	at org.eclipse.jdt.internal.compiler.ast.Block.traverse(Block.java:154)
	at org.eclipse.jdt.internal.compiler.ast.IfStatement.traverse(IfStatement.java:294)
	at org.eclipse.jdt.internal.compiler.ast.Block.traverse(Block.java:154)
	at org.eclipse.jdt.internal.compiler.ast.IfStatement.traverse(IfStatement.java:294)
	at org.eclipse.jdt.internal.compiler.ast.MethodDeclaration.traverse(MethodDeclaration.java:410)
	at org.eclipse.jdt.internal.compiler.ast.TypeDeclaration.traverse(TypeDeclaration.java:1681)
	at org.eclipse.jdt.internal.compiler.ast.CompilationUnitDeclaration.traverse(CompilationUnitDeclaration.java:822)
	at org.eclipse.jdt.internal.compiler.ast.CompilationUnitDeclaration.traverse(CompilationUnitDeclaration.java:783)
	at spoon.support.compiler.jdt.JDTBasedSpoonCompiler.traverseUnitDeclaration(JDTBasedSpoonCompiler.java:480)
	at spoon.support.compiler.jdt.JDTBasedSpoonCompiler.lambda$buildModel$0(JDTBasedSpoonCompiler.java:437)
	at spoon.support.compiler.jdt.JDTBasedSpoonCompiler.forEachCompilationUnit(JDTBasedSpoonCompiler.java:464)
	at spoon.support.compiler.jdt.JDTBasedSpoonCompiler.buildModel(JDTBasedSpoonCompiler.java:435)
	at spoon.support.compiler.jdt.JDTBasedSpoonCompiler.buildUnitsAndModel(JDTBasedSpoonCompiler.java:372)
	at spoon.support.compiler.jdt.JDTBasedSpoonCompiler.buildSources(JDTBasedSpoonCompiler.java:335)
	at spoon.support.compiler.jdt.JDTBasedSpoonCompiler.build(JDTBasedSpoonCompiler.java:116)
	at spoon.support.compiler.jdt.JDTBasedSpoonCompiler.build(JDTBasedSpoonCompiler.java:99)
	at spoon.Launcher.buildModel(Launcher.java:766)
	at sorald.Repair.initLauncher(Repair.java:367)
	at sorald.Repair.defaultRepair(Repair.java:163)
	at sorald.Repair.repair(Repair.java:146)
	at sorald.Repair.repair(Repair.java:91)
	at sorald.cli.RepairCommand.call(RepairCommand.java:121)
	at sorald.cli.RepairCommand.call(RepairCommand.java:27)
	at picocli.CommandLine.executeUserObject(CommandLine.java:1933)
	at picocli.CommandLine.access$1200(CommandLine.java:145)
	at picocli.CommandLine$RunLast.executeUserObjectOfLastSubcommandWithSameParent(CommandLine.java:2332)
	at picocli.CommandLine$RunLast.handle(CommandLine.java:2326)
	at picocli.CommandLine$RunLast.handle(CommandLine.java:2291)
	at picocli.CommandLine$AbstractParseResultHandler.execute(CommandLine.java:2159)
	at picocli.CommandLine.execute(CommandLine.java:2058)
	at sorald.Main.main(Main.java:7)
