INFO  JavaClasspath initialization
INFO  JavaClasspath initialization (done) | time=27ms
INFO  JavaTestClasspath initialization
INFO  JavaTestClasspath initialization (done) | time=0ms
INFO  Java Main Files AST scan
INFO  1558 source files to be analyzed
INFO  255/1558 files analyzed, current file: src/test/java/org/opentripplanner/graph_builder/module/osm/TestUnconnectedAreas.java
INFO  676/1558 files analyzed, current file: src/main/java/org/opentripplanner/graph_builder/module/osm/WayPropertySet.java
INFO  1033/1558 files analyzed, current file: src/main/java/org/opentripplanner/visibility/VisibilityPolygon.java
INFO  1454/1558 files analyzed, current file: src/main/java/org/opentripplanner/model/base/ToStringBuilder.java
INFO  1558/1558 source files have been analyzed
INFO  Java Main Files AST scan (done) | time=41334ms
INFO  Java Test Files AST scan
INFO  0 source files to be analyzed
INFO  Java Test Files AST scan (done) | time=0ms
INFO  Java Generated Files AST scan
INFO  0 source files to be analyzed
INFO  0/0 source files have been analyzed
INFO  Java Generated Files AST scan (done) | time=0ms
INFO  0/0 source files have been analyzed
-----Number of fixes------
UnclosedResourcesProcessor: 10
-----End of report------
INFO  JavaClasspath initialization
INFO  JavaClasspath initialization (done) | time=0ms
INFO  JavaTestClasspath initialization
INFO  JavaTestClasspath initialization (done) | time=1ms
INFO  Java Main Files AST scan
INFO  1558 source files to be analyzed
INFO  494/1558 files analyzed, current file: src/main/java/com/google/transit/realtime/GtfsRealtime.java
INFO  752/1558 files analyzed, current file: src/main/java/org/opentripplanner/graph_builder/GraphBuilder.java
INFO  1302/1558 files analyzed, current file: src/main/java/org/opentripplanner/routing/util/ElevationUtils.java
INFO  Java Main Files AST scan (done) | time=34885ms
INFO  Java Test Files AST scan
INFO  1558/1558 source files have been analyzed
INFO  0 source files to be analyzed
INFO  Java Test Files AST scan (done) | time=0ms
INFO  Java Generated Files AST scan
INFO  0 source files to be analyzed
INFO  0/0 source files have been analyzed
INFO  Java Generated Files AST scan (done) | time=1ms
INFO  0/0 source files have been analyzed
