INFO  Configured Java source version (sonar.java.source): 14
INFO  JavaClasspath initialization
INFO  JavaClasspath initialization (done) | time=17ms
INFO  JavaTestClasspath initialization
INFO  JavaTestClasspath initialization (done) | time=0ms
INFO  Java Main Files AST scan
INFO  1558 source files to be analyzed
INFO  1353/1558 files analyzed, current file: src/main/java/org/opentripplanner/graph_builder/module/geometry/ShapeSegmentKey.java
INFO  1558/1558 source files have been analyzed
INFO  Java Main Files AST scan (done) | time=12158ms
INFO  Java Test Files AST scan
INFO  0 source files to be analyzed
INFO  Java Test Files AST scan (done) | time=1ms
INFO  Java Generated Files AST scan
INFO  0 source files to be analyzed
INFO  0/0 source files have been analyzed
INFO  Java Generated Files AST scan (done) | time=5ms
INFO  0/0 source files have been analyzed
-----Number of fixes------
ArrayHashCodeAndToStringProcessor: 0
-----End of report------
INFO  Configured Java source version (sonar.java.source): 14
INFO  JavaClasspath initialization
INFO  JavaClasspath initialization (done) | time=0ms
INFO  JavaTestClasspath initialization
INFO  JavaTestClasspath initialization (done) | time=0ms
INFO  Java Main Files AST scan
INFO  1558 source files to be analyzed
INFO  Java Main Files AST scan (done) | time=8533ms
INFO  Java Test Files AST scan
INFO  1558/1558 source files have been analyzed
INFO  0 source files to be analyzed
INFO  Java Test Files AST scan (done) | time=2ms
INFO  0/0 source files have been analyzed
INFO  Java Generated Files AST scan
INFO  0 source files to be analyzed
INFO  Java Generated Files AST scan (done) | time=0ms
INFO  0/0 source files have been analyzed
