SLF4J: Failed to load class "org.slf4j.impl.StaticLoggerBinder".
SLF4J: Defaulting to no-operation (NOP) logger implementation
SLF4J: See http://www.slf4j.org/codes.html#StaticLoggerBinder for further details.
java.lang.StringIndexOutOfBoundsException: begin 19, end 14, length 14
	at java.base/java.lang.String.checkBoundsBeginEnd(String.java:3319)
	at java.base/java.lang.String.substring(String.java:1874)
	at sorald.UniqueTypesCollector.checkIfThereIsTheSameClassInTheOriginalPath(UniqueTypesCollector.java:59)
	at sorald.UniqueTypesCollector.collect(UniqueTypesCollector.java:39)
	at sorald.processor.SoraldAbstractProcessor.process(SoraldAbstractProcessor.java:145)
	at spoon.support.visitor.ProcessingVisitor.scan(ProcessingVisitor.java:72)
	at spoon.reflect.visitor.CtScanner.scan(CtScanner.java:170)
	at spoon.reflect.visitor.CtScanner.scan(CtScanner.java:143)
	at spoon.reflect.visitor.CtScanner.visitCtInvocation(CtScanner.java:505)
	at spoon.support.reflect.code.CtInvocationImpl.accept(CtInvocationImpl.java:46)
	at spoon.reflect.visitor.CtScanner.scan(CtScanner.java:178)
	at spoon.support.visitor.ProcessingVisitor.scan(ProcessingVisitor.java:68)
	at spoon.reflect.visitor.CtScanner.scan(CtScanner.java:170)
	at spoon.reflect.visitor.CtScanner.scan(CtScanner.java:143)
	at spoon.reflect.visitor.CtScanner.visitCtBlock(CtScanner.java:300)
	at spoon.support.reflect.code.CtBlockImpl.accept(CtBlockImpl.java:58)
	at spoon.reflect.visitor.CtScanner.scan(CtScanner.java:178)
	at spoon.support.visitor.ProcessingVisitor.scan(ProcessingVisitor.java:68)
	at spoon.reflect.visitor.CtScanner.scan(CtScanner.java:170)
	at spoon.reflect.visitor.CtScanner.visitCtTry(CtScanner.java:738)
	at spoon.support.reflect.code.CtTryImpl.accept(CtTryImpl.java:43)
	at spoon.reflect.visitor.CtScanner.scan(CtScanner.java:178)
	at spoon.support.visitor.ProcessingVisitor.scan(ProcessingVisitor.java:68)
	at spoon.reflect.visitor.CtScanner.scan(CtScanner.java:170)
	at spoon.reflect.visitor.CtScanner.scan(CtScanner.java:143)
	at spoon.reflect.visitor.CtScanner.visitCtBlock(CtScanner.java:300)
	at spoon.support.reflect.code.CtBlockImpl.accept(CtBlockImpl.java:58)
	at spoon.reflect.visitor.CtScanner.scan(CtScanner.java:178)
	at spoon.support.visitor.ProcessingVisitor.scan(ProcessingVisitor.java:68)
	at spoon.reflect.visitor.CtScanner.scan(CtScanner.java:170)
	at spoon.reflect.visitor.CtScanner.visitCtMethod(CtScanner.java:566)
	at spoon.support.reflect.declaration.CtMethodImpl.accept(CtMethodImpl.java:58)
	at spoon.reflect.visitor.CtScanner.scan(CtScanner.java:178)
	at spoon.support.visitor.ProcessingVisitor.scan(ProcessingVisitor.java:68)
	at spoon.reflect.visitor.CtScanner.scan(CtScanner.java:170)
	at spoon.reflect.visitor.CtScanner.scan(CtScanner.java:143)
	at spoon.reflect.visitor.CtScanner.visitCtClass(CtScanner.java:336)
	at spoon.support.reflect.declaration.CtClassImpl.accept(CtClassImpl.java:58)
	at spoon.reflect.visitor.CtScanner.scan(CtScanner.java:178)
	at spoon.support.visitor.ProcessingVisitor.scan(ProcessingVisitor.java:68)
	at spoon.support.QueueProcessingManager.process(QueueProcessingManager.java:118)
	at sorald.Repair.repairModelWithInitializedProcessor(Repair.java:255)
	at sorald.Repair.defaultRepair(Repair.java:166)
	at sorald.Repair.repair(Repair.java:145)
	at sorald.Repair.repair(Repair.java:90)
	at sorald.cli.RepairCommand.call(RepairCommand.java:121)
	at sorald.cli.RepairCommand.call(RepairCommand.java:27)
	at picocli.CommandLine.executeUserObject(CommandLine.java:1933)
	at picocli.CommandLine.access$1200(CommandLine.java:145)
	at picocli.CommandLine$RunLast.executeUserObjectOfLastSubcommandWithSameParent(CommandLine.java:2332)
	at picocli.CommandLine$RunLast.handle(CommandLine.java:2326)
	at picocli.CommandLine$RunLast.handle(CommandLine.java:2291)
	at picocli.CommandLine$AbstractParseResultHandler.execute(CommandLine.java:2159)
	at picocli.CommandLine.execute(CommandLine.java:2058)
	at sorald.Main.main(Main.java:7)
java.lang.StringIndexOutOfBoundsException: begin 19, end 9, length 9
	at java.base/java.lang.String.checkBoundsBeginEnd(String.java:3319)
	at java.base/java.lang.String.substring(String.java:1874)
	at sorald.UniqueTypesCollector.checkIfThereIsTheSameClassInTheOriginalPath(UniqueTypesCollector.java:59)
	at sorald.UniqueTypesCollector.collect(UniqueTypesCollector.java:39)
	at sorald.processor.SoraldAbstractProcessor.process(SoraldAbstractProcessor.java:145)
	at spoon.support.visitor.ProcessingVisitor.scan(ProcessingVisitor.java:72)
	at spoon.reflect.visitor.CtScanner.scan(CtScanner.java:170)
	at spoon.reflect.visitor.CtScanner.visitCtLocalVariable(CtScanner.java:532)
	at spoon.support.reflect.code.CtLocalVariableImpl.accept(CtLocalVariableImpl.java:51)
	at spoon.reflect.visitor.CtScanner.scan(CtScanner.java:178)
	at spoon.support.visitor.ProcessingVisitor.scan(ProcessingVisitor.java:68)
	at spoon.reflect.visitor.CtScanner.scan(CtScanner.java:170)
	at spoon.reflect.visitor.CtScanner.scan(CtScanner.java:143)
	at spoon.reflect.visitor.CtScanner.visitCtBlock(CtScanner.java:300)
	at spoon.support.reflect.code.CtBlockImpl.accept(CtBlockImpl.java:58)
	at spoon.reflect.visitor.CtScanner.scan(CtScanner.java:178)
	at spoon.support.visitor.ProcessingVisitor.scan(ProcessingVisitor.java:68)
	at spoon.reflect.visitor.CtScanner.scan(CtScanner.java:170)
	at spoon.reflect.visitor.CtScanner.visitCtIf(CtScanner.java:483)
	at spoon.support.reflect.code.CtIfImpl.accept(CtIfImpl.java:36)
	at spoon.reflect.visitor.CtScanner.scan(CtScanner.java:178)
	at spoon.support.visitor.ProcessingVisitor.scan(ProcessingVisitor.java:68)
	at spoon.reflect.visitor.CtScanner.scan(CtScanner.java:170)
	at spoon.reflect.visitor.CtScanner.scan(CtScanner.java:143)
	at spoon.reflect.visitor.CtScanner.visitCtBlock(CtScanner.java:300)
	at spoon.support.reflect.code.CtBlockImpl.accept(CtBlockImpl.java:58)
	at spoon.reflect.visitor.CtScanner.scan(CtScanner.java:178)
	at spoon.support.visitor.ProcessingVisitor.scan(ProcessingVisitor.java:68)
	at spoon.reflect.visitor.CtScanner.scan(CtScanner.java:170)
	at spoon.reflect.visitor.CtScanner.visitCtIf(CtScanner.java:484)
	at spoon.support.reflect.code.CtIfImpl.accept(CtIfImpl.java:36)
	at spoon.reflect.visitor.CtScanner.scan(CtScanner.java:178)
	at spoon.support.visitor.ProcessingVisitor.scan(ProcessingVisitor.java:68)
	at spoon.reflect.visitor.CtScanner.scan(CtScanner.java:170)
	at spoon.reflect.visitor.CtScanner.scan(CtScanner.java:143)
	at spoon.reflect.visitor.CtScanner.visitCtBlock(CtScanner.java:300)
	at spoon.support.reflect.code.CtBlockImpl.accept(CtBlockImpl.java:58)
	at spoon.reflect.visitor.CtScanner.scan(CtScanner.java:178)
	at spoon.support.visitor.ProcessingVisitor.scan(ProcessingVisitor.java:68)
	at spoon.reflect.visitor.CtScanner.scan(CtScanner.java:170)
	at spoon.reflect.visitor.CtScanner.visitCtTry(CtScanner.java:738)
	at spoon.support.reflect.code.CtTryImpl.accept(CtTryImpl.java:43)
	at spoon.reflect.visitor.CtScanner.scan(CtScanner.java:178)
	at spoon.support.visitor.ProcessingVisitor.scan(ProcessingVisitor.java:68)
	at spoon.reflect.visitor.CtScanner.scan(CtScanner.java:170)
	at spoon.reflect.visitor.CtScanner.scan(CtScanner.java:143)
	at spoon.reflect.visitor.CtScanner.visitCtBlock(CtScanner.java:300)
	at spoon.support.reflect.code.CtBlockImpl.accept(CtBlockImpl.java:58)
	at spoon.reflect.visitor.CtScanner.scan(CtScanner.java:178)
	at spoon.support.visitor.ProcessingVisitor.scan(ProcessingVisitor.java:68)
	at spoon.reflect.visitor.CtScanner.scan(CtScanner.java:170)
	at spoon.reflect.visitor.CtScanner.visitCtMethod(CtScanner.java:566)
	at spoon.support.reflect.declaration.CtMethodImpl.accept(CtMethodImpl.java:58)
	at spoon.reflect.visitor.CtScanner.scan(CtScanner.java:178)
	at spoon.support.visitor.ProcessingVisitor.scan(ProcessingVisitor.java:68)
	at spoon.reflect.visitor.CtScanner.scan(CtScanner.java:170)
	at spoon.reflect.visitor.CtScanner.scan(CtScanner.java:143)
	at spoon.reflect.visitor.CtScanner.visitCtClass(CtScanner.java:336)
	at spoon.support.reflect.declaration.CtClassImpl.accept(CtClassImpl.java:58)
	at spoon.reflect.visitor.CtScanner.scan(CtScanner.java:178)
	at spoon.support.visitor.ProcessingVisitor.scan(ProcessingVisitor.java:68)
	at spoon.support.QueueProcessingManager.process(QueueProcessingManager.java:118)
	at sorald.Repair.repairModelWithInitializedProcessor(Repair.java:255)
	at sorald.Repair.defaultRepair(Repair.java:166)
	at sorald.Repair.repair(Repair.java:145)
	at sorald.Repair.repair(Repair.java:90)
	at sorald.cli.RepairCommand.call(RepairCommand.java:121)
	at sorald.cli.RepairCommand.call(RepairCommand.java:27)
	at picocli.CommandLine.executeUserObject(CommandLine.java:1933)
	at picocli.CommandLine.access$1200(CommandLine.java:145)
	at picocli.CommandLine$RunLast.executeUserObjectOfLastSubcommandWithSameParent(CommandLine.java:2332)
	at picocli.CommandLine$RunLast.handle(CommandLine.java:2326)
	at picocli.CommandLine$RunLast.handle(CommandLine.java:2291)
	at picocli.CommandLine$AbstractParseResultHandler.execute(CommandLine.java:2159)
	at picocli.CommandLine.execute(CommandLine.java:2058)
	at sorald.Main.main(Main.java:7)
