INFO  JavaClasspath initialization
INFO  JavaClasspath initialization (done) | time=25ms
INFO  JavaTestClasspath initialization
INFO  JavaTestClasspath initialization (done) | time=0ms
INFO  Java Main Files AST scan
INFO  33 source files to be analyzed
INFO  33/33 source files have been analyzed
INFO  Java Main Files AST scan (done) | time=1587ms
INFO  Java Test Files AST scan
INFO  0 source files to be analyzed
INFO  Java Test Files AST scan (done) | time=2ms
INFO  Java Generated Files AST scan
INFO  0 source files to be analyzed
INFO  Java Generated Files AST scan (done) | time=4ms
INFO  0/0 source files have been analyzed
INFO  0/0 source files have been analyzed
-----Number of fixes------
InterruptedExceptionProcessor: 36
-----End of report------
INFO  JavaClasspath initialization
INFO  JavaClasspath initialization (done) | time=1ms
INFO  JavaTestClasspath initialization
INFO  JavaTestClasspath initialization (done) | time=0ms
INFO  Java Main Files AST scan
INFO  33 source files to be analyzed
INFO  Java Main Files AST scan (done) | time=592ms
INFO  33/33 source files have been analyzed
INFO  Java Test Files AST scan
INFO  0 source files to be analyzed
INFO  Java Test Files AST scan (done) | time=0ms
INFO  Java Generated Files AST scan
INFO  0 source files to be analyzed
INFO  Java Generated Files AST scan (done) | time=0ms
INFO  0/0 source files have been analyzed
INFO  0/0 source files have been analyzed
