INFO  JavaClasspath initialization
INFO  JavaClasspath initialization (done) | time=26ms
INFO  JavaTestClasspath initialization
INFO  JavaTestClasspath initialization (done) | time=1ms
INFO  Java Main Files AST scan
INFO  268 source files to be analyzed
ERROR Unable to parse source file : 'ask-sdk-servlet-support/tst/com/amazon/ask/servlet/verifiers/SkillRequestTimestampVerifierTest.java'
ERROR Parse error at line 35 column 84: Syntax error on token ";", delete this token
INFO  268/268 source files have been analyzed
INFO  Java Main Files AST scan (done) | time=2977ms
INFO  Java Test Files AST scan
INFO  0 source files to be analyzed
INFO  Java Test Files AST scan (done) | time=0ms
INFO  Java Generated Files AST scan
INFO  0 source files to be analyzed
INFO  0/0 source files have been analyzed
INFO  0/0 source files have been analyzed
INFO  Java Generated Files AST scan (done) | time=4ms
-----Number of fixes------
ThreadRunProcessor: 0
-----End of report------
INFO  JavaClasspath initialization
INFO  JavaClasspath initialization (done) | time=0ms
INFO  JavaTestClasspath initialization
INFO  JavaTestClasspath initialization (done) | time=0ms
INFO  Java Main Files AST scan
INFO  268 source files to be analyzed
ERROR Unable to parse source file : 'ask-sdk-servlet-support/tst/com/amazon/ask/servlet/verifiers/SkillRequestTimestampVerifierTest.java'
ERROR Parse error at line 35 column 84: Syntax error on token ";", delete this token
INFO  Java Main Files AST scan (done) | time=1467ms
INFO  268/268 source files have been analyzed
INFO  Java Test Files AST scan
INFO  0 source files to be analyzed
INFO  Java Test Files AST scan (done) | time=1ms
INFO  Java Generated Files AST scan
INFO  0/0 source files have been analyzed
INFO  0 source files to be analyzed
INFO  Java Generated Files AST scan (done) | time=1ms
INFO  0/0 source files have been analyzed
