INFO  Configured Java source version (sonar.java.source): 14
INFO  JavaClasspath initialization
INFO  JavaClasspath initialization (done) | time=18ms
INFO  JavaTestClasspath initialization
INFO  JavaTestClasspath initialization (done) | time=1ms
INFO  Java Main Files AST scan
INFO  268 source files to be analyzed
ERROR Unable to parse source file : 'ask-sdk-servlet-support/tst/com/amazon/ask/servlet/verifiers/SkillRequestTimestampVerifierTest.java'
ERROR Parse error at line 35 column 84: Syntax error on token ";", delete this token
INFO  268/268 source files have been analyzed
INFO  Java Main Files AST scan (done) | time=2969ms
INFO  Java Test Files AST scan
INFO  0 source files to be analyzed
INFO  Java Test Files AST scan (done) | time=0ms
INFO  Java Generated Files AST scan
INFO  0 source files to be analyzed
INFO  Java Generated Files AST scan (done) | time=5ms
INFO  0/0 source files have been analyzed
INFO  0/0 source files have been analyzed
-----Number of fixes------
IteratorNextExceptionProcessor: 0
-----End of report------
INFO  Configured Java source version (sonar.java.source): 14
INFO  JavaClasspath initialization
INFO  JavaClasspath initialization (done) | time=0ms
INFO  JavaTestClasspath initialization
INFO  JavaTestClasspath initialization (done) | time=0ms
INFO  Java Main Files AST scan
INFO  268 source files to be analyzed
ERROR Unable to parse source file : 'ask-sdk-servlet-support/tst/com/amazon/ask/servlet/verifiers/SkillRequestTimestampVerifierTest.java'
ERROR Parse error at line 35 column 84: Syntax error on token ";", delete this token
INFO  268/268 source files have been analyzed
INFO  Java Main Files AST scan (done) | time=1552ms
INFO  Java Test Files AST scan
INFO  0 source files to be analyzed
INFO  Java Test Files AST scan (done) | time=1ms
INFO  Java Generated Files AST scan
INFO  0 source files to be analyzed
INFO  0/0 source files have been analyzed
INFO  Java Generated Files AST scan (done) | time=2ms
INFO  0/0 source files have been analyzed
