INFO  JavaClasspath initialization
INFO  JavaClasspath initialization (done) | time=27ms
INFO  JavaTestClasspath initialization
INFO  JavaTestClasspath initialization (done) | time=0ms
INFO  Java Main Files AST scan
INFO  1513 source files to be analyzed
INFO  1322/1513 files analyzed, current file: src/main/java/com/fincatto/documentofiscal/cte300/classes/CTTomadorServico.java
INFO  1513/1513 source files have been analyzed
INFO  Java Main Files AST scan (done) | time=12543ms
INFO  Java Test Files AST scan
INFO  0 source files to be analyzed
INFO  Java Test Files AST scan (done) | time=1ms
INFO  Java Generated Files AST scan
INFO  0 source files to be analyzed
INFO  Java Generated Files AST scan (done) | time=0ms
INFO  0/0 source files have been analyzed
INFO  0/0 source files have been analyzed
-----Number of fixes------
ThreadRunProcessor: 0
-----End of report------
INFO  JavaClasspath initialization
INFO  JavaClasspath initialization (done) | time=0ms
INFO  JavaTestClasspath initialization
INFO  JavaTestClasspath initialization (done) | time=0ms
INFO  Java Main Files AST scan
INFO  1513 source files to be analyzed
INFO  Java Main Files AST scan (done) | time=9187ms
INFO  Java Test Files AST scan
INFO  0 source files to be analyzed
INFO  1513/1513 source files have been analyzed
INFO  0/0 source files have been analyzed
INFO  Java Test Files AST scan (done) | time=5ms
INFO  Java Generated Files AST scan
INFO  0 source files to be analyzed
INFO  Java Generated Files AST scan (done) | time=3ms
INFO  0/0 source files have been analyzed
