INFO  JavaClasspath initialization
INFO  JavaClasspath initialization (done) | time=26ms
INFO  JavaTestClasspath initialization
INFO  JavaTestClasspath initialization (done) | time=1ms
INFO  Java Main Files AST scan
INFO  1533 source files to be analyzed
INFO  509/1533 files analyzed, current file: src/main/java/cn/nukkit/command/defaults/TeleportCommand.java
INFO  861/1533 files analyzed, current file: src/main/java/cn/nukkit/level/generator/object/tree/ObjectSpruceTree.java
INFO  1393/1533 files analyzed, current file: src/main/java/cn/nukkit/block/Block.java
INFO  1533/1533 source files have been analyzed
INFO  Java Main Files AST scan (done) | time=32749ms
INFO  Java Test Files AST scan
INFO  0 source files to be analyzed
INFO  Java Test Files AST scan (done) | time=1ms
INFO  Java Generated Files AST scan
INFO  0 source files to be analyzed
INFO  Java Generated Files AST scan (done) | time=0ms
INFO  0/0 source files have been analyzed
INFO  0/0 source files have been analyzed
-----Number of fixes------
UnclosedResourcesProcessor: 3
-----End of report------
INFO  JavaClasspath initialization
INFO  JavaClasspath initialization (done) | time=1ms
INFO  JavaTestClasspath initialization
INFO  JavaTestClasspath initialization (done) | time=0ms
INFO  Java Main Files AST scan
INFO  1533 source files to be analyzed
INFO  692/1533 files analyzed, current file: src/main/java/cn/nukkit/entity/item/EntityMinecartAbstract.java
INFO  1046/1533 files analyzed, current file: src/main/java/cn/nukkit/network/protocol/CommandBlockUpdatePacket.java
INFO  Java Main Files AST scan (done) | time=25868ms
INFO  Java Test Files AST scan
INFO  1533/1533 source files have been analyzed
INFO  0 source files to be analyzed
INFO  Java Test Files AST scan (done) | time=0ms
INFO  Java Generated Files AST scan
INFO  0/0 source files have been analyzed
INFO  0 source files to be analyzed
INFO  Java Generated Files AST scan (done) | time=1ms
INFO  0/0 source files have been analyzed
