WARN  Invalid character encountered in file fromString at line 210 for encoding UTF-16. Please fix file content or configure the encoding to be used using property 'sonar.sourceEncoding'.
WARN  Invalid character encountered in file fromString at line 248 for encoding UTF-16. Please fix file content or configure the encoding to be used using property 'sonar.sourceEncoding'.
WARN  Invalid character encountered in file fromString at line 749 for encoding UTF-16. Please fix file content or configure the encoding to be used using property 'sonar.sourceEncoding'.
WARN  Invalid character encountered in file fromString at line 5 for encoding UTF-16. Please fix file content or configure the encoding to be used using property 'sonar.sourceEncoding'.
WARN  Invalid character encountered in file fromString at line 11 for encoding UTF-16. Please fix file content or configure the encoding to be used using property 'sonar.sourceEncoding'.
WARN  Invalid character encountered in file fromString at line 5 for encoding UTF-16. Please fix file content or configure the encoding to be used using property 'sonar.sourceEncoding'.
INFO  JavaClasspath initialization
INFO  JavaClasspath initialization (done) | time=18ms
INFO  JavaTestClasspath initialization
INFO  JavaTestClasspath initialization (done) | time=0ms
INFO  Java Main Files AST scan
INFO  861 source files to be analyzed
INFO  836/861 files analyzed, current file: moa/src/main/java/moa/gui/outliertab/OutlierSetupTab.java
INFO  861/861 source files have been analyzed
INFO  Java Main Files AST scan (done) | time=10366ms
INFO  Java Test Files AST scan
INFO  0 source files to be analyzed
INFO  Java Test Files AST scan (done) | time=0ms
INFO  Java Generated Files AST scan
INFO  0 source files to be analyzed
INFO  0/0 source files have been analyzed
INFO  Java Generated Files AST scan (done) | time=1ms
INFO  0/0 source files have been analyzed
