SLF4J: Failed to load class "org.slf4j.impl.StaticLoggerBinder".
SLF4J: Defaulting to no-operation (NOP) logger implementation
SLF4J: See http://www.slf4j.org/codes.html#StaticLoggerBinder for further details.
java.lang.IllegalStateException
	at spoon.support.sniper.internal.ModificationStatus.toBoolean(ModificationStatus.java:30)
	at spoon.support.sniper.SniperJavaPrettyPrinter$2.printSourceFragment(SniperJavaPrettyPrinter.java:314)
	at spoon.support.sniper.internal.AbstractSourceFragmentPrinter.print(AbstractSourceFragmentPrinter.java:64)
	at spoon.support.sniper.internal.SourceFragmentContextNormal.print(SourceFragmentContextNormal.java:38)
	at spoon.support.sniper.SniperJavaPrettyPrinter.executePrintEventInContext(SniperJavaPrettyPrinter.java:361)
	at spoon.support.sniper.SniperJavaPrettyPrinter.scan(SniperJavaPrettyPrinter.java:296)
	at spoon.support.sniper.SniperJavaPrettyPrinter.scan(SniperJavaPrettyPrinter.java:61)
	at spoon.reflect.visitor.DefaultJavaPrettyPrinter.visitCtCompilationUnit(DefaultJavaPrettyPrinter.java:1096)
	at spoon.support.reflect.declaration.CtCompilationUnitImpl.accept(CtCompilationUnitImpl.java:407)
	at spoon.reflect.visitor.DefaultJavaPrettyPrinter.scan(DefaultJavaPrettyPrinter.java:382)
	at spoon.support.sniper.SniperJavaPrettyPrinter.lambda$superScanInContext$6(SniperJavaPrettyPrinter.java:411)
	at spoon.support.sniper.SniperJavaPrettyPrinter.runInContext(SniperJavaPrettyPrinter.java:422)
	at spoon.support.sniper.SniperJavaPrettyPrinter.superScanInContext(SniperJavaPrettyPrinter.java:411)
	at spoon.support.sniper.SniperJavaPrettyPrinter.access$300(SniperJavaPrettyPrinter.java:62)
	at spoon.support.sniper.SniperJavaPrettyPrinter$2.printSourceFragment(SniperJavaPrettyPrinter.java:336)
	at spoon.support.sniper.internal.AbstractSourceFragmentPrinter.print(AbstractSourceFragmentPrinter.java:64)
	at spoon.support.sniper.internal.SourceFragmentContextList.print(SourceFragmentContextList.java:19)
	at spoon.support.sniper.SniperJavaPrettyPrinter.executePrintEventInContext(SniperJavaPrettyPrinter.java:361)
	at spoon.support.sniper.SniperJavaPrettyPrinter.scan(SniperJavaPrettyPrinter.java:296)
	at spoon.support.sniper.SniperJavaPrettyPrinter.scan(SniperJavaPrettyPrinter.java:61)
	at spoon.reflect.visitor.DefaultJavaPrettyPrinter.calculate(DefaultJavaPrettyPrinter.java:2065)
	at spoon.support.sniper.SniperJavaPrettyPrinter.lambda$calculate$4(SniperJavaPrettyPrinter.java:154)
	at spoon.support.sniper.SniperJavaPrettyPrinter.runInContext(SniperJavaPrettyPrinter.java:422)
	at spoon.support.sniper.SniperJavaPrettyPrinter.calculate(SniperJavaPrettyPrinter.java:149)
	at spoon.support.sniper.SniperJavaPrettyPrinter.printTypes(SniperJavaPrettyPrinter.java:122)
	at sorald.Repair.lambda$writeCompilationUnit$12(Repair.java:331)
	at java.base/java.util.Optional.ifPresent(Optional.java:183)
	at sorald.Repair.writeCompilationUnit(Repair.java:318)
	at sorald.Repair.lambda$writeModel$10(Repair.java:306)
	at java.base/java.lang.Iterable.forEach(Iterable.java:75)
	at java.base/java.util.Collections$SetFromMap.forEach(Collections.java:5581)
	at sorald.Repair.writeModel(Repair.java:306)
	at sorald.Repair.lambda$repair$0(Repair.java:99)
	at java.base/java.util.stream.Streams$StreamBuilderImpl.forEachRemaining(Streams.java:411)
	at java.base/java.util.stream.ReferencePipeline$Head.forEach(ReferencePipeline.java:658)
	at sorald.Repair.repair(Repair.java:99)
	at sorald.cli.RepairCommand.call(RepairCommand.java:123)
	at sorald.cli.RepairCommand.call(RepairCommand.java:27)
	at picocli.CommandLine.executeUserObject(CommandLine.java:1933)
	at picocli.CommandLine.access$1200(CommandLine.java:145)
	at picocli.CommandLine$RunLast.executeUserObjectOfLastSubcommandWithSameParent(CommandLine.java:2332)
	at picocli.CommandLine$RunLast.handle(CommandLine.java:2326)
	at picocli.CommandLine$RunLast.handle(CommandLine.java:2291)
	at picocli.CommandLine$AbstractParseResultHandler.execute(CommandLine.java:2159)
	at picocli.CommandLine.execute(CommandLine.java:2058)
	at sorald.Main.main(Main.java:7)
