WARN  Invalid character encountered in file fromString at line 49 for encoding UTF-16. Please fix file content or configure the encoding to be used using property 'sonar.sourceEncoding'.
WARN  Invalid character encountered in file fromString at line 49 for encoding UTF-16. Please fix file content or configure the encoding to be used using property 'sonar.sourceEncoding'.
INFO  JavaClasspath initialization
INFO  JavaClasspath initialization (done) | time=16ms
INFO  JavaTestClasspath initialization
INFO  JavaTestClasspath initialization (done) | time=0ms
INFO  Java Main Files AST scan
INFO  391 source files to be analyzed
ERROR Unable to parse source file : 'target/test-classes/spdx-parser-source/org/spdx/rdfparser/PrettyPrinter.java'
ERROR Parse error at line 191 column 0: Syntax error, insert "}" to complete ClassBody
ERROR Unable to parse source file : 'TestFiles/spdx-parser-source/org/spdx/rdfparser/PrettyPrinter.java'
ERROR Parse error at line 191 column 0: Syntax error, insert "}" to complete ClassBody
INFO  391/391 source files have been analyzed
INFO  Java Main Files AST scan (done) | time=5899ms
INFO  Java Test Files AST scan
INFO  0 source files to be analyzed
INFO  Java Test Files AST scan (done) | time=0ms
INFO  0/0 source files have been analyzed
INFO  Java Generated Files AST scan
INFO  0 source files to be analyzed
INFO  Java Generated Files AST scan (done) | time=0ms
INFO  0/0 source files have been analyzed
