WARN  Invalid character encountered in file fromString at line 98 for encoding UTF-16. Please fix file content or configure the encoding to be used using property 'sonar.sourceEncoding'.
INFO  JavaClasspath initialization
INFO  JavaClasspath initialization (done) | time=17ms
INFO  JavaTestClasspath initialization
INFO  JavaTestClasspath initialization (done) | time=1ms
INFO  Java Main Files AST scan
INFO  1057 source files to be analyzed
INFO  1057/1057 source files have been analyzed
INFO  Java Main Files AST scan (done) | time=8619ms
INFO  Java Test Files AST scan
INFO  0 source files to be analyzed
INFO  Java Test Files AST scan (done) | time=1ms
INFO  Java Generated Files AST scan
INFO  0 source files to be analyzed
INFO  0/0 source files have been analyzed
INFO  Java Generated Files AST scan (done) | time=0ms
INFO  0/0 source files have been analyzed
-----Number of fixes------
ToStringReturningNullProcessor: 0
-----End of report------
WARN  Invalid character encountered in file fromString at line 98 for encoding UTF-16. Please fix file content or configure the encoding to be used using property 'sonar.sourceEncoding'.
INFO  JavaClasspath initialization
INFO  JavaClasspath initialization (done) | time=0ms
INFO  JavaTestClasspath initialization
INFO  JavaTestClasspath initialization (done) | time=0ms
INFO  Java Main Files AST scan
INFO  1057 source files to be analyzed
INFO  Java Main Files AST scan (done) | time=5655ms
INFO  1057/1057 source files have been analyzed
INFO  Java Test Files AST scan
INFO  0 source files to be analyzed
INFO  Java Test Files AST scan (done) | time=7ms
INFO  Java Generated Files AST scan
INFO  0 source files to be analyzed
INFO  Java Generated Files AST scan (done) | time=0ms
INFO  0/0 source files have been analyzed
INFO  0/0 source files have been analyzed
