SLF4J: Failed to load class "org.slf4j.impl.StaticLoggerBinder".
SLF4J: Defaulting to no-operation (NOP) logger implementation
SLF4J: See http://www.slf4j.org/codes.html#StaticLoggerBinder for further details.
spoon.SpoonException: Inconsistent sourceFragmentContextStack
	at spoon.support.sniper.SniperJavaPrettyPrinter.runInContext(SniperJavaPrettyPrinter.java:402)
	at spoon.support.sniper.SniperJavaPrettyPrinter.calculate(SniperJavaPrettyPrinter.java:143)
	at spoon.support.sniper.SniperJavaPrettyPrinter.printTypes(SniperJavaPrettyPrinter.java:118)
	at sorald.Repair.writeModel(Repair.java:306)
	at sorald.Repair.lambda$repair$0(Repair.java:93)
	at java.base/java.util.stream.Streams$StreamBuilderImpl.forEachRemaining(Streams.java:411)
	at java.base/java.util.stream.ReferencePipeline$Head.forEach(ReferencePipeline.java:658)
	at sorald.Repair.repair(Repair.java:93)
	at sorald.cli.RepairCommand.call(RepairCommand.java:121)
	at sorald.cli.RepairCommand.call(RepairCommand.java:27)
	at picocli.CommandLine.executeUserObject(CommandLine.java:1933)
	at picocli.CommandLine.access$1200(CommandLine.java:145)
	at picocli.CommandLine$RunLast.executeUserObjectOfLastSubcommandWithSameParent(CommandLine.java:2332)
	at picocli.CommandLine$RunLast.handle(CommandLine.java:2326)
	at picocli.CommandLine$RunLast.handle(CommandLine.java:2291)
	at picocli.CommandLine$AbstractParseResultHandler.execute(CommandLine.java:2159)
	at picocli.CommandLine.execute(CommandLine.java:2058)
	at sorald.Main.main(Main.java:7)
