INFO  JavaClasspath initialization
INFO  JavaClasspath initialization (done) | time=26ms
INFO  JavaTestClasspath initialization
INFO  JavaTestClasspath initialization (done) | time=0ms
INFO  Java Main Files AST scan
INFO  321 source files to be analyzed
INFO  59/321 files analyzed, current file: src/main/java/com/esri/core/geometry/TopologicalOperations.java
INFO  147/321 files analyzed, current file: src/main/java/com/esri/core/geometry/Clusterer.java
INFO  238/321 files analyzed, current file: src/main/java/com/esri/core/geometry/OperatorIntersectionCursor.java
INFO  321/321 source files have been analyzed
INFO  Java Main Files AST scan (done) | time=38197ms
INFO  Java Test Files AST scan
INFO  0 source files to be analyzed
INFO  Java Test Files AST scan (done) | time=0ms
INFO  Java Generated Files AST scan
INFO  0 source files to be analyzed
INFO  0/0 source files have been analyzed
INFO  Java Generated Files AST scan (done) | time=0ms
INFO  0/0 source files have been analyzed
-----Number of fixes------
UnclosedResourcesProcessor: 11
-----End of report------
INFO  JavaClasspath initialization
INFO  JavaClasspath initialization (done) | time=1ms
INFO  JavaTestClasspath initialization
INFO  JavaTestClasspath initialization (done) | time=0ms
INFO  Java Main Files AST scan
INFO  321 source files to be analyzed
INFO  87/321 files analyzed, current file: src/main/java/com/esri/core/geometry/TopoGraph.java
INFO  202/321 files analyzed, current file: src/main/java/com/esri/core/geometry/Bufferer.java
INFO  314/321 files analyzed, current file: src/main/java/com/esri/core/geometry/OperatorGeneralizeCursor.java
INFO  Java Main Files AST scan (done) | time=30550ms
INFO  Java Test Files AST scan
INFO  321/321 source files have been analyzed
INFO  0 source files to be analyzed
INFO  Java Test Files AST scan (done) | time=1ms
INFO  Java Generated Files AST scan
INFO  0/0 source files have been analyzed
INFO  0 source files to be analyzed
INFO  Java Generated Files AST scan (done) | time=0ms
INFO  0/0 source files have been analyzed
