INFO  Configured Java source version (sonar.java.source): 14
INFO  JavaClasspath initialization
INFO  JavaClasspath initialization (done) | time=17ms
INFO  JavaTestClasspath initialization
INFO  JavaTestClasspath initialization (done) | time=0ms
INFO  Java Main Files AST scan
INFO  1410 source files to be analyzed
INFO  1241/1410 files analyzed, current file: miso-web/src/main/java/uk/ac/bbsrc/tgac/miso/webapp/controller/view/LibraryStrategyController.java
INFO  1410/1410 source files have been analyzed
INFO  Java Main Files AST scan (done) | time=11190ms
INFO  Java Test Files AST scan
INFO  0 source files to be analyzed
INFO  Java Test Files AST scan (done) | time=1ms
INFO  Java Generated Files AST scan
INFO  0 source files to be analyzed
INFO  0/0 source files have been analyzed
INFO  Java Generated Files AST scan (done) | time=1ms
INFO  0/0 source files have been analyzed
-----Number of fixes------
ToStringReturningNullProcessor: 0
-----End of report------
INFO  Configured Java source version (sonar.java.source): 14
INFO  JavaClasspath initialization
INFO  JavaClasspath initialization (done) | time=0ms
INFO  JavaTestClasspath initialization
INFO  JavaTestClasspath initialization (done) | time=0ms
INFO  Java Main Files AST scan
INFO  1410 source files to be analyzed
INFO  Java Main Files AST scan (done) | time=7782ms
INFO  1410/1410 source files have been analyzed
INFO  Java Test Files AST scan
INFO  0 source files to be analyzed
INFO  Java Test Files AST scan (done) | time=1ms
INFO  Java Generated Files AST scan
INFO  0/0 source files have been analyzed
INFO  0 source files to be analyzed
INFO  Java Generated Files AST scan (done) | time=1ms
INFO  0/0 source files have been analyzed
