INFO  JavaClasspath initialization
INFO  JavaClasspath initialization (done) | time=27ms
INFO  JavaTestClasspath initialization
INFO  JavaTestClasspath initialization (done) | time=0ms
INFO  Java Main Files AST scan
INFO  1268 source files to be analyzed
INFO  272/1268 files analyzed, current file: api/src/main/java/edu/cornell/mannlib/vitro/webapp/reasoner/SimpleReasoner.java
INFO  475/1268 files analyzed, current file: api/src/main/java/edu/cornell/mannlib/vitro/webapp/web/templatemodels/individual/GroupedPropertyList.java
INFO  766/1268 files analyzed, current file: api/src/main/java/edu/cornell/mannlib/vitro/webapp/controller/jena/JenaIngestController.java
INFO  1010/1268 files analyzed, current file: api/src/main/java/edu/cornell/mannlib/vitro/webapp/utils/dataGetter/ClassGroupPageData.java
INFO  1134/1268 files analyzed, current file: api/src/main/java/edu/cornell/mannlib/vitro/webapp/dao/jena/DataPropertyDaoJena.java
INFO  1266/1268 files analyzed, current file: api/src/main/java/freemarker/ext/dump/BaseDumpDirective.java
INFO  1268/1268 source files have been analyzed
INFO  Java Main Files AST scan (done) | time=60042ms
INFO  Java Test Files AST scan
INFO  0 source files to be analyzed
INFO  Java Test Files AST scan (done) | time=0ms
INFO  Java Generated Files AST scan
INFO  0/0 source files have been analyzed
INFO  0 source files to be analyzed
INFO  Java Generated Files AST scan (done) | time=5ms
INFO  0/0 source files have been analyzed
-----Number of fixes------
UnclosedResourcesProcessor: 15
-----End of report------
INFO  JavaClasspath initialization
INFO  JavaClasspath initialization (done) | time=0ms
INFO  JavaTestClasspath initialization
INFO  JavaTestClasspath initialization (done) | time=0ms
INFO  Java Main Files AST scan
INFO  1268 source files to be analyzed
INFO  382/1268 files analyzed, current file: api/src/main/java/edu/cornell/mannlib/vitro/webapp/edit/n3editing/VTwo/DateTimeWithPrecisionVTwo.java
INFO  762/1268 files analyzed, current file: api/src/main/java/edu/cornell/mannlib/vitro/webapp/controller/jena/RDFUploadController.java
INFO  1010/1268 files analyzed, current file: api/src/main/java/edu/cornell/mannlib/vitro/webapp/utils/dataGetter/ClassGroupPageData.java
INFO  1135/1268 files analyzed, current file: api/src/main/java/edu/cornell/mannlib/vitro/webapp/dao/jena/IndividualDaoSDB.java
INFO  Java Main Files AST scan (done) | time=49148ms
INFO  Java Test Files AST scan
INFO  1268/1268 source files have been analyzed
INFO  0 source files to be analyzed
INFO  Java Test Files AST scan (done) | time=1ms
INFO  Java Generated Files AST scan
INFO  0 source files to be analyzed
INFO  0/0 source files have been analyzed
INFO  Java Generated Files AST scan (done) | time=0ms
INFO  0/0 source files have been analyzed
