WARN  Invalid character encountered in file fromString at line 98 for encoding UTF-16. Please fix file content or configure the encoding to be used using property 'sonar.sourceEncoding'.
INFO  JavaClasspath initialization
INFO  JavaClasspath initialization (done) | time=16ms
INFO  JavaTestClasspath initialization
INFO  JavaTestClasspath initialization (done) | time=1ms
INFO  Java Main Files AST scan
INFO  1057 source files to be analyzed
INFO  373/1057 files analyzed, current file: jmetal-core/src/main/java/org/uma/jmetal/util/AdaptiveGrid.java
INFO  680/1057 files analyzed, current file: jmetal-algorithm/src/main/java/org/uma/jmetal/algorithm/multiobjective/moead/MOEADD.java
INFO  963/1057 files analyzed, current file: jmetal-problem/src/main/java/org/uma/jmetal/problem/multiobjective/ebes/Ebes.java
INFO  1057/1057 source files have been analyzed
INFO  Java Main Files AST scan (done) | time=34024ms
INFO  Java Test Files AST scan
INFO  0 source files to be analyzed
INFO  Java Test Files AST scan (done) | time=0ms
INFO  Java Generated Files AST scan
INFO  0/0 source files have been analyzed
INFO  0 source files to be analyzed
INFO  Java Generated Files AST scan (done) | time=0ms
INFO  0/0 source files have been analyzed
-----Number of fixes------
UnclosedResourcesProcessor: 11
-----End of report------
WARN  Invalid character encountered in file fromString at line 98 for encoding UTF-16. Please fix file content or configure the encoding to be used using property 'sonar.sourceEncoding'.
INFO  JavaClasspath initialization
INFO  JavaClasspath initialization (done) | time=1ms
INFO  JavaTestClasspath initialization
INFO  JavaTestClasspath initialization (done) | time=0ms
INFO  Java Main Files AST scan
INFO  1057 source files to be analyzed
INFO  593/1057 files analyzed, current file: jmetal-lab/src/main/java/org/uma/jmetal/lab/experiment/component/impl/ComputeQualityIndicators.java
INFO  894/1057 files analyzed, current file: jmetal-problem/src/main/java/org/uma/jmetal/problem/multiobjective/dtlz/DTLZ2.java
INFO  Java Main Files AST scan (done) | time=26240ms
INFO  Java Test Files AST scan
INFO  1057/1057 source files have been analyzed
INFO  0 source files to be analyzed
INFO  Java Test Files AST scan (done) | time=0ms
INFO  Java Generated Files AST scan
INFO  0 source files to be analyzed
INFO  0/0 source files have been analyzed
INFO  Java Generated Files AST scan (done) | time=1ms
INFO  0/0 source files have been analyzed
