WARN  Invalid character encountered in file fromString at line 3 for encoding UTF-16. Please fix file content or configure the encoding to be used using property 'sonar.sourceEncoding'.
INFO  JavaClasspath initialization
INFO  JavaClasspath initialization (done) | time=16ms
INFO  JavaTestClasspath initialization
INFO  JavaTestClasspath initialization (done) | time=0ms
INFO  Java Main Files AST scan
INFO  406 source files to be analyzed
INFO  89/406 files analyzed, current file: openhtmltopdf-core/src/main/java/com/openhtmltopdf/layout/Breaker.java
INFO  287/406 files analyzed, current file: openhtmltopdf-core/src/main/java/com/openhtmltopdf/render/RenderingContext.java
INFO  406/406 source files have been analyzed
INFO  Java Main Files AST scan (done) | time=25585ms
INFO  Java Test Files AST scan
INFO  0 source files to be analyzed
INFO  Java Test Files AST scan (done) | time=2ms
INFO  Java Generated Files AST scan
INFO  0 source files to be analyzed
INFO  Java Generated Files AST scan (done) | time=7ms
INFO  0/0 source files have been analyzed
INFO  0/0 source files have been analyzed
-----Number of fixes------
UnclosedResourcesProcessor: 3
-----End of report------
WARN  Invalid character encountered in file fromString at line 3 for encoding UTF-16. Please fix file content or configure the encoding to be used using property 'sonar.sourceEncoding'.
INFO  JavaClasspath initialization
INFO  JavaClasspath initialization (done) | time=0ms
INFO  JavaTestClasspath initialization
INFO  JavaTestClasspath initialization (done) | time=0ms
INFO  Java Main Files AST scan
INFO  406 source files to be analyzed
INFO  162/406 files analyzed, current file: openhtmltopdf-core/src/main/java/com/openhtmltopdf/css/parser/CSSParser.java
INFO  Java Main Files AST scan (done) | time=19796ms
INFO  Java Test Files AST scan
INFO  406/406 source files have been analyzed
INFO  0 source files to be analyzed
INFO  Java Test Files AST scan (done) | time=0ms
INFO  Java Generated Files AST scan
INFO  0 source files to be analyzed
INFO  0/0 source files have been analyzed
INFO  Java Generated Files AST scan (done) | time=0ms
INFO  0/0 source files have been analyzed
