INFO  JavaClasspath initialization
INFO  JavaClasspath initialization (done) | time=27ms
INFO  JavaTestClasspath initialization
INFO  JavaTestClasspath initialization (done) | time=0ms
INFO  Java Main Files AST scan
INFO  1684 source files to be analyzed
INFO  1684/1684 source files have been analyzed
INFO  Java Main Files AST scan (done) | time=9386ms
INFO  Java Test Files AST scan
INFO  0 source files to be analyzed
INFO  Java Test Files AST scan (done) | time=0ms
INFO  0/0 source files have been analyzed
INFO  Java Generated Files AST scan
INFO  0 source files to be analyzed
INFO  Java Generated Files AST scan (done) | time=1ms
INFO  0/0 source files have been analyzed
-----Number of fixes------
IteratorNextExceptionProcessor: 0
-----End of report------
INFO  JavaClasspath initialization
INFO  JavaClasspath initialization (done) | time=1ms
INFO  JavaTestClasspath initialization
INFO  JavaTestClasspath initialization (done) | time=0ms
INFO  Java Main Files AST scan
INFO  1684 source files to be analyzed
INFO  Java Main Files AST scan (done) | time=6067ms
INFO  1684/1684 source files have been analyzed
INFO  Java Test Files AST scan
INFO  0 source files to be analyzed
INFO  0/0 source files have been analyzed
INFO  Java Test Files AST scan (done) | time=1ms
INFO  Java Generated Files AST scan
INFO  0 source files to be analyzed
INFO  Java Generated Files AST scan (done) | time=0ms
INFO  0/0 source files have been analyzed
