INFO  JavaClasspath initialization
INFO  JavaClasspath initialization (done) | time=25ms
INFO  JavaTestClasspath initialization
INFO  JavaTestClasspath initialization (done) | time=0ms
INFO  Java Main Files AST scan
INFO  91 source files to be analyzed
INFO  91/91 source files have been analyzed
INFO  Java Main Files AST scan (done) | time=1282ms
INFO  Java Test Files AST scan
INFO  0 source files to be analyzed
INFO  Java Test Files AST scan (done) | time=0ms
INFO  Java Generated Files AST scan
INFO  0 source files to be analyzed
INFO  Java Generated Files AST scan (done) | time=0ms
INFO  0/0 source files have been analyzed
INFO  0/0 source files have been analyzed
-----Number of fixes------
IteratorNextExceptionProcessor: 0
-----End of report------
INFO  JavaClasspath initialization
INFO  JavaClasspath initialization (done) | time=0ms
INFO  JavaTestClasspath initialization
INFO  JavaTestClasspath initialization (done) | time=0ms
INFO  Java Main Files AST scan
INFO  91 source files to be analyzed
INFO  91/91 source files have been analyzed
INFO  Java Main Files AST scan (done) | time=435ms
INFO  Java Test Files AST scan
INFO  0 source files to be analyzed
INFO  Java Test Files AST scan (done) | time=0ms
INFO  Java Generated Files AST scan
INFO  0 source files to be analyzed
INFO  Java Generated Files AST scan (done) | time=0ms
INFO  0/0 source files have been analyzed
INFO  0/0 source files have been analyzed
