INFO  JavaClasspath initialization
INFO  JavaClasspath initialization (done) | time=31ms
INFO  JavaTestClasspath initialization
INFO  JavaTestClasspath initialization (done) | time=1ms
INFO  Java Main Files AST scan
INFO  195 source files to be analyzed
INFO  195/195 source files have been analyzed
INFO  Java Main Files AST scan (done) | time=3136ms
INFO  Java Test Files AST scan
INFO  0 source files to be analyzed
INFO  Java Test Files AST scan (done) | time=0ms
INFO  Java Generated Files AST scan
INFO  0 source files to be analyzed
INFO  Java Generated Files AST scan (done) | time=0ms
INFO  0/0 source files have been analyzed
INFO  0/0 source files have been analyzed
-----Number of fixes------
CompareStringsBoxedTypesWithEqualsProcessor: 0
-----End of report------
INFO  JavaClasspath initialization
INFO  JavaClasspath initialization (done) | time=0ms
INFO  JavaTestClasspath initialization
INFO  JavaTestClasspath initialization (done) | time=1ms
INFO  Java Main Files AST scan
INFO  195 source files to be analyzed
INFO  Java Main Files AST scan (done) | time=1558ms
INFO  Java Test Files AST scan
INFO  195/195 source files have been analyzed
INFO  0 source files to be analyzed
INFO  Java Test Files AST scan (done) | time=1ms
INFO  Java Generated Files AST scan
INFO  0 source files to be analyzed
INFO  0/0 source files have been analyzed
INFO  Java Generated Files AST scan (done) | time=3ms
INFO  0/0 source files have been analyzed
