WARN  Invalid character encountered in file fromString at line 5 for encoding UTF-16. Please fix file content or configure the encoding to be used using property 'sonar.sourceEncoding'.
WARN  Invalid character encountered in file fromString at line 5 for encoding UTF-16. Please fix file content or configure the encoding to be used using property 'sonar.sourceEncoding'.
WARN  Invalid character encountered in file fromString at line 8 for encoding UTF-16. Please fix file content or configure the encoding to be used using property 'sonar.sourceEncoding'.
INFO  JavaClasspath initialization
INFO  JavaClasspath initialization (done) | time=17ms
INFO  JavaTestClasspath initialization
INFO  JavaTestClasspath initialization (done) | time=0ms
INFO  Java Main Files AST scan
INFO  485 source files to be analyzed
INFO  108/485 files analyzed, current file: plugin/turbojpeg/src/main/java/it/geosolutions/imageio/plugins/exif/TIFFTagWrapper.java
INFO  336/485 files analyzed, current file: plugin/arcgrid/src/test/java/it/geosolutions/imageio/plugins/arcgrid/AsciiGridTest.java
INFO  414/485 files analyzed, current file: plugin/tiff/src/main/java/it/geosolutions/imageioimpl/plugins/tiff/TIFFIFD.java
INFO  485/485 source files have been analyzed
INFO  Java Main Files AST scan (done) | time=38597ms
INFO  Java Test Files AST scan
INFO  0 source files to be analyzed
INFO  Java Test Files AST scan (done) | time=1ms
INFO  Java Generated Files AST scan
INFO  0/0 source files have been analyzed
INFO  0 source files to be analyzed
INFO  Java Generated Files AST scan (done) | time=0ms
INFO  0/0 source files have been analyzed
-----Number of fixes------
UnclosedResourcesProcessor: 16
-----End of report------
WARN  Invalid character encountered in file fromString at line 5 for encoding UTF-16. Please fix file content or configure the encoding to be used using property 'sonar.sourceEncoding'.
WARN  Invalid character encountered in file fromString at line 5 for encoding UTF-16. Please fix file content or configure the encoding to be used using property 'sonar.sourceEncoding'.
WARN  Invalid character encountered in file fromString at line 8 for encoding UTF-16. Please fix file content or configure the encoding to be used using property 'sonar.sourceEncoding'.
INFO  JavaClasspath initialization
INFO  JavaClasspath initialization (done) | time=0ms
INFO  JavaTestClasspath initialization
INFO  JavaTestClasspath initialization (done) | time=0ms
INFO  Java Main Files AST scan
INFO  485 source files to be analyzed
INFO  179/485 files analyzed, current file: plugin/kakadujp2/src/main/java/it/geosolutions/imageio/plugins/jp2k/JP2KKakaduImageReader.java
INFO  378/485 files analyzed, current file: plugin/unidata-netcdf/netcdfconverters/src/main/java/it/geosolutions/imageio/plugins/netcdf/MercatorOceanConverter.java
INFO  480/485 files analyzed, current file: plugin/pnm/src/main/java/it/geosolutions/imageio/plugins/pnm/PNMImageReader.java
INFO  Java Main Files AST scan (done) | time=30547ms
INFO  Java Test Files AST scan
INFO  485/485 source files have been analyzed
INFO  0 source files to be analyzed
INFO  Java Test Files AST scan (done) | time=1ms
INFO  Java Generated Files AST scan
INFO  0 source files to be analyzed
INFO  0/0 source files have been analyzed
INFO  Java Generated Files AST scan (done) | time=0ms
INFO  0/0 source files have been analyzed
