INFO  JavaClasspath initialization
INFO  JavaClasspath initialization (done) | time=26ms
INFO  JavaTestClasspath initialization
INFO  JavaTestClasspath initialization (done) | time=1ms
INFO  Java Main Files AST scan
INFO  1855 source files to be analyzed
INFO  717/1855 files analyzed, current file: tetrad-lib/src/test/java/edu/cmu/tetrad/bayes/JunctionTreeAlgorithmTest.java
INFO  1769/1855 files analyzed, current file: tetrad-lib/src/main/java/edu/cmu/tetrad/search/Fask.java
INFO  1855/1855 source files have been analyzed
INFO  Java Main Files AST scan (done) | time=21168ms
INFO  Java Test Files AST scan
INFO  0 source files to be analyzed
INFO  Java Test Files AST scan (done) | time=3ms
INFO  Java Generated Files AST scan
INFO  0 source files to be analyzed
INFO  0/0 source files have been analyzed
INFO  Java Generated Files AST scan (done) | time=0ms
INFO  0/0 source files have been analyzed
-----Number of fixes------
IteratorNextExceptionProcessor: 4
-----End of report------
INFO  JavaClasspath initialization
INFO  JavaClasspath initialization (done) | time=0ms
INFO  JavaTestClasspath initialization
INFO  JavaTestClasspath initialization (done) | time=0ms
INFO  Java Main Files AST scan
INFO  1855 source files to be analyzed
INFO  1279/1855 files analyzed, current file: tetrad-lib/src/main/java/edu/cmu/tetrad/algcomparison/algorithm/pairwise/SkewE.java
INFO  1855/1855 source files have been analyzed
INFO  Java Main Files AST scan (done) | time=15498ms
INFO  Java Test Files AST scan
INFO  0 source files to be analyzed
INFO  Java Test Files AST scan (done) | time=1ms
INFO  0/0 source files have been analyzed
INFO  Java Generated Files AST scan
INFO  0 source files to be analyzed
INFO  Java Generated Files AST scan (done) | time=3ms
INFO  0/0 source files have been analyzed
