INFO  JavaClasspath initialization
INFO  JavaClasspath initialization (done) | time=26ms
INFO  JavaTestClasspath initialization
INFO  JavaTestClasspath initialization (done) | time=1ms
INFO  Java Main Files AST scan
INFO  1855 source files to be analyzed
INFO  521/1855 files analyzed, current file: tetrad-gui/src/main/java/edu/cmu/tetradapp/model/VanderbiltMmmbMbSearchRunner.java
INFO  1654/1855 files analyzed, current file: tetrad-lib/src/main/java/edu/cmu/tetrad/search/Lofs.java
INFO  1855/1855 source files have been analyzed
INFO  Java Main Files AST scan (done) | time=22806ms
INFO  Java Test Files AST scan
INFO  0 source files to be analyzed
INFO  Java Test Files AST scan (done) | time=0ms
INFO  Java Generated Files AST scan
INFO  0 source files to be analyzed
INFO  0/0 source files have been analyzed
INFO  Java Generated Files AST scan (done) | time=0ms
INFO  0/0 source files have been analyzed
-----Number of fixes------
CompareStringsBoxedTypesWithEqualsProcessor: 3
-----End of report------
INFO  JavaClasspath initialization
INFO  JavaClasspath initialization (done) | time=0ms
INFO  JavaTestClasspath initialization
INFO  JavaTestClasspath initialization (done) | time=0ms
INFO  Java Main Files AST scan
INFO  1855 source files to be analyzed
INFO  1168/1855 files analyzed, current file: tetrad-lib/src/main/java/edu/cmu/tetrad/gene/tetrad/gene/history/PolynomialTerm.java
INFO  1855/1855 source files have been analyzed
INFO  Java Main Files AST scan (done) | time=16247ms
INFO  Java Test Files AST scan
INFO  0 source files to be analyzed
INFO  Java Test Files AST scan (done) | time=1ms
INFO  0/0 source files have been analyzed
INFO  Java Generated Files AST scan
INFO  0 source files to be analyzed
INFO  Java Generated Files AST scan (done) | time=1ms
INFO  0/0 source files have been analyzed
