INFO  JavaClasspath initialization
INFO  JavaClasspath initialization (done) | time=25ms
INFO  JavaTestClasspath initialization
INFO  JavaTestClasspath initialization (done) | time=0ms
INFO  Java Main Files AST scan
INFO  1855 source files to be analyzed
INFO  551/1855 files analyzed, current file: tetrad-gui/src/main/java/edu/cmu/tetradapp/model/PurifyRunner.java
INFO  1663/1855 files analyzed, current file: tetrad-lib/src/main/java/edu/cmu/tetrad/search/SepsetsMinScore.java
INFO  1855/1855 source files have been analyzed
INFO  Java Main Files AST scan (done) | time=22624ms
INFO  Java Test Files AST scan
INFO  0 source files to be analyzed
INFO  Java Test Files AST scan (done) | time=0ms
INFO  Java Generated Files AST scan
INFO  0 source files to be analyzed
INFO  Java Generated Files AST scan (done) | time=1ms
INFO  0/0 source files have been analyzed
INFO  0/0 source files have been analyzed
-----Number of fixes------
ArrayHashCodeAndToStringProcessor: 0
-----End of report------
INFO  JavaClasspath initialization
INFO  JavaClasspath initialization (done) | time=1ms
INFO  JavaTestClasspath initialization
INFO  JavaTestClasspath initialization (done) | time=0ms
INFO  Java Main Files AST scan
INFO  1855 source files to be analyzed
INFO  1164/1855 files analyzed, current file: tetrad-lib/src/main/java/edu/cmu/tetrad/gene/tetrad/gene/simulation/TestMeasurementSimulator.java
INFO  Java Main Files AST scan (done) | time=16153ms
INFO  1855/1855 source files have been analyzed
INFO  Java Test Files AST scan
INFO  0 source files to be analyzed
INFO  Java Test Files AST scan (done) | time=0ms
INFO  0/0 source files have been analyzed
INFO  Java Generated Files AST scan
INFO  0 source files to be analyzed
INFO  Java Generated Files AST scan (done) | time=0ms
INFO  0/0 source files have been analyzed
