INFO  JavaClasspath initialization
INFO  JavaClasspath initialization (done) | time=26ms
INFO  JavaTestClasspath initialization
INFO  JavaTestClasspath initialization (done) | time=0ms
INFO  Java Main Files AST scan
INFO  1855 source files to be analyzed
INFO  426/1855 files analyzed, current file: tetrad-gui/src/main/java/edu/cmu/tetradapp/workbench/DisplayEdge.java
INFO  1610/1855 files analyzed, current file: tetrad-lib/src/main/java/edu/cmu/tetrad/search/TsFges2.java
INFO  1855/1855 source files have been analyzed
INFO  Java Main Files AST scan (done) | time=23458ms
INFO  Java Test Files AST scan
INFO  0 source files to be analyzed
INFO  Java Test Files AST scan (done) | time=0ms
INFO  Java Generated Files AST scan
INFO  0 source files to be analyzed
INFO  Java Generated Files AST scan (done) | time=3ms
INFO  0/0 source files have been analyzed
INFO  0/0 source files have been analyzed
-----Number of fixes------
ToStringReturningNullProcessor: 0
-----End of report------
INFO  JavaClasspath initialization
INFO  JavaClasspath initialization (done) | time=1ms
INFO  JavaTestClasspath initialization
INFO  JavaTestClasspath initialization (done) | time=0ms
INFO  Java Main Files AST scan
INFO  1855 source files to be analyzed
INFO  1173/1855 files analyzed, current file: tetrad-lib/src/main/java/edu/cmu/tetrad/gene/tetrad/gene/history/RandomDistribution.java
INFO  1855/1855 source files have been analyzed
INFO  Java Main Files AST scan (done) | time=16005ms
INFO  Java Test Files AST scan
INFO  0 source files to be analyzed
INFO  Java Test Files AST scan (done) | time=0ms
INFO  Java Generated Files AST scan
INFO  0/0 source files have been analyzed
INFO  0 source files to be analyzed
INFO  Java Generated Files AST scan (done) | time=0ms
INFO  0/0 source files have been analyzed
