INFO  JavaClasspath initialization
INFO  JavaClasspath initialization (done) | time=28ms
INFO  JavaTestClasspath initialization
INFO  JavaTestClasspath initialization (done) | time=0ms
INFO  Java Main Files AST scan
INFO  713 source files to be analyzed
ERROR Unable to parse source file : 'target/testgen_testRelocation-19/foo/bar/io/vertx/test/codegen/testapi/VertxGenClass1_Other.java'
ERROR Parse error at line 1 column 0: Syntax error on token "should_not_be_compiled", delete this token
ERROR Unable to parse source file : 'target/testgen_testRelocation-19/foo/bar/io/vertx/test/codegen/testapi/MethodWithValidVertxGenParams_Other.java'
ERROR Parse error at line 1 column 0: Syntax error on token "should_not_be_compiled", delete this token
ERROR Unable to parse source file : 'target/testgen_testRelocation-19/foo/bar/io/vertx/test/codegen/testapi/VertxGenClass2_Other.java'
ERROR Parse error at line 1 column 0: Syntax error on token "should_not_be_compiled", delete this token
ERROR Unable to parse source file : 'target/testgen_testRelocation-5/foo/bar/io/vertx/test/codegen/testapi/VertxGenClass1_Other.java'
ERROR Parse error at line 1 column 0: Syntax error on token "should_not_be_compiled", delete this token
ERROR Unable to parse source file : 'target/testgen_testRelocation-5/foo/bar/io/vertx/test/codegen/testapi/MethodWithValidVertxGenParams_Other.java'
ERROR Parse error at line 1 column 0: Syntax error on token "should_not_be_compiled", delete this token
ERROR Unable to parse source file : 'target/testgen_testRelocation-5/foo/bar/io/vertx/test/codegen/testapi/VertxGenClass2_Other.java'
ERROR Parse error at line 1 column 0: Syntax error on token "should_not_be_compiled", delete this token
ERROR Unable to parse source file : 'target/testgen_testRelocation-24/foo/bar/io/vertx/test/codegen/testapi/VertxGenClass1_Other.java'
ERROR Parse error at line 1 column 0: Syntax error on token "should_not_be_compiled", delete this token
ERROR Unable to parse source file : 'target/testgen_testRelocation-24/foo/bar/io/vertx/test/codegen/testapi/MethodWithValidVertxGenParams_Other.java'
ERROR Parse error at line 1 column 0: Syntax error on token "should_not_be_compiled", delete this token
ERROR Unable to parse source file : 'target/testgen_testRelocation-24/foo/bar/io/vertx/test/codegen/testapi/VertxGenClass2_Other.java'
ERROR Parse error at line 1 column 0: Syntax error on token "should_not_be_compiled", delete this token
ERROR Unable to parse source file : 'target/testgen_testRelocation/foo/bar/io/vertx/test/codegen/testapi/VertxGenClass1_Other.java'
ERROR Parse error at line 1 column 0: Syntax error on token "should_not_be_compiled", delete this token
ERROR Unable to parse source file : 'target/testgen_testRelocation/foo/bar/io/vertx/test/codegen/testapi/MethodWithValidVertxGenParams_Other.java'
ERROR Parse error at line 1 column 0: Syntax error on token "should_not_be_compiled", delete this token
ERROR Unable to parse source file : 'target/testgen_testRelocation/foo/bar/io/vertx/test/codegen/testapi/VertxGenClass2_Other.java'
ERROR Parse error at line 1 column 0: Syntax error on token "should_not_be_compiled", delete this token
ERROR Unable to parse source file : 'target/testgen_testRelocation-23/foo/bar/io/vertx/test/codegen/testapi/VertxGenClass1_Other.java'
ERROR Parse error at line 1 column 0: Syntax error on token "should_not_be_compiled", delete this token
ERROR Unable to parse source file : 'target/testgen_testRelocation-23/foo/bar/io/vertx/test/codegen/testapi/MethodWithValidVertxGenParams_Other.java'
ERROR Parse error at line 1 column 0: Syntax error on token "should_not_be_compiled", delete this token
ERROR Unable to parse source file : 'target/testgen_testRelocation-23/foo/bar/io/vertx/test/codegen/testapi/VertxGenClass2_Other.java'
ERROR Parse error at line 1 column 0: Syntax error on token "should_not_be_compiled", delete this token
ERROR Unable to parse source file : 'target/testgen_testRelocation-22/foo/bar/io/vertx/test/codegen/testapi/VertxGenClass1_Other.java'
ERROR Parse error at line 1 column 0: Syntax error on token "should_not_be_compiled", delete this token
ERROR Unable to parse source file : 'target/testgen_testRelocation-22/foo/bar/io/vertx/test/codegen/testapi/MethodWithValidVertxGenParams_Other.java'
ERROR Parse error at line 1 column 0: Syntax error on token "should_not_be_compiled", delete this token
ERROR Unable to parse source file : 'target/testgen_testRelocation-22/foo/bar/io/vertx/test/codegen/testapi/VertxGenClass2_Other.java'
ERROR Parse error at line 1 column 0: Syntax error on token "should_not_be_compiled", delete this token
ERROR Unable to parse source file : 'target/testgen_testRelocation-16/foo/bar/io/vertx/test/codegen/testapi/VertxGenClass1_Other.java'
ERROR Parse error at line 1 column 0: Syntax error on token "should_not_be_compiled", delete this token
ERROR Unable to parse source file : 'target/testgen_testRelocation-16/foo/bar/io/vertx/test/codegen/testapi/MethodWithValidVertxGenParams_Other.java'
ERROR Parse error at line 1 column 0: Syntax error on token "should_not_be_compiled", delete this token
ERROR Unable to parse source file : 'target/testgen_testRelocation-16/foo/bar/io/vertx/test/codegen/testapi/VertxGenClass2_Other.java'
ERROR Parse error at line 1 column 0: Syntax error on token "should_not_be_compiled", delete this token
ERROR Unable to parse source file : 'target/testgen_testRelocation-21/foo/bar/io/vertx/test/codegen/testapi/VertxGenClass1_Other.java'
ERROR Parse error at line 1 column 0: Syntax error on token "should_not_be_compiled", delete this token
ERROR Unable to parse source file : 'target/testgen_testRelocation-21/foo/bar/io/vertx/test/codegen/testapi/MethodWithValidVertxGenParams_Other.java'
ERROR Parse error at line 1 column 0: Syntax error on token "should_not_be_compiled", delete this token
ERROR Unable to parse source file : 'target/testgen_testRelocation-21/foo/bar/io/vertx/test/codegen/testapi/VertxGenClass2_Other.java'
ERROR Parse error at line 1 column 0: Syntax error on token "should_not_be_compiled", delete this token
ERROR Unable to parse source file : 'target/testgen_testRelocation-18/foo/bar/io/vertx/test/codegen/testapi/VertxGenClass1_Other.java'
ERROR Parse error at line 1 column 0: Syntax error on token "should_not_be_compiled", delete this token
ERROR Unable to parse source file : 'target/testgen_testRelocation-18/foo/bar/io/vertx/test/codegen/testapi/MethodWithValidVertxGenParams_Other.java'
ERROR Parse error at line 1 column 0: Syntax error on token "should_not_be_compiled", delete this token
ERROR Unable to parse source file : 'target/testgen_testRelocation-18/foo/bar/io/vertx/test/codegen/testapi/VertxGenClass2_Other.java'
ERROR Parse error at line 1 column 0: Syntax error on token "should_not_be_compiled", delete this token
ERROR Unable to parse source file : 'target/testgen_testRelocation-10/foo/bar/io/vertx/test/codegen/testapi/VertxGenClass1_Other.java'
ERROR Parse error at line 1 column 0: Syntax error on token "should_not_be_compiled", delete this token
ERROR Unable to parse source file : 'target/testgen_testRelocation-10/foo/bar/io/vertx/test/codegen/testapi/MethodWithValidVertxGenParams_Other.java'
ERROR Parse error at line 1 column 0: Syntax error on token "should_not_be_compiled", delete this token
ERROR Unable to parse source file : 'target/testgen_testRelocation-10/foo/bar/io/vertx/test/codegen/testapi/VertxGenClass2_Other.java'
ERROR Parse error at line 1 column 0: Syntax error on token "should_not_be_compiled", delete this token
ERROR Unable to parse source file : 'target/testgen_testRelocation-14/foo/bar/io/vertx/test/codegen/testapi/VertxGenClass1_Other.java'
ERROR Parse error at line 1 column 0: Syntax error on token "should_not_be_compiled", delete this token
ERROR Unable to parse source file : 'target/testgen_testRelocation-14/foo/bar/io/vertx/test/codegen/testapi/MethodWithValidVertxGenParams_Other.java'
ERROR Parse error at line 1 column 0: Syntax error on token "should_not_be_compiled", delete this token
ERROR Unable to parse source file : 'target/testgen_testRelocation-14/foo/bar/io/vertx/test/codegen/testapi/VertxGenClass2_Other.java'
ERROR Parse error at line 1 column 0: Syntax error on token "should_not_be_compiled", delete this token
ERROR Unable to parse source file : 'target/testgen_testRelocation-17/foo/bar/io/vertx/test/codegen/testapi/VertxGenClass1_Other.java'
ERROR Parse error at line 1 column 0: Syntax error on token "should_not_be_compiled", delete this token
ERROR Unable to parse source file : 'target/testgen_testRelocation-17/foo/bar/io/vertx/test/codegen/testapi/MethodWithValidVertxGenParams_Other.java'
ERROR Parse error at line 1 column 0: Syntax error on token "should_not_be_compiled", delete this token
ERROR Unable to parse source file : 'target/testgen_testRelocation-17/foo/bar/io/vertx/test/codegen/testapi/VertxGenClass2_Other.java'
ERROR Parse error at line 1 column 0: Syntax error on token "should_not_be_compiled", delete this token
ERROR Unable to parse source file : 'target/testgen_testRelocation-7/foo/bar/io/vertx/test/codegen/testapi/VertxGenClass1_Other.java'
ERROR Parse error at line 1 column 0: Syntax error on token "should_not_be_compiled", delete this token
ERROR Unable to parse source file : 'target/testgen_testRelocation-7/foo/bar/io/vertx/test/codegen/testapi/MethodWithValidVertxGenParams_Other.java'
ERROR Parse error at line 1 column 0: Syntax error on token "should_not_be_compiled", delete this token
ERROR Unable to parse source file : 'target/testgen_testRelocation-7/foo/bar/io/vertx/test/codegen/testapi/VertxGenClass2_Other.java'
ERROR Parse error at line 1 column 0: Syntax error on token "should_not_be_compiled", delete this token
ERROR Unable to parse source file : 'target/testgen_testRelocation-12/foo/bar/io/vertx/test/codegen/testapi/VertxGenClass1_Other.java'
ERROR Parse error at line 1 column 0: Syntax error on token "should_not_be_compiled", delete this token
ERROR Unable to parse source file : 'target/testgen_testRelocation-12/foo/bar/io/vertx/test/codegen/testapi/MethodWithValidVertxGenParams_Other.java'
ERROR Parse error at line 1 column 0: Syntax error on token "should_not_be_compiled", delete this token
ERROR Unable to parse source file : 'target/testgen_testRelocation-12/foo/bar/io/vertx/test/codegen/testapi/VertxGenClass2_Other.java'
ERROR Parse error at line 1 column 0: Syntax error on token "should_not_be_compiled", delete this token
ERROR Unable to parse source file : 'target/testgen_testRelocation-4/foo/bar/io/vertx/test/codegen/testapi/VertxGenClass1_Other.java'
ERROR Parse error at line 1 column 0: Syntax error on token "should_not_be_compiled", delete this token
ERROR Unable to parse source file : 'target/testgen_testRelocation-4/foo/bar/io/vertx/test/codegen/testapi/MethodWithValidVertxGenParams_Other.java'
ERROR Parse error at line 1 column 0: Syntax error on token "should_not_be_compiled", delete this token
ERROR Unable to parse source file : 'target/testgen_testRelocation-4/foo/bar/io/vertx/test/codegen/testapi/VertxGenClass2_Other.java'
ERROR Parse error at line 1 column 0: Syntax error on token "should_not_be_compiled", delete this token
ERROR Unable to parse source file : 'target/testgen_testRelocation-13/foo/bar/io/vertx/test/codegen/testapi/VertxGenClass1_Other.java'
ERROR Parse error at line 1 column 0: Syntax error on token "should_not_be_compiled", delete this token
ERROR Unable to parse source file : 'target/testgen_testRelocation-13/foo/bar/io/vertx/test/codegen/testapi/MethodWithValidVertxGenParams_Other.java'
ERROR Parse error at line 1 column 0: Syntax error on token "should_not_be_compiled", delete this token
ERROR Unable to parse source file : 'target/testgen_testRelocation-13/foo/bar/io/vertx/test/codegen/testapi/VertxGenClass2_Other.java'
ERROR Parse error at line 1 column 0: Syntax error on token "should_not_be_compiled", delete this token
ERROR Unable to parse source file : 'target/testgen_testRelocation-8/foo/bar/io/vertx/test/codegen/testapi/VertxGenClass1_Other.java'
ERROR Parse error at line 1 column 0: Syntax error on token "should_not_be_compiled", delete this token
ERROR Unable to parse source file : 'target/testgen_testRelocation-8/foo/bar/io/vertx/test/codegen/testapi/MethodWithValidVertxGenParams_Other.java'
ERROR Parse error at line 1 column 0: Syntax error on token "should_not_be_compiled", delete this token
ERROR Unable to parse source file : 'target/testgen_testRelocation-8/foo/bar/io/vertx/test/codegen/testapi/VertxGenClass2_Other.java'
ERROR Parse error at line 1 column 0: Syntax error on token "should_not_be_compiled", delete this token
ERROR Unable to parse source file : 'target/testgen_testRelocation-3/foo/bar/io/vertx/test/codegen/testapi/VertxGenClass1_Other.java'
ERROR Parse error at line 1 column 0: Syntax error on token "should_not_be_compiled", delete this token
ERROR Unable to parse source file : 'target/testgen_testRelocation-3/foo/bar/io/vertx/test/codegen/testapi/MethodWithValidVertxGenParams_Other.java'
ERROR Parse error at line 1 column 0: Syntax error on token "should_not_be_compiled", delete this token
ERROR Unable to parse source file : 'target/testgen_testRelocation-3/foo/bar/io/vertx/test/codegen/testapi/VertxGenClass2_Other.java'
ERROR Parse error at line 1 column 0: Syntax error on token "should_not_be_compiled", delete this token
ERROR Unable to parse source file : 'target/testgen_testRelocation-9/foo/bar/io/vertx/test/codegen/testapi/VertxGenClass1_Other.java'
ERROR Parse error at line 1 column 0: Syntax error on token "should_not_be_compiled", delete this token
ERROR Unable to parse source file : 'target/testgen_testRelocation-9/foo/bar/io/vertx/test/codegen/testapi/MethodWithValidVertxGenParams_Other.java'
ERROR Parse error at line 1 column 0: Syntax error on token "should_not_be_compiled", delete this token
ERROR Unable to parse source file : 'target/testgen_testRelocation-9/foo/bar/io/vertx/test/codegen/testapi/VertxGenClass2_Other.java'
ERROR Parse error at line 1 column 0: Syntax error on token "should_not_be_compiled", delete this token
ERROR Unable to parse source file : 'target/testgen_testRelocation-26/foo/bar/io/vertx/test/codegen/testapi/VertxGenClass1_Other.java'
ERROR Parse error at line 1 column 0: Syntax error on token "should_not_be_compiled", delete this token
ERROR Unable to parse source file : 'target/testgen_testRelocation-26/foo/bar/io/vertx/test/codegen/testapi/MethodWithValidVertxGenParams_Other.java'
ERROR Parse error at line 1 column 0: Syntax error on token "should_not_be_compiled", delete this token
ERROR Unable to parse source file : 'target/testgen_testRelocation-26/foo/bar/io/vertx/test/codegen/testapi/VertxGenClass2_Other.java'
ERROR Parse error at line 1 column 0: Syntax error on token "should_not_be_compiled", delete this token
ERROR Unable to parse source file : 'target/testgen_testRelocation-2/foo/bar/io/vertx/test/codegen/testapi/VertxGenClass1_Other.java'
ERROR Parse error at line 1 column 0: Syntax error on token "should_not_be_compiled", delete this token
ERROR Unable to parse source file : 'target/testgen_testRelocation-2/foo/bar/io/vertx/test/codegen/testapi/MethodWithValidVertxGenParams_Other.java'
ERROR Parse error at line 1 column 0: Syntax error on token "should_not_be_compiled", delete this token
ERROR Unable to parse source file : 'target/testgen_testRelocation-2/foo/bar/io/vertx/test/codegen/testapi/VertxGenClass2_Other.java'
ERROR Parse error at line 1 column 0: Syntax error on token "should_not_be_compiled", delete this token
ERROR Unable to parse source file : 'target/testgen_testRelocation-1/foo/bar/io/vertx/test/codegen/testapi/VertxGenClass1_Other.java'
ERROR Parse error at line 1 column 0: Syntax error on token "should_not_be_compiled", delete this token
ERROR Unable to parse source file : 'target/testgen_testRelocation-1/foo/bar/io/vertx/test/codegen/testapi/MethodWithValidVertxGenParams_Other.java'
ERROR Parse error at line 1 column 0: Syntax error on token "should_not_be_compiled", delete this token
ERROR Unable to parse source file : 'target/testgen_testRelocation-1/foo/bar/io/vertx/test/codegen/testapi/VertxGenClass2_Other.java'
ERROR Parse error at line 1 column 0: Syntax error on token "should_not_be_compiled", delete this token
ERROR Unable to parse source file : 'target/testgen_testRelocation-25/foo/bar/io/vertx/test/codegen/testapi/VertxGenClass1_Other.java'
ERROR Parse error at line 1 column 0: Syntax error on token "should_not_be_compiled", delete this token
ERROR Unable to parse source file : 'target/testgen_testRelocation-25/foo/bar/io/vertx/test/codegen/testapi/MethodWithValidVertxGenParams_Other.java'
ERROR Parse error at line 1 column 0: Syntax error on token "should_not_be_compiled", delete this token
ERROR Unable to parse source file : 'target/testgen_testRelocation-25/foo/bar/io/vertx/test/codegen/testapi/VertxGenClass2_Other.java'
ERROR Parse error at line 1 column 0: Syntax error on token "should_not_be_compiled", delete this token
ERROR Unable to parse source file : 'target/testgen_testRelocation-20/foo/bar/io/vertx/test/codegen/testapi/VertxGenClass1_Other.java'
ERROR Parse error at line 1 column 0: Syntax error on token "should_not_be_compiled", delete this token
ERROR Unable to parse source file : 'target/testgen_testRelocation-20/foo/bar/io/vertx/test/codegen/testapi/MethodWithValidVertxGenParams_Other.java'
ERROR Parse error at line 1 column 0: Syntax error on token "should_not_be_compiled", delete this token
ERROR Unable to parse source file : 'target/testgen_testRelocation-20/foo/bar/io/vertx/test/codegen/testapi/VertxGenClass2_Other.java'
ERROR Parse error at line 1 column 0: Syntax error on token "should_not_be_compiled", delete this token
ERROR Unable to parse source file : 'target/testgen_testRelocation-6/foo/bar/io/vertx/test/codegen/testapi/VertxGenClass1_Other.java'
ERROR Parse error at line 1 column 0: Syntax error on token "should_not_be_compiled", delete this token
ERROR Unable to parse source file : 'target/testgen_testRelocation-6/foo/bar/io/vertx/test/codegen/testapi/MethodWithValidVertxGenParams_Other.java'
ERROR Parse error at line 1 column 0: Syntax error on token "should_not_be_compiled", delete this token
ERROR Unable to parse source file : 'target/testgen_testRelocation-6/foo/bar/io/vertx/test/codegen/testapi/VertxGenClass2_Other.java'
ERROR Parse error at line 1 column 0: Syntax error on token "should_not_be_compiled", delete this token
ERROR Unable to parse source file : 'target/testgen_testRelocation-15/foo/bar/io/vertx/test/codegen/testapi/VertxGenClass1_Other.java'
ERROR Parse error at line 1 column 0: Syntax error on token "should_not_be_compiled", delete this token
ERROR Unable to parse source file : 'target/testgen_testRelocation-15/foo/bar/io/vertx/test/codegen/testapi/MethodWithValidVertxGenParams_Other.java'
ERROR Parse error at line 1 column 0: Syntax error on token "should_not_be_compiled", delete this token
ERROR Unable to parse source file : 'target/testgen_testRelocation-15/foo/bar/io/vertx/test/codegen/testapi/VertxGenClass2_Other.java'
ERROR Parse error at line 1 column 0: Syntax error on token "should_not_be_compiled", delete this token
ERROR Unable to parse source file : 'target/testgen_testRelocation-11/foo/bar/io/vertx/test/codegen/testapi/VertxGenClass1_Other.java'
ERROR Parse error at line 1 column 0: Syntax error on token "should_not_be_compiled", delete this token
ERROR Unable to parse source file : 'target/testgen_testRelocation-11/foo/bar/io/vertx/test/codegen/testapi/MethodWithValidVertxGenParams_Other.java'
ERROR Parse error at line 1 column 0: Syntax error on token "should_not_be_compiled", delete this token
ERROR Unable to parse source file : 'target/testgen_testRelocation-11/foo/bar/io/vertx/test/codegen/testapi/VertxGenClass2_Other.java'
ERROR Parse error at line 1 column 0: Syntax error on token "should_not_be_compiled", delete this token
INFO  713/713 source files have been analyzed
INFO  Java Main Files AST scan (done) | time=5474ms
INFO  Java Test Files AST scan
INFO  0 source files to be analyzed
INFO  Java Test Files AST scan (done) | time=1ms
INFO  Java Generated Files AST scan
INFO  0 source files to be analyzed
INFO  Java Generated Files AST scan (done) | time=0ms
INFO  0/0 source files have been analyzed
INFO  0/0 source files have been analyzed
-----Number of fixes------
SynchronizationOnStringOrBoxedProcessor: 0
-----End of report------
INFO  JavaClasspath initialization
INFO  JavaClasspath initialization (done) | time=1ms
INFO  JavaTestClasspath initialization
INFO  JavaTestClasspath initialization (done) | time=0ms
INFO  Java Main Files AST scan
INFO  713 source files to be analyzed
ERROR Unable to parse source file : 'target/testgen_testRelocation-19/foo/bar/io/vertx/test/codegen/testapi/VertxGenClass1_Other.java'
ERROR Parse error at line 1 column 0: Syntax error on token "should_not_be_compiled", delete this token
ERROR Unable to parse source file : 'target/testgen_testRelocation-19/foo/bar/io/vertx/test/codegen/testapi/MethodWithValidVertxGenParams_Other.java'
ERROR Parse error at line 1 column 0: Syntax error on token "should_not_be_compiled", delete this token
ERROR Unable to parse source file : 'target/testgen_testRelocation-19/foo/bar/io/vertx/test/codegen/testapi/VertxGenClass2_Other.java'
ERROR Parse error at line 1 column 0: Syntax error on token "should_not_be_compiled", delete this token
ERROR Unable to parse source file : 'target/testgen_testRelocation-5/foo/bar/io/vertx/test/codegen/testapi/VertxGenClass1_Other.java'
ERROR Parse error at line 1 column 0: Syntax error on token "should_not_be_compiled", delete this token
ERROR Unable to parse source file : 'target/testgen_testRelocation-5/foo/bar/io/vertx/test/codegen/testapi/MethodWithValidVertxGenParams_Other.java'
ERROR Parse error at line 1 column 0: Syntax error on token "should_not_be_compiled", delete this token
ERROR Unable to parse source file : 'target/testgen_testRelocation-5/foo/bar/io/vertx/test/codegen/testapi/VertxGenClass2_Other.java'
ERROR Parse error at line 1 column 0: Syntax error on token "should_not_be_compiled", delete this token
ERROR Unable to parse source file : 'target/testgen_testRelocation-24/foo/bar/io/vertx/test/codegen/testapi/VertxGenClass1_Other.java'
ERROR Parse error at line 1 column 0: Syntax error on token "should_not_be_compiled", delete this token
ERROR Unable to parse source file : 'target/testgen_testRelocation-24/foo/bar/io/vertx/test/codegen/testapi/MethodWithValidVertxGenParams_Other.java'
ERROR Parse error at line 1 column 0: Syntax error on token "should_not_be_compiled", delete this token
ERROR Unable to parse source file : 'target/testgen_testRelocation-24/foo/bar/io/vertx/test/codegen/testapi/VertxGenClass2_Other.java'
ERROR Parse error at line 1 column 0: Syntax error on token "should_not_be_compiled", delete this token
ERROR Unable to parse source file : 'target/testgen_testRelocation/foo/bar/io/vertx/test/codegen/testapi/VertxGenClass1_Other.java'
ERROR Parse error at line 1 column 0: Syntax error on token "should_not_be_compiled", delete this token
ERROR Unable to parse source file : 'target/testgen_testRelocation/foo/bar/io/vertx/test/codegen/testapi/MethodWithValidVertxGenParams_Other.java'
ERROR Parse error at line 1 column 0: Syntax error on token "should_not_be_compiled", delete this token
ERROR Unable to parse source file : 'target/testgen_testRelocation/foo/bar/io/vertx/test/codegen/testapi/VertxGenClass2_Other.java'
ERROR Parse error at line 1 column 0: Syntax error on token "should_not_be_compiled", delete this token
ERROR Unable to parse source file : 'target/testgen_testRelocation-23/foo/bar/io/vertx/test/codegen/testapi/VertxGenClass1_Other.java'
ERROR Parse error at line 1 column 0: Syntax error on token "should_not_be_compiled", delete this token
ERROR Unable to parse source file : 'target/testgen_testRelocation-23/foo/bar/io/vertx/test/codegen/testapi/MethodWithValidVertxGenParams_Other.java'
ERROR Parse error at line 1 column 0: Syntax error on token "should_not_be_compiled", delete this token
ERROR Unable to parse source file : 'target/testgen_testRelocation-23/foo/bar/io/vertx/test/codegen/testapi/VertxGenClass2_Other.java'
ERROR Parse error at line 1 column 0: Syntax error on token "should_not_be_compiled", delete this token
ERROR Unable to parse source file : 'target/testgen_testRelocation-22/foo/bar/io/vertx/test/codegen/testapi/VertxGenClass1_Other.java'
ERROR Parse error at line 1 column 0: Syntax error on token "should_not_be_compiled", delete this token
ERROR Unable to parse source file : 'target/testgen_testRelocation-22/foo/bar/io/vertx/test/codegen/testapi/MethodWithValidVertxGenParams_Other.java'
ERROR Parse error at line 1 column 0: Syntax error on token "should_not_be_compiled", delete this token
ERROR Unable to parse source file : 'target/testgen_testRelocation-22/foo/bar/io/vertx/test/codegen/testapi/VertxGenClass2_Other.java'
ERROR Parse error at line 1 column 0: Syntax error on token "should_not_be_compiled", delete this token
ERROR Unable to parse source file : 'target/testgen_testRelocation-16/foo/bar/io/vertx/test/codegen/testapi/VertxGenClass1_Other.java'
ERROR Parse error at line 1 column 0: Syntax error on token "should_not_be_compiled", delete this token
ERROR Unable to parse source file : 'target/testgen_testRelocation-16/foo/bar/io/vertx/test/codegen/testapi/MethodWithValidVertxGenParams_Other.java'
ERROR Parse error at line 1 column 0: Syntax error on token "should_not_be_compiled", delete this token
ERROR Unable to parse source file : 'target/testgen_testRelocation-16/foo/bar/io/vertx/test/codegen/testapi/VertxGenClass2_Other.java'
ERROR Parse error at line 1 column 0: Syntax error on token "should_not_be_compiled", delete this token
ERROR Unable to parse source file : 'target/testgen_testRelocation-21/foo/bar/io/vertx/test/codegen/testapi/VertxGenClass1_Other.java'
ERROR Parse error at line 1 column 0: Syntax error on token "should_not_be_compiled", delete this token
ERROR Unable to parse source file : 'target/testgen_testRelocation-21/foo/bar/io/vertx/test/codegen/testapi/MethodWithValidVertxGenParams_Other.java'
ERROR Parse error at line 1 column 0: Syntax error on token "should_not_be_compiled", delete this token
ERROR Unable to parse source file : 'target/testgen_testRelocation-21/foo/bar/io/vertx/test/codegen/testapi/VertxGenClass2_Other.java'
ERROR Parse error at line 1 column 0: Syntax error on token "should_not_be_compiled", delete this token
ERROR Unable to parse source file : 'target/testgen_testRelocation-18/foo/bar/io/vertx/test/codegen/testapi/VertxGenClass1_Other.java'
ERROR Parse error at line 1 column 0: Syntax error on token "should_not_be_compiled", delete this token
ERROR Unable to parse source file : 'target/testgen_testRelocation-18/foo/bar/io/vertx/test/codegen/testapi/MethodWithValidVertxGenParams_Other.java'
ERROR Parse error at line 1 column 0: Syntax error on token "should_not_be_compiled", delete this token
ERROR Unable to parse source file : 'target/testgen_testRelocation-18/foo/bar/io/vertx/test/codegen/testapi/VertxGenClass2_Other.java'
ERROR Parse error at line 1 column 0: Syntax error on token "should_not_be_compiled", delete this token
ERROR Unable to parse source file : 'target/testgen_testRelocation-10/foo/bar/io/vertx/test/codegen/testapi/VertxGenClass1_Other.java'
ERROR Parse error at line 1 column 0: Syntax error on token "should_not_be_compiled", delete this token
ERROR Unable to parse source file : 'target/testgen_testRelocation-10/foo/bar/io/vertx/test/codegen/testapi/MethodWithValidVertxGenParams_Other.java'
ERROR Parse error at line 1 column 0: Syntax error on token "should_not_be_compiled", delete this token
ERROR Unable to parse source file : 'target/testgen_testRelocation-10/foo/bar/io/vertx/test/codegen/testapi/VertxGenClass2_Other.java'
ERROR Parse error at line 1 column 0: Syntax error on token "should_not_be_compiled", delete this token
ERROR Unable to parse source file : 'target/testgen_testRelocation-14/foo/bar/io/vertx/test/codegen/testapi/VertxGenClass1_Other.java'
ERROR Parse error at line 1 column 0: Syntax error on token "should_not_be_compiled", delete this token
ERROR Unable to parse source file : 'target/testgen_testRelocation-14/foo/bar/io/vertx/test/codegen/testapi/MethodWithValidVertxGenParams_Other.java'
ERROR Parse error at line 1 column 0: Syntax error on token "should_not_be_compiled", delete this token
ERROR Unable to parse source file : 'target/testgen_testRelocation-14/foo/bar/io/vertx/test/codegen/testapi/VertxGenClass2_Other.java'
ERROR Parse error at line 1 column 0: Syntax error on token "should_not_be_compiled", delete this token
ERROR Unable to parse source file : 'target/testgen_testRelocation-17/foo/bar/io/vertx/test/codegen/testapi/VertxGenClass1_Other.java'
ERROR Parse error at line 1 column 0: Syntax error on token "should_not_be_compiled", delete this token
ERROR Unable to parse source file : 'target/testgen_testRelocation-17/foo/bar/io/vertx/test/codegen/testapi/MethodWithValidVertxGenParams_Other.java'
ERROR Parse error at line 1 column 0: Syntax error on token "should_not_be_compiled", delete this token
ERROR Unable to parse source file : 'target/testgen_testRelocation-17/foo/bar/io/vertx/test/codegen/testapi/VertxGenClass2_Other.java'
ERROR Parse error at line 1 column 0: Syntax error on token "should_not_be_compiled", delete this token
ERROR Unable to parse source file : 'target/testgen_testRelocation-7/foo/bar/io/vertx/test/codegen/testapi/VertxGenClass1_Other.java'
ERROR Parse error at line 1 column 0: Syntax error on token "should_not_be_compiled", delete this token
ERROR Unable to parse source file : 'target/testgen_testRelocation-7/foo/bar/io/vertx/test/codegen/testapi/MethodWithValidVertxGenParams_Other.java'
ERROR Parse error at line 1 column 0: Syntax error on token "should_not_be_compiled", delete this token
ERROR Unable to parse source file : 'target/testgen_testRelocation-7/foo/bar/io/vertx/test/codegen/testapi/VertxGenClass2_Other.java'
ERROR Parse error at line 1 column 0: Syntax error on token "should_not_be_compiled", delete this token
ERROR Unable to parse source file : 'target/testgen_testRelocation-12/foo/bar/io/vertx/test/codegen/testapi/VertxGenClass1_Other.java'
ERROR Parse error at line 1 column 0: Syntax error on token "should_not_be_compiled", delete this token
ERROR Unable to parse source file : 'target/testgen_testRelocation-12/foo/bar/io/vertx/test/codegen/testapi/MethodWithValidVertxGenParams_Other.java'
ERROR Parse error at line 1 column 0: Syntax error on token "should_not_be_compiled", delete this token
ERROR Unable to parse source file : 'target/testgen_testRelocation-12/foo/bar/io/vertx/test/codegen/testapi/VertxGenClass2_Other.java'
ERROR Parse error at line 1 column 0: Syntax error on token "should_not_be_compiled", delete this token
ERROR Unable to parse source file : 'target/testgen_testRelocation-4/foo/bar/io/vertx/test/codegen/testapi/VertxGenClass1_Other.java'
ERROR Parse error at line 1 column 0: Syntax error on token "should_not_be_compiled", delete this token
ERROR Unable to parse source file : 'target/testgen_testRelocation-4/foo/bar/io/vertx/test/codegen/testapi/MethodWithValidVertxGenParams_Other.java'
ERROR Parse error at line 1 column 0: Syntax error on token "should_not_be_compiled", delete this token
ERROR Unable to parse source file : 'target/testgen_testRelocation-4/foo/bar/io/vertx/test/codegen/testapi/VertxGenClass2_Other.java'
ERROR Parse error at line 1 column 0: Syntax error on token "should_not_be_compiled", delete this token
ERROR Unable to parse source file : 'target/testgen_testRelocation-13/foo/bar/io/vertx/test/codegen/testapi/VertxGenClass1_Other.java'
ERROR Parse error at line 1 column 0: Syntax error on token "should_not_be_compiled", delete this token
ERROR Unable to parse source file : 'target/testgen_testRelocation-13/foo/bar/io/vertx/test/codegen/testapi/MethodWithValidVertxGenParams_Other.java'
ERROR Parse error at line 1 column 0: Syntax error on token "should_not_be_compiled", delete this token
ERROR Unable to parse source file : 'target/testgen_testRelocation-13/foo/bar/io/vertx/test/codegen/testapi/VertxGenClass2_Other.java'
ERROR Parse error at line 1 column 0: Syntax error on token "should_not_be_compiled", delete this token
ERROR Unable to parse source file : 'target/testgen_testRelocation-8/foo/bar/io/vertx/test/codegen/testapi/VertxGenClass1_Other.java'
ERROR Parse error at line 1 column 0: Syntax error on token "should_not_be_compiled", delete this token
ERROR Unable to parse source file : 'target/testgen_testRelocation-8/foo/bar/io/vertx/test/codegen/testapi/MethodWithValidVertxGenParams_Other.java'
ERROR Parse error at line 1 column 0: Syntax error on token "should_not_be_compiled", delete this token
ERROR Unable to parse source file : 'target/testgen_testRelocation-8/foo/bar/io/vertx/test/codegen/testapi/VertxGenClass2_Other.java'
ERROR Parse error at line 1 column 0: Syntax error on token "should_not_be_compiled", delete this token
ERROR Unable to parse source file : 'target/testgen_testRelocation-3/foo/bar/io/vertx/test/codegen/testapi/VertxGenClass1_Other.java'
ERROR Parse error at line 1 column 0: Syntax error on token "should_not_be_compiled", delete this token
ERROR Unable to parse source file : 'target/testgen_testRelocation-3/foo/bar/io/vertx/test/codegen/testapi/MethodWithValidVertxGenParams_Other.java'
ERROR Parse error at line 1 column 0: Syntax error on token "should_not_be_compiled", delete this token
ERROR Unable to parse source file : 'target/testgen_testRelocation-3/foo/bar/io/vertx/test/codegen/testapi/VertxGenClass2_Other.java'
ERROR Parse error at line 1 column 0: Syntax error on token "should_not_be_compiled", delete this token
ERROR Unable to parse source file : 'target/testgen_testRelocation-9/foo/bar/io/vertx/test/codegen/testapi/VertxGenClass1_Other.java'
ERROR Parse error at line 1 column 0: Syntax error on token "should_not_be_compiled", delete this token
ERROR Unable to parse source file : 'target/testgen_testRelocation-9/foo/bar/io/vertx/test/codegen/testapi/MethodWithValidVertxGenParams_Other.java'
ERROR Parse error at line 1 column 0: Syntax error on token "should_not_be_compiled", delete this token
ERROR Unable to parse source file : 'target/testgen_testRelocation-9/foo/bar/io/vertx/test/codegen/testapi/VertxGenClass2_Other.java'
ERROR Parse error at line 1 column 0: Syntax error on token "should_not_be_compiled", delete this token
ERROR Unable to parse source file : 'target/testgen_testRelocation-26/foo/bar/io/vertx/test/codegen/testapi/VertxGenClass1_Other.java'
ERROR Parse error at line 1 column 0: Syntax error on token "should_not_be_compiled", delete this token
ERROR Unable to parse source file : 'target/testgen_testRelocation-26/foo/bar/io/vertx/test/codegen/testapi/MethodWithValidVertxGenParams_Other.java'
ERROR Parse error at line 1 column 0: Syntax error on token "should_not_be_compiled", delete this token
ERROR Unable to parse source file : 'target/testgen_testRelocation-26/foo/bar/io/vertx/test/codegen/testapi/VertxGenClass2_Other.java'
ERROR Parse error at line 1 column 0: Syntax error on token "should_not_be_compiled", delete this token
ERROR Unable to parse source file : 'target/testgen_testRelocation-2/foo/bar/io/vertx/test/codegen/testapi/VertxGenClass1_Other.java'
ERROR Parse error at line 1 column 0: Syntax error on token "should_not_be_compiled", delete this token
ERROR Unable to parse source file : 'target/testgen_testRelocation-2/foo/bar/io/vertx/test/codegen/testapi/MethodWithValidVertxGenParams_Other.java'
ERROR Parse error at line 1 column 0: Syntax error on token "should_not_be_compiled", delete this token
ERROR Unable to parse source file : 'target/testgen_testRelocation-2/foo/bar/io/vertx/test/codegen/testapi/VertxGenClass2_Other.java'
ERROR Parse error at line 1 column 0: Syntax error on token "should_not_be_compiled", delete this token
ERROR Unable to parse source file : 'target/testgen_testRelocation-1/foo/bar/io/vertx/test/codegen/testapi/VertxGenClass1_Other.java'
ERROR Parse error at line 1 column 0: Syntax error on token "should_not_be_compiled", delete this token
ERROR Unable to parse source file : 'target/testgen_testRelocation-1/foo/bar/io/vertx/test/codegen/testapi/MethodWithValidVertxGenParams_Other.java'
ERROR Parse error at line 1 column 0: Syntax error on token "should_not_be_compiled", delete this token
ERROR Unable to parse source file : 'target/testgen_testRelocation-1/foo/bar/io/vertx/test/codegen/testapi/VertxGenClass2_Other.java'
ERROR Parse error at line 1 column 0: Syntax error on token "should_not_be_compiled", delete this token
ERROR Unable to parse source file : 'target/testgen_testRelocation-25/foo/bar/io/vertx/test/codegen/testapi/VertxGenClass1_Other.java'
ERROR Parse error at line 1 column 0: Syntax error on token "should_not_be_compiled", delete this token
ERROR Unable to parse source file : 'target/testgen_testRelocation-25/foo/bar/io/vertx/test/codegen/testapi/MethodWithValidVertxGenParams_Other.java'
ERROR Parse error at line 1 column 0: Syntax error on token "should_not_be_compiled", delete this token
ERROR Unable to parse source file : 'target/testgen_testRelocation-25/foo/bar/io/vertx/test/codegen/testapi/VertxGenClass2_Other.java'
ERROR Parse error at line 1 column 0: Syntax error on token "should_not_be_compiled", delete this token
ERROR Unable to parse source file : 'target/testgen_testRelocation-20/foo/bar/io/vertx/test/codegen/testapi/VertxGenClass1_Other.java'
ERROR Parse error at line 1 column 0: Syntax error on token "should_not_be_compiled", delete this token
ERROR Unable to parse source file : 'target/testgen_testRelocation-20/foo/bar/io/vertx/test/codegen/testapi/MethodWithValidVertxGenParams_Other.java'
ERROR Parse error at line 1 column 0: Syntax error on token "should_not_be_compiled", delete this token
ERROR Unable to parse source file : 'target/testgen_testRelocation-20/foo/bar/io/vertx/test/codegen/testapi/VertxGenClass2_Other.java'
ERROR Parse error at line 1 column 0: Syntax error on token "should_not_be_compiled", delete this token
ERROR Unable to parse source file : 'target/testgen_testRelocation-6/foo/bar/io/vertx/test/codegen/testapi/VertxGenClass1_Other.java'
ERROR Parse error at line 1 column 0: Syntax error on token "should_not_be_compiled", delete this token
ERROR Unable to parse source file : 'target/testgen_testRelocation-6/foo/bar/io/vertx/test/codegen/testapi/MethodWithValidVertxGenParams_Other.java'
ERROR Parse error at line 1 column 0: Syntax error on token "should_not_be_compiled", delete this token
ERROR Unable to parse source file : 'target/testgen_testRelocation-6/foo/bar/io/vertx/test/codegen/testapi/VertxGenClass2_Other.java'
ERROR Parse error at line 1 column 0: Syntax error on token "should_not_be_compiled", delete this token
ERROR Unable to parse source file : 'target/testgen_testRelocation-15/foo/bar/io/vertx/test/codegen/testapi/VertxGenClass1_Other.java'
ERROR Parse error at line 1 column 0: Syntax error on token "should_not_be_compiled", delete this token
ERROR Unable to parse source file : 'target/testgen_testRelocation-15/foo/bar/io/vertx/test/codegen/testapi/MethodWithValidVertxGenParams_Other.java'
ERROR Parse error at line 1 column 0: Syntax error on token "should_not_be_compiled", delete this token
ERROR Unable to parse source file : 'target/testgen_testRelocation-15/foo/bar/io/vertx/test/codegen/testapi/VertxGenClass2_Other.java'
ERROR Parse error at line 1 column 0: Syntax error on token "should_not_be_compiled", delete this token
ERROR Unable to parse source file : 'target/testgen_testRelocation-11/foo/bar/io/vertx/test/codegen/testapi/VertxGenClass1_Other.java'
ERROR Parse error at line 1 column 0: Syntax error on token "should_not_be_compiled", delete this token
ERROR Unable to parse source file : 'target/testgen_testRelocation-11/foo/bar/io/vertx/test/codegen/testapi/MethodWithValidVertxGenParams_Other.java'
ERROR Parse error at line 1 column 0: Syntax error on token "should_not_be_compiled", delete this token
ERROR Unable to parse source file : 'target/testgen_testRelocation-11/foo/bar/io/vertx/test/codegen/testapi/VertxGenClass2_Other.java'
ERROR Parse error at line 1 column 0: Syntax error on token "should_not_be_compiled", delete this token
INFO  Java Main Files AST scan (done) | time=3136ms
INFO  713/713 source files have been analyzed
INFO  Java Test Files AST scan
INFO  0 source files to be analyzed
INFO  Java Test Files AST scan (done) | time=2ms
INFO  Java Generated Files AST scan
INFO  0 source files to be analyzed
INFO  0/0 source files have been analyzed
INFO  Java Generated Files AST scan (done) | time=2ms
INFO  0/0 source files have been analyzed
