INFO  JavaClasspath initialization
INFO  JavaClasspath initialization (done) | time=26ms
INFO  JavaTestClasspath initialization
INFO  JavaTestClasspath initialization (done) | time=0ms
INFO  Java Main Files AST scan
INFO  1268 source files to be analyzed
INFO  984/1268 files analyzed, current file: api/src/main/java/edu/cornell/mannlib/vitro/webapp/tboxreasoner/InferenceModelUpdater.java
INFO  1268/1268 source files have been analyzed
INFO  Java Main Files AST scan (done) | time=12216ms
INFO  Java Test Files AST scan
INFO  0 source files to be analyzed
INFO  Java Test Files AST scan (done) | time=0ms
INFO  Java Generated Files AST scan
INFO  0 source files to be analyzed
INFO  0/0 source files have been analyzed
INFO  Java Generated Files AST scan (done) | time=3ms
INFO  0/0 source files have been analyzed
-----Number of fixes------
ToStringReturningNullProcessor: 0
-----End of report------
INFO  JavaClasspath initialization
INFO  JavaClasspath initialization (done) | time=0ms
INFO  JavaTestClasspath initialization
INFO  JavaTestClasspath initialization (done) | time=0ms
INFO  Java Main Files AST scan
INFO  1268 source files to be analyzed
INFO  1268/1268 source files have been analyzed
INFO  Java Main Files AST scan (done) | time=7958ms
INFO  Java Test Files AST scan
INFO  0 source files to be analyzed
INFO  Java Test Files AST scan (done) | time=4ms
INFO  Java Generated Files AST scan
INFO  0 source files to be analyzed
INFO  0/0 source files have been analyzed
INFO  Java Generated Files AST scan (done) | time=1ms
INFO  0/0 source files have been analyzed
