INFO  Configured Java source version (sonar.java.source): 14
INFO  JavaClasspath initialization
INFO  JavaClasspath initialization (done) | time=17ms
INFO  JavaTestClasspath initialization
INFO  JavaTestClasspath initialization (done) | time=0ms
INFO  Java Main Files AST scan
INFO  1268 source files to be analyzed
INFO  157/1268 files analyzed, current file: api/src/main/java/edu/cornell/mannlib/vitro/webapp/ontology/update/ABoxUpdater.java
INFO  425/1268 files analyzed, current file: api/src/main/java/edu/cornell/mannlib/vitro/webapp/controller/freemarker/ShowClassHierarchyController.java
INFO  620/1268 files analyzed, current file: api/src/main/java/edu/cornell/mannlib/vitro/webapp/i18n/selection/LocaleSelectorUtilities.java
INFO  841/1268 files analyzed, current file: api/src/main/java/edu/cornell/mannlib/vitro/webapp/edit/n3editing/VTwo/fields/IndividualsViaObjectPropertyByRankOptions.java
INFO  1011/1268 files analyzed, current file: api/src/main/java/edu/cornell/mannlib/vitro/webapp/modules/fileStorage/FileAlreadyExistsException.java
INFO  1267/1268 files analyzed, current file: api/src/main/java/edu/cornell/mannlib/vitro/webapp/controller/json/GetEntitiesByVClassContinuation.java
INFO  1268/1268 source files have been analyzed
INFO  Java Main Files AST scan (done) | time=60017ms
INFO  Java Test Files AST scan
INFO  0 source files to be analyzed
INFO  Java Test Files AST scan (done) | time=0ms
INFO  Java Generated Files AST scan
INFO  0/0 source files have been analyzed
INFO  0 source files to be analyzed
INFO  Java Generated Files AST scan (done) | time=1ms
INFO  0/0 source files have been analyzed
-----Number of fixes------
UnclosedResourcesProcessor: 13
-----End of report------
INFO  Configured Java source version (sonar.java.source): 14
INFO  JavaClasspath initialization
INFO  JavaClasspath initialization (done) | time=0ms
INFO  JavaTestClasspath initialization
INFO  JavaTestClasspath initialization (done) | time=0ms
INFO  Java Main Files AST scan
INFO  1268 source files to be analyzed
INFO  317/1268 files analyzed, current file: api/src/main/java/edu/cornell/mannlib/vitro/webapp/web/templatemodels/edit/EditConfigurationTemplateModel.java
INFO  558/1268 files analyzed, current file: api/src/main/java/edu/cornell/mannlib/vitro/webapp/auth/policy/PolicyHelper.java
INFO  829/1268 files analyzed, current file: api/src/main/java/edu/cornell/mannlib/vitro/webapp/dao/jena/ObjectPropertyDaoJena.java
INFO  990/1268 files analyzed, current file: api/src/main/java/edu/cornell/mannlib/vedit/util/FormUtils.java
INFO  1245/1268 files analyzed, current file: api/src/main/java/edu/cornell/mannlib/vitro/webapp/dao/jena/PropertyGroupDaoJena.java
INFO  Java Main Files AST scan (done) | time=50534ms
INFO  Java Test Files AST scan
INFO  1268/1268 source files have been analyzed
INFO  0 source files to be analyzed
INFO  Java Test Files AST scan (done) | time=1ms
INFO  Java Generated Files AST scan
INFO  0 source files to be analyzed
INFO  0/0 source files have been analyzed
INFO  Java Generated Files AST scan (done) | time=0ms
INFO  0/0 source files have been analyzed
