INFO  JavaClasspath initialization
INFO  JavaClasspath initialization (done) | time=26ms
INFO  JavaTestClasspath initialization
INFO  JavaTestClasspath initialization (done) | time=0ms
INFO  Java Main Files AST scan
INFO  235 source files to be analyzed
INFO  87/235 files analyzed, current file: detour/src/main/java/org/recast4j/detour/io/NavMeshParamWriter.java
INFO  146/235 files analyzed, current file: recast-demo/src/main/java/org/recast4j/demo/draw/NavMeshRenderer.java
INFO  235/235 source files have been analyzed
INFO  Java Main Files AST scan (done) | time=25951ms
INFO  Java Test Files AST scan
INFO  0 source files to be analyzed
INFO  Java Test Files AST scan (done) | time=0ms
INFO  0/0 source files have been analyzed
INFO  Java Generated Files AST scan
INFO  0 source files to be analyzed
INFO  Java Generated Files AST scan (done) | time=1ms
INFO  0/0 source files have been analyzed
-----Number of fixes------
UnclosedResourcesProcessor: 3
-----End of report------
INFO  JavaClasspath initialization
INFO  JavaClasspath initialization (done) | time=0ms
INFO  JavaTestClasspath initialization
INFO  JavaTestClasspath initialization (done) | time=1ms
INFO  Java Main Files AST scan
INFO  235 source files to be analyzed
INFO  125/235 files analyzed, current file: recast/src/main/java/org/recast4j/recast/RecastRegion.java
INFO  192/235 files analyzed, current file: detourcrowd/src/main/java/org/recast4j/detour/crowd/ObstacleAvoidanceQuery.java
INFO  Java Main Files AST scan (done) | time=21136ms
INFO  Java Test Files AST scan
INFO  235/235 source files have been analyzed
INFO  0 source files to be analyzed
INFO  Java Test Files AST scan (done) | time=0ms
INFO  Java Generated Files AST scan
INFO  0 source files to be analyzed
INFO  Java Generated Files AST scan (done) | time=0ms
INFO  0/0 source files have been analyzed
INFO  0/0 source files have been analyzed
