SLF4J: Failed to load class "org.slf4j.impl.StaticLoggerBinder".
SLF4J: Defaulting to no-operation (NOP) logger implementation
SLF4J: See http://www.slf4j.org/codes.html#StaticLoggerBinder for further details.
spoon.SpoonException: Cannot compute access path to type: org.lwjgl.glfw.GLFW$GLFW_VISIBLE in context of type: org.recast4j.demo.RecastDemo
	at spoon.support.reflect.reference.CtTypeReferenceImpl.getAccessType(CtTypeReferenceImpl.java:722)
	at spoon.reflect.visitor.ImportAnalyzer$ScannerListener.enter(ImportAnalyzer.java:136)
	at spoon.reflect.visitor.EarlyTerminatingScanner.scan(EarlyTerminatingScanner.java:124)
	at spoon.reflect.visitor.CtScanner.scan(CtScanner.java:170)
	at spoon.reflect.visitor.EarlyTerminatingScanner.scan(EarlyTerminatingScanner.java:106)
	at spoon.reflect.visitor.CtScanner.visitCtTypeReference(CtScanner.java:790)
	at spoon.support.reflect.reference.CtTypeReferenceImpl.accept(CtTypeReferenceImpl.java:75)
	at spoon.reflect.visitor.EarlyTerminatingScanner.doScan(EarlyTerminatingScanner.java:145)
	at spoon.reflect.visitor.EarlyTerminatingScanner.scan(EarlyTerminatingScanner.java:127)
	at spoon.reflect.visitor.CtScanner.scan(CtScanner.java:170)
	at spoon.reflect.visitor.EarlyTerminatingScanner.scan(EarlyTerminatingScanner.java:106)
	at spoon.reflect.visitor.CtScanner.visitCtTypeAccess(CtScanner.java:802)
	at spoon.support.reflect.code.CtTypeAccessImpl.accept(CtTypeAccessImpl.java:28)
	at spoon.reflect.visitor.EarlyTerminatingScanner.doScan(EarlyTerminatingScanner.java:145)
	at spoon.reflect.visitor.EarlyTerminatingScanner.scan(EarlyTerminatingScanner.java:127)
	at spoon.reflect.visitor.CtScanner.scan(CtScanner.java:170)
	at spoon.reflect.visitor.EarlyTerminatingScanner.scan(EarlyTerminatingScanner.java:106)
	at spoon.reflect.visitor.EarlyTerminatingScanner.scan(EarlyTerminatingScanner.java:83)
	at spoon.reflect.visitor.CtScanner.visitCtInvocation(CtScanner.java:505)
	at spoon.support.reflect.code.CtInvocationImpl.accept(CtInvocationImpl.java:46)
	at spoon.reflect.visitor.EarlyTerminatingScanner.doScan(EarlyTerminatingScanner.java:145)
	at spoon.reflect.visitor.EarlyTerminatingScanner.scan(EarlyTerminatingScanner.java:127)
	at spoon.reflect.visitor.CtScanner.scan(CtScanner.java:170)
	at spoon.reflect.visitor.EarlyTerminatingScanner.scan(EarlyTerminatingScanner.java:106)
	at spoon.reflect.visitor.EarlyTerminatingScanner.scan(EarlyTerminatingScanner.java:83)
	at spoon.reflect.visitor.CtScanner.visitCtBlock(CtScanner.java:300)
	at spoon.support.reflect.code.CtBlockImpl.accept(CtBlockImpl.java:58)
	at spoon.reflect.visitor.EarlyTerminatingScanner.doScan(EarlyTerminatingScanner.java:145)
	at spoon.reflect.visitor.EarlyTerminatingScanner.scan(EarlyTerminatingScanner.java:127)
	at spoon.reflect.visitor.CtScanner.scan(CtScanner.java:170)
	at spoon.reflect.visitor.EarlyTerminatingScanner.scan(EarlyTerminatingScanner.java:106)
	at spoon.reflect.visitor.CtScanner.visitCtMethod(CtScanner.java:566)
	at spoon.support.reflect.declaration.CtMethodImpl.accept(CtMethodImpl.java:58)
	at spoon.reflect.visitor.EarlyTerminatingScanner.doScan(EarlyTerminatingScanner.java:145)
	at spoon.reflect.visitor.EarlyTerminatingScanner.scan(EarlyTerminatingScanner.java:127)
	at spoon.reflect.visitor.CtScanner.scan(CtScanner.java:170)
	at spoon.reflect.visitor.EarlyTerminatingScanner.scan(EarlyTerminatingScanner.java:106)
	at spoon.reflect.visitor.EarlyTerminatingScanner.scan(EarlyTerminatingScanner.java:83)
	at spoon.reflect.visitor.CtScanner.visitCtClass(CtScanner.java:336)
	at spoon.support.reflect.declaration.CtClassImpl.accept(CtClassImpl.java:58)
	at spoon.reflect.visitor.EarlyTerminatingScanner.doScan(EarlyTerminatingScanner.java:145)
	at spoon.reflect.visitor.EarlyTerminatingScanner.scan(EarlyTerminatingScanner.java:127)
	at spoon.reflect.visitor.ImportAnalyzer.process(ImportAnalyzer.java:67)
	at spoon.reflect.visitor.ImportAnalyzer.process(ImportAnalyzer.java:47)
	at spoon.reflect.visitor.ForceImportProcessor.process(ForceImportProcessor.java:23)
	at spoon.reflect.visitor.DefaultJavaPrettyPrinter.applyPreProcessors(DefaultJavaPrettyPrinter.java:2007)
	at spoon.reflect.visitor.DefaultJavaPrettyPrinter.calculate(DefaultJavaPrettyPrinter.java:2064)
	at spoon.support.sniper.SniperJavaPrettyPrinter.lambda$calculate$4(SniperJavaPrettyPrinter.java:154)
	at spoon.support.sniper.SniperJavaPrettyPrinter.runInContext(SniperJavaPrettyPrinter.java:422)
	at spoon.support.sniper.SniperJavaPrettyPrinter.calculate(SniperJavaPrettyPrinter.java:149)
	at spoon.support.sniper.SniperJavaPrettyPrinter.printTypes(SniperJavaPrettyPrinter.java:122)
	at sorald.Repair.lambda$writeCompilationUnit$12(Repair.java:331)
	at java.base/java.util.Optional.ifPresent(Optional.java:183)
	at sorald.Repair.writeCompilationUnit(Repair.java:318)
	at sorald.Repair.lambda$writeModel$10(Repair.java:306)
	at java.base/java.lang.Iterable.forEach(Iterable.java:75)
	at java.base/java.util.Collections$SetFromMap.forEach(Collections.java:5581)
	at sorald.Repair.writeModel(Repair.java:306)
	at sorald.Repair.lambda$repair$0(Repair.java:99)
	at java.base/java.util.stream.Streams$StreamBuilderImpl.forEachRemaining(Streams.java:411)
	at java.base/java.util.stream.ReferencePipeline$Head.forEach(ReferencePipeline.java:658)
	at sorald.Repair.repair(Repair.java:99)
	at sorald.cli.RepairCommand.call(RepairCommand.java:123)
	at sorald.cli.RepairCommand.call(RepairCommand.java:27)
	at picocli.CommandLine.executeUserObject(CommandLine.java:1933)
	at picocli.CommandLine.access$1200(CommandLine.java:145)
	at picocli.CommandLine$RunLast.executeUserObjectOfLastSubcommandWithSameParent(CommandLine.java:2332)
	at picocli.CommandLine$RunLast.handle(CommandLine.java:2326)
	at picocli.CommandLine$RunLast.handle(CommandLine.java:2291)
	at picocli.CommandLine$AbstractParseResultHandler.execute(CommandLine.java:2159)
	at picocli.CommandLine.execute(CommandLine.java:2058)
	at sorald.Main.main(Main.java:7)
