INFO  JavaClasspath initialization
INFO  JavaClasspath initialization (done) | time=26ms
INFO  JavaTestClasspath initialization
INFO  JavaTestClasspath initialization (done) | time=0ms
INFO  Java Main Files AST scan
INFO  1533 source files to be analyzed
INFO  503/1533 files analyzed, current file: src/main/java/cn/nukkit/command/defaults/HelpCommand.java
INFO  862/1533 files analyzed, current file: src/main/java/cn/nukkit/level/generator/object/tree/ObjectDarkOakTree.java
INFO  1408/1533 files analyzed, current file: src/main/java/cn/nukkit/block/BlockFarmland.java
INFO  1533/1533 source files have been analyzed
INFO  Java Main Files AST scan (done) | time=32193ms
INFO  Java Test Files AST scan
INFO  0 source files to be analyzed
INFO  Java Test Files AST scan (done) | time=0ms
INFO  Java Generated Files AST scan
INFO  0 source files to be analyzed
INFO  Java Generated Files AST scan (done) | time=0ms
INFO  0/0 source files have been analyzed
INFO  0/0 source files have been analyzed
-----Number of fixes------
UnclosedResourcesProcessor: 3
-----End of report------
INFO  JavaClasspath initialization
INFO  JavaClasspath initialization (done) | time=1ms
INFO  JavaTestClasspath initialization
INFO  JavaTestClasspath initialization (done) | time=0ms
INFO  Java Main Files AST scan
INFO  1533 source files to be analyzed
INFO  704/1533 files analyzed, current file: src/main/java/cn/nukkit/entity/mob/EntityCaveSpider.java
INFO  1101/1533 files analyzed, current file: src/main/java/cn/nukkit/network/protocol/MovePlayerPacket.java
INFO  Java Main Files AST scan (done) | time=25399ms
INFO  Java Test Files AST scan
INFO  1533/1533 source files have been analyzed
INFO  0 source files to be analyzed
INFO  Java Test Files AST scan (done) | time=1ms
INFO  Java Generated Files AST scan
INFO  0 source files to be analyzed
INFO  0/0 source files have been analyzed
INFO  Java Generated Files AST scan (done) | time=0ms
INFO  0/0 source files have been analyzed
