INFO  JavaClasspath initialization
INFO  JavaClasspath initialization (done) | time=26ms
INFO  JavaTestClasspath initialization
INFO  JavaTestClasspath initialization (done) | time=1ms
INFO  Java Main Files AST scan
INFO  285 source files to be analyzed
INFO  216/285 files analyzed, current file: MSGViewer/src/main/java/net/sourceforge/MSGViewer/PrepareImages.java
INFO  285/285 source files have been analyzed
INFO  Java Main Files AST scan (done) | time=12460ms
INFO  Java Test Files AST scan
INFO  0 source files to be analyzed
INFO  Java Test Files AST scan (done) | time=0ms
INFO  Java Generated Files AST scan
INFO  0/0 source files have been analyzed
INFO  0 source files to be analyzed
INFO  Java Generated Files AST scan (done) | time=1ms
INFO  0/0 source files have been analyzed
-----Number of fixes------
UnclosedResourcesProcessor: 23
-----End of report------
INFO  JavaClasspath initialization
INFO  JavaClasspath initialization (done) | time=1ms
INFO  JavaTestClasspath initialization
INFO  JavaTestClasspath initialization (done) | time=0ms
INFO  Java Main Files AST scan
INFO  285 source files to be analyzed
ERROR Unable to parse source file : 'FrameWorkMinimized/src/main/java/at/redeye/FrameWork/utilities/DownloadUrl.java'
ERROR Parse error at line 135 column 101: Syntax error on token ")", Block expected after this token
INFO  Java Main Files AST scan (done) | time=8410ms
INFO  Java Test Files AST scan
INFO  285/285 source files have been analyzed
INFO  0 source files to be analyzed
INFO  Java Test Files AST scan (done) | time=0ms
INFO  Java Generated Files AST scan
INFO  0/0 source files have been analyzed
INFO  0 source files to be analyzed
INFO  Java Generated Files AST scan (done) | time=1ms
INFO  0/0 source files have been analyzed
