INFO  JavaClasspath initialization
INFO  JavaClasspath initialization (done) | time=25ms
INFO  JavaTestClasspath initialization
INFO  JavaTestClasspath initialization (done) | time=0ms
INFO  Java Main Files AST scan
INFO  1855 source files to be analyzed
INFO  417/1855 files analyzed, current file: tetrad-gui/src/main/java/edu/cmu/tetradapp/workbench/ErrorDisplayComp.java
INFO  1597/1855 files analyzed, current file: tetrad-lib/src/main/java/edu/cmu/tetrad/search/Fges.java
INFO  1855/1855 source files have been analyzed
INFO  Java Main Files AST scan (done) | time=23834ms
INFO  Java Test Files AST scan
INFO  0 source files to be analyzed
INFO  Java Test Files AST scan (done) | time=0ms
INFO  Java Generated Files AST scan
INFO  0 source files to be analyzed
INFO  Java Generated Files AST scan (done) | time=0ms
INFO  0/0 source files have been analyzed
INFO  0/0 source files have been analyzed
-----Number of fixes------
ThreadRunProcessor: 0
-----End of report------
INFO  JavaClasspath initialization
INFO  JavaClasspath initialization (done) | time=0ms
INFO  JavaTestClasspath initialization
INFO  JavaTestClasspath initialization (done) | time=0ms
INFO  Java Main Files AST scan
INFO  1855 source files to be analyzed
INFO  1135/1855 files analyzed, current file: tetrad-lib/src/main/java/edu/cmu/tetrad/gene/tetrad/gene/algorithm/urchin/RevealSearch.java
INFO  Java Main Files AST scan (done) | time=16434ms
INFO  1855/1855 source files have been analyzed
INFO  Java Test Files AST scan
INFO  0 source files to be analyzed
INFO  Java Test Files AST scan (done) | time=1ms
INFO  Java Generated Files AST scan
INFO  0 source files to be analyzed
INFO  0/0 source files have been analyzed
INFO  0/0 source files have been analyzed
INFO  Java Generated Files AST scan (done) | time=1ms
