INFO  Configured Java source version (sonar.java.source): 14
INFO  JavaClasspath initialization
INFO  JavaClasspath initialization (done) | time=17ms
INFO  JavaTestClasspath initialization
INFO  JavaTestClasspath initialization (done) | time=0ms
INFO  Java Main Files AST scan
INFO  1855 source files to be analyzed
INFO  620/1855 files analyzed, current file: tetrad-lib/src/main/java/edu/cmu/tetrad/data/DataUtils.java
INFO  1592/1855 files analyzed, current file: tetrad-lib/src/main/java/edu/cmu/tetrad/search/IndTestIndependenceFacts.java
INFO  1855/1855 source files have been analyzed
INFO  Java Main Files AST scan (done) | time=22196ms
INFO  Java Test Files AST scan
INFO  0 source files to be analyzed
INFO  Java Test Files AST scan (done) | time=2ms
INFO  Java Generated Files AST scan
INFO  0 source files to be analyzed
INFO  0/0 source files have been analyzed
INFO  0/0 source files have been analyzed
INFO  Java Generated Files AST scan (done) | time=2ms
-----Number of fixes------
ArrayHashCodeAndToStringProcessor: 0
-----End of report------
INFO  Configured Java source version (sonar.java.source): 14
INFO  JavaClasspath initialization
INFO  JavaClasspath initialization (done) | time=0ms
INFO  JavaTestClasspath initialization
INFO  JavaTestClasspath initialization (done) | time=0ms
INFO  Java Main Files AST scan
INFO  1855 source files to be analyzed
INFO  1016/1855 files analyzed, current file: tetrad-gui/src/main/java/edu/cmu/tetradapp/editor/BayesUpdaterClassifierEditor.java
INFO  Java Main Files AST scan (done) | time=16490ms
INFO  1855/1855 source files have been analyzed
INFO  Java Test Files AST scan
INFO  0 source files to be analyzed
INFO  0/0 source files have been analyzed
INFO  Java Test Files AST scan (done) | time=2ms
INFO  Java Generated Files AST scan
INFO  0 source files to be analyzed
INFO  Java Generated Files AST scan (done) | time=0ms
INFO  0/0 source files have been analyzed
