INFO  Configured Java source version (sonar.java.source): 14
INFO  JavaClasspath initialization
INFO  JavaClasspath initialization (done) | time=17ms
INFO  JavaTestClasspath initialization
INFO  JavaTestClasspath initialization (done) | time=0ms
INFO  Java Main Files AST scan
INFO  1855 source files to be analyzed
INFO  617/1855 files analyzed, current file: tetrad-lib/src/main/java/edu/cmu/tetrad/search/FindOneFactorClusters.java
INFO  1628/1855 files analyzed, current file: tetrad-gui/src/main/java/edu/cmu/tetradapp/editor/BayesPmEditorWizard.java
INFO  1855/1855 source files have been analyzed
INFO  Java Main Files AST scan (done) | time=21840ms
INFO  Java Test Files AST scan
INFO  0 source files to be analyzed
INFO  Java Test Files AST scan (done) | time=2ms
INFO  0/0 source files have been analyzed
INFO  Java Generated Files AST scan
INFO  0 source files to be analyzed
INFO  Java Generated Files AST scan (done) | time=0ms
INFO  0/0 source files have been analyzed
-----Number of fixes------
IteratorNextExceptionProcessor: 4
-----End of report------
INFO  Configured Java source version (sonar.java.source): 14
INFO  JavaClasspath initialization
INFO  JavaClasspath initialization (done) | time=0ms
INFO  JavaTestClasspath initialization
INFO  JavaTestClasspath initialization (done) | time=0ms
INFO  Java Main Files AST scan
INFO  1855 source files to be analyzed
INFO  1040/1855 files analyzed, current file: tetrad-lib/src/main/java/edu/cmu/tetrad/search/TsFges2.java
INFO  Java Main Files AST scan (done) | time=16317ms
INFO  1855/1855 source files have been analyzed
INFO  Java Test Files AST scan
INFO  0 source files to be analyzed
INFO  Java Test Files AST scan (done) | time=1ms
INFO  Java Generated Files AST scan
INFO  0/0 source files have been analyzed
INFO  0 source files to be analyzed
INFO  Java Generated Files AST scan (done) | time=1ms
INFO  0/0 source files have been analyzed
