INFO  Configured Java source version (sonar.java.source): 14
INFO  JavaClasspath initialization
INFO  JavaClasspath initialization (done) | time=18ms
INFO  JavaTestClasspath initialization
INFO  JavaTestClasspath initialization (done) | time=1ms
INFO  Java Main Files AST scan
INFO  1855 source files to be analyzed
INFO  615/1855 files analyzed, current file: tetrad-gui/src/main/java/edu/cmu/tetradapp/editor/datamanip/TimeSeriesParamsEditor.java
INFO  1600/1855 files analyzed, current file: tetrad-gui/src/main/java/edu/cmu/tetradapp/model/SampleVcpcRunner.java
INFO  1855/1855 source files have been analyzed
INFO  Java Main Files AST scan (done) | time=22136ms
INFO  Java Test Files AST scan
INFO  0 source files to be analyzed
INFO  Java Test Files AST scan (done) | time=1ms
INFO  0/0 source files have been analyzed
INFO  Java Generated Files AST scan
INFO  0 source files to be analyzed
INFO  Java Generated Files AST scan (done) | time=1ms
INFO  0/0 source files have been analyzed
-----Number of fixes------
InterruptedExceptionProcessor: 22
-----End of report------
INFO  Configured Java source version (sonar.java.source): 14
INFO  JavaClasspath initialization
INFO  JavaClasspath initialization (done) | time=0ms
INFO  JavaTestClasspath initialization
INFO  JavaTestClasspath initialization (done) | time=0ms
INFO  Java Main Files AST scan
INFO  1855 source files to be analyzed
INFO  1032/1855 files analyzed, current file: tetrad-lib/src/main/java/edu/cmu/tetrad/bayes/BayesUtils.java
INFO  1855/1855 source files have been analyzed
INFO  Java Main Files AST scan (done) | time=16436ms
INFO  Java Test Files AST scan
INFO  0 source files to be analyzed
INFO  Java Test Files AST scan (done) | time=1ms
INFO  0/0 source files have been analyzed
INFO  Java Generated Files AST scan
INFO  0 source files to be analyzed
INFO  Java Generated Files AST scan (done) | time=0ms
INFO  0/0 source files have been analyzed
