INFO  Configured Java source version (sonar.java.source): 14
INFO  JavaClasspath initialization
INFO  JavaClasspath initialization (done) | time=17ms
INFO  JavaTestClasspath initialization
INFO  JavaTestClasspath initialization (done) | time=0ms
INFO  Java Main Files AST scan
INFO  491 source files to be analyzed
INFO  155/491 files analyzed, current file: src/main/java/org/openpnp/gui/importer/rs274x/Rs274xParser.java
INFO  407/491 files analyzed, current file: src/main/java/org/openpnp/vision/pipeline/stages/SimpleBlobDetector.java
INFO  491/491 source files have been analyzed
INFO  Java Main Files AST scan (done) | time=23621ms
INFO  Java Test Files AST scan
INFO  0 source files to be analyzed
INFO  Java Test Files AST scan (done) | time=1ms
INFO  Java Generated Files AST scan
INFO  0 source files to be analyzed
INFO  Java Generated Files AST scan (done) | time=1ms
INFO  0/0 source files have been analyzed
INFO  0/0 source files have been analyzed
-----Number of fixes------
UnclosedResourcesProcessor: 5
-----End of report------
INFO  Configured Java source version (sonar.java.source): 14
INFO  JavaClasspath initialization
INFO  JavaClasspath initialization (done) | time=0ms
INFO  JavaTestClasspath initialization
INFO  JavaTestClasspath initialization (done) | time=0ms
INFO  Java Main Files AST scan
INFO  491 source files to be analyzed
INFO  303/491 files analyzed, current file: src/main/java/org/openpnp/vision/pipeline/stages/FilterRects.java
INFO  Java Main Files AST scan (done) | time=17278ms
INFO  Java Test Files AST scan
INFO  491/491 source files have been analyzed
INFO  0 source files to be analyzed
INFO  Java Test Files AST scan (done) | time=0ms
INFO  0/0 source files have been analyzed
INFO  Java Generated Files AST scan
INFO  0 source files to be analyzed
INFO  Java Generated Files AST scan (done) | time=1ms
INFO  0/0 source files have been analyzed
